CRITICAL - 2023-11-18 11:36:45 --> ini_set(): A session is active. You cannot change the session module's ini settings at this time
in SYSTEMPATH\Session\Handlers\FileHandler.php on line 72.
 1 [internal function]: CodeIgniter\Debug\Exceptions->errorHandler(2, 'ini_set(): A session is active. You cannot change the session module\'s ini settings at this time', 'C:\\laragon\\www\\laminsu-final\\backend\\system\\Session\\Handlers\\FileHandler.php', 72, [...])
 2 SYSTEMPATH\Session\Handlers\FileHandler.php(72): ini_set('session.save_path', 'C:\\laragon\\www\\laminsu-final\\backend\\writable\\session')
 3 SYSTEMPATH\Config\Services.php(686): CodeIgniter\Session\Handlers\FileHandler->__construct(Object(Config\Session), '::1')
 4 SYSTEMPATH\Config\BaseService.php(258): CodeIgniter\Config\Services::session(Object(Config\Session), false)
 5 SYSTEMPATH\Config\BaseService.php(199): CodeIgniter\Config\BaseService::__callStatic('session', [...])
 6 SYSTEMPATH\Config\Services.php(664): CodeIgniter\Config\BaseService::getSharedInstance('session', null)
 7 SYSTEMPATH\Config\BaseService.php(258): CodeIgniter\Config\Services::session()
 8 SYSTEMPATH\Common.php(996): CodeIgniter\Config\BaseService::__callStatic('session', [])
 9 SYSTEMPATH\CodeIgniter.php(1069): session()
10 SYSTEMPATH\CodeIgniter.php(549): CodeIgniter\CodeIgniter->storePreviousURL(Object(CodeIgniter\HTTP\SiteURI))
11 SYSTEMPATH\CodeIgniter.php(361): CodeIgniter\CodeIgniter->handleRequest(null, Object(Config\Cache), false)
12 FCPATH\index.php(88): CodeIgniter\CodeIgniter->run()
13 SYSTEMPATH\Commands\Server\rewrite.php(47): require_once('C:\\laragon\\www\\laminsu-final\\backend\\public\\index.php')
CRITICAL - 2023-11-18 11:37:14 --> ini_set(): A session is active. You cannot change the session module's ini settings at this time
in SYSTEMPATH\Session\Handlers\FileHandler.php on line 72.
 1 [internal function]: CodeIgniter\Debug\Exceptions->errorHandler(2, 'ini_set(): A session is active. You cannot change the session module\'s ini settings at this time', 'C:\\laragon\\www\\laminsu-final\\backend\\system\\Session\\Handlers\\FileHandler.php', 72, [...])
 2 SYSTEMPATH\Session\Handlers\FileHandler.php(72): ini_set('session.save_path', 'C:\\laragon\\www\\laminsu-final\\backend\\writable\\session')
 3 SYSTEMPATH\Config\Services.php(686): CodeIgniter\Session\Handlers\FileHandler->__construct(Object(Config\Session), '::1')
 4 SYSTEMPATH\Config\BaseService.php(258): CodeIgniter\Config\Services::session(Object(Config\Session), false)
 5 SYSTEMPATH\Config\BaseService.php(199): CodeIgniter\Config\BaseService::__callStatic('session', [...])
 6 SYSTEMPATH\Config\Services.php(664): CodeIgniter\Config\BaseService::getSharedInstance('session', null)
 7 SYSTEMPATH\Config\BaseService.php(258): CodeIgniter\Config\Services::session()
 8 SYSTEMPATH\Common.php(996): CodeIgniter\Config\BaseService::__callStatic('session', [])
 9 SYSTEMPATH\CodeIgniter.php(1069): session()
10 SYSTEMPATH\CodeIgniter.php(549): CodeIgniter\CodeIgniter->storePreviousURL(Object(CodeIgniter\HTTP\SiteURI))
11 SYSTEMPATH\CodeIgniter.php(361): CodeIgniter\CodeIgniter->handleRequest(null, Object(Config\Cache), false)
12 FCPATH\index.php(88): CodeIgniter\CodeIgniter->run()
13 SYSTEMPATH\Commands\Server\rewrite.php(47): require_once('C:\\laragon\\www\\laminsu-final\\backend\\public\\index.php')
CRITICAL - 2023-11-18 11:37:21 --> ini_set(): A session is active. You cannot change the session module's ini settings at this time
in SYSTEMPATH\Session\Handlers\FileHandler.php on line 72.
 1 [internal function]: CodeIgniter\Debug\Exceptions->errorHandler(2, 'ini_set(): A session is active. You cannot change the session module\'s ini settings at this time', 'C:\\laragon\\www\\laminsu-final\\backend\\system\\Session\\Handlers\\FileHandler.php', 72, [...])
 2 SYSTEMPATH\Session\Handlers\FileHandler.php(72): ini_set('session.save_path', 'C:\\laragon\\www\\laminsu-final\\backend\\writable\\session')
 3 SYSTEMPATH\Config\Services.php(686): CodeIgniter\Session\Handlers\FileHandler->__construct(Object(Config\Session), '::1')
 4 SYSTEMPATH\Config\BaseService.php(258): CodeIgniter\Config\Services::session(Object(Config\Session), false)
 5 SYSTEMPATH\Config\BaseService.php(199): CodeIgniter\Config\BaseService::__callStatic('session', [...])
 6 SYSTEMPATH\Config\Services.php(664): CodeIgniter\Config\BaseService::getSharedInstance('session', null)
 7 SYSTEMPATH\Config\BaseService.php(258): CodeIgniter\Config\Services::session()
 8 SYSTEMPATH\Common.php(996): CodeIgniter\Config\BaseService::__callStatic('session', [])
 9 SYSTEMPATH\CodeIgniter.php(1069): session()
10 SYSTEMPATH\CodeIgniter.php(549): CodeIgniter\CodeIgniter->storePreviousURL(Object(CodeIgniter\HTTP\SiteURI))
11 SYSTEMPATH\CodeIgniter.php(361): CodeIgniter\CodeIgniter->handleRequest(null, Object(Config\Cache), false)
12 FCPATH\index.php(88): CodeIgniter\CodeIgniter->run()
13 SYSTEMPATH\Commands\Server\rewrite.php(47): require_once('C:\\laragon\\www\\laminsu-final\\backend\\public\\index.php')
CRITICAL - 2023-11-18 12:29:18 --> ini_set(): A session is active. You cannot change the session module's ini settings at this time
in SYSTEMPATH\Session\Handlers\FileHandler.php on line 72.
 1 [internal function]: CodeIgniter\Debug\Exceptions->errorHandler(2, 'ini_set(): A session is active. You cannot change the session module\'s ini settings at this time', 'C:\\laragon\\www\\laminsu-final\\backend\\system\\Session\\Handlers\\FileHandler.php', 72, [...])
 2 SYSTEMPATH\Session\Handlers\FileHandler.php(72): ini_set('session.save_path', 'C:\\laragon\\www\\laminsu-final\\backend\\writable\\session')
 3 SYSTEMPATH\Config\Services.php(686): CodeIgniter\Session\Handlers\FileHandler->__construct(Object(Config\Session), '::1')
 4 SYSTEMPATH\Config\BaseService.php(258): CodeIgniter\Config\Services::session(Object(Config\Session), false)
 5 SYSTEMPATH\Config\BaseService.php(199): CodeIgniter\Config\BaseService::__callStatic('session', [...])
 6 SYSTEMPATH\Config\Services.php(664): CodeIgniter\Config\BaseService::getSharedInstance('session', null)
 7 SYSTEMPATH\Config\BaseService.php(258): CodeIgniter\Config\Services::session()
 8 SYSTEMPATH\Common.php(996): CodeIgniter\Config\BaseService::__callStatic('session', [])
 9 SYSTEMPATH\CodeIgniter.php(1069): session()
10 SYSTEMPATH\CodeIgniter.php(549): CodeIgniter\CodeIgniter->storePreviousURL(Object(CodeIgniter\HTTP\SiteURI))
11 SYSTEMPATH\CodeIgniter.php(361): CodeIgniter\CodeIgniter->handleRequest(null, Object(Config\Cache), false)
12 FCPATH\index.php(88): CodeIgniter\CodeIgniter->run()
13 SYSTEMPATH\Commands\Server\rewrite.php(47): require_once('C:\\laragon\\www\\laminsu-final\\backend\\public\\index.php')
CRITICAL - 2023-11-18 12:29:21 --> ini_set(): A session is active. You cannot change the session module's ini settings at this time
in SYSTEMPATH\Session\Handlers\FileHandler.php on line 72.
 1 [internal function]: CodeIgniter\Debug\Exceptions->errorHandler(2, 'ini_set(): A session is active. You cannot change the session module\'s ini settings at this time', 'C:\\laragon\\www\\laminsu-final\\backend\\system\\Session\\Handlers\\FileHandler.php', 72, [...])
 2 SYSTEMPATH\Session\Handlers\FileHandler.php(72): ini_set('session.save_path', 'C:\\laragon\\www\\laminsu-final\\backend\\writable\\session')
 3 SYSTEMPATH\Config\Services.php(686): CodeIgniter\Session\Handlers\FileHandler->__construct(Object(Config\Session), '::1')
 4 SYSTEMPATH\Config\BaseService.php(258): CodeIgniter\Config\Services::session(Object(Config\Session), false)
 5 SYSTEMPATH\Config\BaseService.php(199): CodeIgniter\Config\BaseService::__callStatic('session', [...])
 6 SYSTEMPATH\Config\Services.php(664): CodeIgniter\Config\BaseService::getSharedInstance('session', null)
 7 SYSTEMPATH\Config\BaseService.php(258): CodeIgniter\Config\Services::session()
 8 SYSTEMPATH\Common.php(996): CodeIgniter\Config\BaseService::__callStatic('session', [])
 9 SYSTEMPATH\CodeIgniter.php(1069): session()
10 SYSTEMPATH\CodeIgniter.php(549): CodeIgniter\CodeIgniter->storePreviousURL(Object(CodeIgniter\HTTP\SiteURI))
11 SYSTEMPATH\CodeIgniter.php(361): CodeIgniter\CodeIgniter->handleRequest(null, Object(Config\Cache), false)
12 FCPATH\index.php(88): CodeIgniter\CodeIgniter->run()
13 SYSTEMPATH\Commands\Server\rewrite.php(47): require_once('C:\\laragon\\www\\laminsu-final\\backend\\public\\index.php')
CRITICAL - 2023-11-18 12:29:21 --> ini_set(): A session is active. You cannot change the session module's ini settings at this time
in SYSTEMPATH\Session\Handlers\FileHandler.php on line 72.
 1 [internal function]: CodeIgniter\Debug\Exceptions->errorHandler(2, 'ini_set(): A session is active. You cannot change the session module\'s ini settings at this time', 'C:\\laragon\\www\\laminsu-final\\backend\\system\\Session\\Handlers\\FileHandler.php', 72, [...])
 2 SYSTEMPATH\Session\Handlers\FileHandler.php(72): ini_set('session.save_path', 'C:\\laragon\\www\\laminsu-final\\backend\\writable\\session')
 3 SYSTEMPATH\Config\Services.php(686): CodeIgniter\Session\Handlers\FileHandler->__construct(Object(Config\Session), '::1')
 4 SYSTEMPATH\Config\BaseService.php(258): CodeIgniter\Config\Services::session(Object(Config\Session), false)
 5 SYSTEMPATH\Config\BaseService.php(199): CodeIgniter\Config\BaseService::__callStatic('session', [...])
 6 SYSTEMPATH\Config\Services.php(664): CodeIgniter\Config\BaseService::getSharedInstance('session', null)
 7 SYSTEMPATH\Config\BaseService.php(258): CodeIgniter\Config\Services::session()
 8 SYSTEMPATH\Common.php(996): CodeIgniter\Config\BaseService::__callStatic('session', [])
 9 SYSTEMPATH\CodeIgniter.php(1069): session()
10 SYSTEMPATH\CodeIgniter.php(549): CodeIgniter\CodeIgniter->storePreviousURL(Object(CodeIgniter\HTTP\SiteURI))
11 SYSTEMPATH\CodeIgniter.php(361): CodeIgniter\CodeIgniter->handleRequest(null, Object(Config\Cache), false)
12 FCPATH\index.php(88): CodeIgniter\CodeIgniter->run()
13 SYSTEMPATH\Commands\Server\rewrite.php(47): require_once('C:\\laragon\\www\\laminsu-final\\backend\\public\\index.php')
CRITICAL - 2023-11-18 12:29:22 --> ini_set(): A session is active. You cannot change the session module's ini settings at this time
in SYSTEMPATH\Session\Handlers\FileHandler.php on line 72.
 1 [internal function]: CodeIgniter\Debug\Exceptions->errorHandler(2, 'ini_set(): A session is active. You cannot change the session module\'s ini settings at this time', 'C:\\laragon\\www\\laminsu-final\\backend\\system\\Session\\Handlers\\FileHandler.php', 72, [...])
 2 SYSTEMPATH\Session\Handlers\FileHandler.php(72): ini_set('session.save_path', 'C:\\laragon\\www\\laminsu-final\\backend\\writable\\session')
 3 SYSTEMPATH\Config\Services.php(686): CodeIgniter\Session\Handlers\FileHandler->__construct(Object(Config\Session), '::1')
 4 SYSTEMPATH\Config\BaseService.php(258): CodeIgniter\Config\Services::session(Object(Config\Session), false)
 5 SYSTEMPATH\Config\BaseService.php(199): CodeIgniter\Config\BaseService::__callStatic('session', [...])
 6 SYSTEMPATH\Config\Services.php(664): CodeIgniter\Config\BaseService::getSharedInstance('session', null)
 7 SYSTEMPATH\Config\BaseService.php(258): CodeIgniter\Config\Services::session()
 8 SYSTEMPATH\Common.php(996): CodeIgniter\Config\BaseService::__callStatic('session', [])
 9 SYSTEMPATH\CodeIgniter.php(1069): session()
10 SYSTEMPATH\CodeIgniter.php(549): CodeIgniter\CodeIgniter->storePreviousURL(Object(CodeIgniter\HTTP\SiteURI))
11 SYSTEMPATH\CodeIgniter.php(361): CodeIgniter\CodeIgniter->handleRequest(null, Object(Config\Cache), false)
12 FCPATH\index.php(88): CodeIgniter\CodeIgniter->run()
13 SYSTEMPATH\Commands\Server\rewrite.php(47): require_once('C:\\laragon\\www\\laminsu-final\\backend\\public\\index.php')
CRITICAL - 2023-11-18 12:29:22 --> ini_set(): A session is active. You cannot change the session module's ini settings at this time
in SYSTEMPATH\Session\Handlers\FileHandler.php on line 72.
 1 [internal function]: CodeIgniter\Debug\Exceptions->errorHandler(2, 'ini_set(): A session is active. You cannot change the session module\'s ini settings at this time', 'C:\\laragon\\www\\laminsu-final\\backend\\system\\Session\\Handlers\\FileHandler.php', 72, [...])
 2 SYSTEMPATH\Session\Handlers\FileHandler.php(72): ini_set('session.save_path', 'C:\\laragon\\www\\laminsu-final\\backend\\writable\\session')
 3 SYSTEMPATH\Config\Services.php(686): CodeIgniter\Session\Handlers\FileHandler->__construct(Object(Config\Session), '::1')
 4 SYSTEMPATH\Config\BaseService.php(258): CodeIgniter\Config\Services::session(Object(Config\Session), false)
 5 SYSTEMPATH\Config\BaseService.php(199): CodeIgniter\Config\BaseService::__callStatic('session', [...])
 6 SYSTEMPATH\Config\Services.php(664): CodeIgniter\Config\BaseService::getSharedInstance('session', null)
 7 SYSTEMPATH\Config\BaseService.php(258): CodeIgniter\Config\Services::session()
 8 SYSTEMPATH\Common.php(996): CodeIgniter\Config\BaseService::__callStatic('session', [])
 9 SYSTEMPATH\CodeIgniter.php(1069): session()
10 SYSTEMPATH\CodeIgniter.php(549): CodeIgniter\CodeIgniter->storePreviousURL(Object(CodeIgniter\HTTP\SiteURI))
11 SYSTEMPATH\CodeIgniter.php(361): CodeIgniter\CodeIgniter->handleRequest(null, Object(Config\Cache), false)
12 FCPATH\index.php(88): CodeIgniter\CodeIgniter->run()
13 SYSTEMPATH\Commands\Server\rewrite.php(47): require_once('C:\\laragon\\www\\laminsu-final\\backend\\public\\index.php')
CRITICAL - 2023-11-18 12:49:24 --> ini_set(): A session is active. You cannot change the session module's ini settings at this time
in SYSTEMPATH\Session\Handlers\FileHandler.php on line 72.
 1 [internal function]: CodeIgniter\Debug\Exceptions->errorHandler(2, 'ini_set(): A session is active. You cannot change the session module\'s ini settings at this time', 'C:\\laragon\\www\\laminsu-final\\backend\\system\\Session\\Handlers\\FileHandler.php', 72, [...])
 2 SYSTEMPATH\Session\Handlers\FileHandler.php(72): ini_set('session.save_path', 'C:\\laragon\\www\\laminsu-final\\backend\\writable\\session')
 3 SYSTEMPATH\Config\Services.php(686): CodeIgniter\Session\Handlers\FileHandler->__construct(Object(Config\Session), '::1')
 4 SYSTEMPATH\Config\BaseService.php(258): CodeIgniter\Config\Services::session(Object(Config\Session), false)
 5 SYSTEMPATH\Config\BaseService.php(199): CodeIgniter\Config\BaseService::__callStatic('session', [...])
 6 SYSTEMPATH\Config\Services.php(664): CodeIgniter\Config\BaseService::getSharedInstance('session', null)
 7 SYSTEMPATH\Config\BaseService.php(258): CodeIgniter\Config\Services::session()
 8 APPPATH\Controllers\MainController.php(24): CodeIgniter\Config\BaseService::__callStatic('session', [])
 9 SYSTEMPATH\CodeIgniter.php(914): App\Controllers\MainController->__construct()
10 SYSTEMPATH\CodeIgniter.php(493): CodeIgniter\CodeIgniter->createController()
11 SYSTEMPATH\CodeIgniter.php(361): CodeIgniter\CodeIgniter->handleRequest(null, Object(Config\Cache), false)
12 FCPATH\index.php(88): CodeIgniter\CodeIgniter->run()
13 SYSTEMPATH\Commands\Server\rewrite.php(47): require_once('C:\\laragon\\www\\laminsu-final\\backend\\public\\index.php')
CRITICAL - 2023-11-18 12:49:24 --> ini_set(): A session is active. You cannot change the session module's ini settings at this time
in SYSTEMPATH\Session\Handlers\FileHandler.php on line 72.
 1 [internal function]: CodeIgniter\Debug\Exceptions->errorHandler(2, 'ini_set(): A session is active. You cannot change the session module\'s ini settings at this time', 'C:\\laragon\\www\\laminsu-final\\backend\\system\\Session\\Handlers\\FileHandler.php', 72, [...])
 2 SYSTEMPATH\Session\Handlers\FileHandler.php(72): ini_set('session.save_path', 'C:\\laragon\\www\\laminsu-final\\backend\\writable\\session')
 3 SYSTEMPATH\Config\Services.php(686): CodeIgniter\Session\Handlers\FileHandler->__construct(Object(Config\Session), '::1')
 4 SYSTEMPATH\Config\BaseService.php(258): CodeIgniter\Config\Services::session(Object(Config\Session), false)
 5 SYSTEMPATH\Config\BaseService.php(199): CodeIgniter\Config\BaseService::__callStatic('session', [...])
 6 SYSTEMPATH\Config\Services.php(664): CodeIgniter\Config\BaseService::getSharedInstance('session', null)
 7 SYSTEMPATH\Config\BaseService.php(258): CodeIgniter\Config\Services::session()
 8 APPPATH\Controllers\MainController.php(24): CodeIgniter\Config\BaseService::__callStatic('session', [])
 9 SYSTEMPATH\CodeIgniter.php(914): App\Controllers\MainController->__construct()
10 SYSTEMPATH\CodeIgniter.php(493): CodeIgniter\CodeIgniter->createController()
11 SYSTEMPATH\CodeIgniter.php(361): CodeIgniter\CodeIgniter->handleRequest(null, Object(Config\Cache), false)
12 FCPATH\index.php(88): CodeIgniter\CodeIgniter->run()
13 SYSTEMPATH\Commands\Server\rewrite.php(47): require_once('C:\\laragon\\www\\laminsu-final\\backend\\public\\index.php')
CRITICAL - 2023-11-18 12:49:24 --> ini_set(): A session is active. You cannot change the session module's ini settings at this time
in SYSTEMPATH\Session\Handlers\FileHandler.php on line 72.
 1 [internal function]: CodeIgniter\Debug\Exceptions->errorHandler(2, 'ini_set(): A session is active. You cannot change the session module\'s ini settings at this time', 'C:\\laragon\\www\\laminsu-final\\backend\\system\\Session\\Handlers\\FileHandler.php', 72, [...])
 2 SYSTEMPATH\Session\Handlers\FileHandler.php(72): ini_set('session.save_path', 'C:\\laragon\\www\\laminsu-final\\backend\\writable\\session')
 3 SYSTEMPATH\Config\Services.php(686): CodeIgniter\Session\Handlers\FileHandler->__construct(Object(Config\Session), '::1')
 4 SYSTEMPATH\Config\BaseService.php(258): CodeIgniter\Config\Services::session(Object(Config\Session), false)
 5 SYSTEMPATH\Config\BaseService.php(199): CodeIgniter\Config\BaseService::__callStatic('session', [...])
 6 SYSTEMPATH\Config\Services.php(664): CodeIgniter\Config\BaseService::getSharedInstance('session', null)
 7 SYSTEMPATH\Config\BaseService.php(258): CodeIgniter\Config\Services::session()
 8 APPPATH\Controllers\MainController.php(24): CodeIgniter\Config\BaseService::__callStatic('session', [])
 9 SYSTEMPATH\CodeIgniter.php(914): App\Controllers\MainController->__construct()
10 SYSTEMPATH\CodeIgniter.php(493): CodeIgniter\CodeIgniter->createController()
11 SYSTEMPATH\CodeIgniter.php(361): CodeIgniter\CodeIgniter->handleRequest(null, Object(Config\Cache), false)
12 FCPATH\index.php(88): CodeIgniter\CodeIgniter->run()
13 SYSTEMPATH\Commands\Server\rewrite.php(47): require_once('C:\\laragon\\www\\laminsu-final\\backend\\public\\index.php')
CRITICAL - 2023-11-18 12:49:27 --> ini_set(): A session is active. You cannot change the session module's ini settings at this time
in SYSTEMPATH\Session\Handlers\FileHandler.php on line 72.
 1 [internal function]: CodeIgniter\Debug\Exceptions->errorHandler(2, 'ini_set(): A session is active. You cannot change the session module\'s ini settings at this time', 'C:\\laragon\\www\\laminsu-final\\backend\\system\\Session\\Handlers\\FileHandler.php', 72, [...])
 2 SYSTEMPATH\Session\Handlers\FileHandler.php(72): ini_set('session.save_path', 'C:\\laragon\\www\\laminsu-final\\backend\\writable\\session')
 3 SYSTEMPATH\Config\Services.php(686): CodeIgniter\Session\Handlers\FileHandler->__construct(Object(Config\Session), '::1')
 4 SYSTEMPATH\Config\BaseService.php(258): CodeIgniter\Config\Services::session(Object(Config\Session), false)
 5 SYSTEMPATH\Config\BaseService.php(199): CodeIgniter\Config\BaseService::__callStatic('session', [...])
 6 SYSTEMPATH\Config\Services.php(664): CodeIgniter\Config\BaseService::getSharedInstance('session', null)
 7 SYSTEMPATH\Config\BaseService.php(258): CodeIgniter\Config\Services::session()
 8 APPPATH\Controllers\MainController.php(24): CodeIgniter\Config\BaseService::__callStatic('session', [])
 9 SYSTEMPATH\CodeIgniter.php(914): App\Controllers\MainController->__construct()
10 SYSTEMPATH\CodeIgniter.php(493): CodeIgniter\CodeIgniter->createController()
11 SYSTEMPATH\CodeIgniter.php(361): CodeIgniter\CodeIgniter->handleRequest(null, Object(Config\Cache), false)
12 FCPATH\index.php(88): CodeIgniter\CodeIgniter->run()
13 SYSTEMPATH\Commands\Server\rewrite.php(47): require_once('C:\\laragon\\www\\laminsu-final\\backend\\public\\index.php')
CRITICAL - 2023-11-18 12:49:28 --> ini_set(): A session is active. You cannot change the session module's ini settings at this time
in SYSTEMPATH\Session\Handlers\FileHandler.php on line 72.
 1 [internal function]: CodeIgniter\Debug\Exceptions->errorHandler(2, 'ini_set(): A session is active. You cannot change the session module\'s ini settings at this time', 'C:\\laragon\\www\\laminsu-final\\backend\\system\\Session\\Handlers\\FileHandler.php', 72, [...])
 2 SYSTEMPATH\Session\Handlers\FileHandler.php(72): ini_set('session.save_path', 'C:\\laragon\\www\\laminsu-final\\backend\\writable\\session')
 3 SYSTEMPATH\Config\Services.php(686): CodeIgniter\Session\Handlers\FileHandler->__construct(Object(Config\Session), '::1')
 4 SYSTEMPATH\Config\BaseService.php(258): CodeIgniter\Config\Services::session(Object(Config\Session), false)
 5 SYSTEMPATH\Config\BaseService.php(199): CodeIgniter\Config\BaseService::__callStatic('session', [...])
 6 SYSTEMPATH\Config\Services.php(664): CodeIgniter\Config\BaseService::getSharedInstance('session', null)
 7 SYSTEMPATH\Config\BaseService.php(258): CodeIgniter\Config\Services::session()
 8 APPPATH\Controllers\MainController.php(24): CodeIgniter\Config\BaseService::__callStatic('session', [])
 9 SYSTEMPATH\CodeIgniter.php(914): App\Controllers\MainController->__construct()
10 SYSTEMPATH\CodeIgniter.php(493): CodeIgniter\CodeIgniter->createController()
11 SYSTEMPATH\CodeIgniter.php(361): CodeIgniter\CodeIgniter->handleRequest(null, Object(Config\Cache), false)
12 FCPATH\index.php(88): CodeIgniter\CodeIgniter->run()
13 SYSTEMPATH\Commands\Server\rewrite.php(47): require_once('C:\\laragon\\www\\laminsu-final\\backend\\public\\index.php')
CRITICAL - 2023-11-18 12:49:28 --> ini_set(): A session is active. You cannot change the session module's ini settings at this time
in SYSTEMPATH\Session\Handlers\FileHandler.php on line 72.
 1 [internal function]: CodeIgniter\Debug\Exceptions->errorHandler(2, 'ini_set(): A session is active. You cannot change the session module\'s ini settings at this time', 'C:\\laragon\\www\\laminsu-final\\backend\\system\\Session\\Handlers\\FileHandler.php', 72, [...])
 2 SYSTEMPATH\Session\Handlers\FileHandler.php(72): ini_set('session.save_path', 'C:\\laragon\\www\\laminsu-final\\backend\\writable\\session')
 3 SYSTEMPATH\Config\Services.php(686): CodeIgniter\Session\Handlers\FileHandler->__construct(Object(Config\Session), '::1')
 4 SYSTEMPATH\Config\BaseService.php(258): CodeIgniter\Config\Services::session(Object(Config\Session), false)
 5 SYSTEMPATH\Config\BaseService.php(199): CodeIgniter\Config\BaseService::__callStatic('session', [...])
 6 SYSTEMPATH\Config\Services.php(664): CodeIgniter\Config\BaseService::getSharedInstance('session', null)
 7 SYSTEMPATH\Config\BaseService.php(258): CodeIgniter\Config\Services::session()
 8 APPPATH\Controllers\MainController.php(24): CodeIgniter\Config\BaseService::__callStatic('session', [])
 9 SYSTEMPATH\CodeIgniter.php(914): App\Controllers\MainController->__construct()
10 SYSTEMPATH\CodeIgniter.php(493): CodeIgniter\CodeIgniter->createController()
11 SYSTEMPATH\CodeIgniter.php(361): CodeIgniter\CodeIgniter->handleRequest(null, Object(Config\Cache), false)
12 FCPATH\index.php(88): CodeIgniter\CodeIgniter->run()
13 SYSTEMPATH\Commands\Server\rewrite.php(47): require_once('C:\\laragon\\www\\laminsu-final\\backend\\public\\index.php')
CRITICAL - 2023-11-18 12:49:28 --> ini_set(): A session is active. You cannot change the session module's ini settings at this time
in SYSTEMPATH\Session\Handlers\FileHandler.php on line 72.
 1 [internal function]: CodeIgniter\Debug\Exceptions->errorHandler(2, 'ini_set(): A session is active. You cannot change the session module\'s ini settings at this time', 'C:\\laragon\\www\\laminsu-final\\backend\\system\\Session\\Handlers\\FileHandler.php', 72, [...])
 2 SYSTEMPATH\Session\Handlers\FileHandler.php(72): ini_set('session.save_path', 'C:\\laragon\\www\\laminsu-final\\backend\\writable\\session')
 3 SYSTEMPATH\Config\Services.php(686): CodeIgniter\Session\Handlers\FileHandler->__construct(Object(Config\Session), '::1')
 4 SYSTEMPATH\Config\BaseService.php(258): CodeIgniter\Config\Services::session(Object(Config\Session), false)
 5 SYSTEMPATH\Config\BaseService.php(199): CodeIgniter\Config\BaseService::__callStatic('session', [...])
 6 SYSTEMPATH\Config\Services.php(664): CodeIgniter\Config\BaseService::getSharedInstance('session', null)
 7 SYSTEMPATH\Config\BaseService.php(258): CodeIgniter\Config\Services::session()
 8 APPPATH\Controllers\MainController.php(24): CodeIgniter\Config\BaseService::__callStatic('session', [])
 9 SYSTEMPATH\CodeIgniter.php(914): App\Controllers\MainController->__construct()
10 SYSTEMPATH\CodeIgniter.php(493): CodeIgniter\CodeIgniter->createController()
11 SYSTEMPATH\CodeIgniter.php(361): CodeIgniter\CodeIgniter->handleRequest(null, Object(Config\Cache), false)
12 FCPATH\index.php(88): CodeIgniter\CodeIgniter->run()
13 SYSTEMPATH\Commands\Server\rewrite.php(47): require_once('C:\\laragon\\www\\laminsu-final\\backend\\public\\index.php')
CRITICAL - 2023-11-18 12:49:28 --> ini_set(): A session is active. You cannot change the session module's ini settings at this time
in SYSTEMPATH\Session\Handlers\FileHandler.php on line 72.
 1 [internal function]: CodeIgniter\Debug\Exceptions->errorHandler(2, 'ini_set(): A session is active. You cannot change the session module\'s ini settings at this time', 'C:\\laragon\\www\\laminsu-final\\backend\\system\\Session\\Handlers\\FileHandler.php', 72, [...])
 2 SYSTEMPATH\Session\Handlers\FileHandler.php(72): ini_set('session.save_path', 'C:\\laragon\\www\\laminsu-final\\backend\\writable\\session')
 3 SYSTEMPATH\Config\Services.php(686): CodeIgniter\Session\Handlers\FileHandler->__construct(Object(Config\Session), '::1')
 4 SYSTEMPATH\Config\BaseService.php(258): CodeIgniter\Config\Services::session(Object(Config\Session), false)
 5 SYSTEMPATH\Config\BaseService.php(199): CodeIgniter\Config\BaseService::__callStatic('session', [...])
 6 SYSTEMPATH\Config\Services.php(664): CodeIgniter\Config\BaseService::getSharedInstance('session', null)
 7 SYSTEMPATH\Config\BaseService.php(258): CodeIgniter\Config\Services::session()
 8 APPPATH\Controllers\MainController.php(24): CodeIgniter\Config\BaseService::__callStatic('session', [])
 9 SYSTEMPATH\CodeIgniter.php(914): App\Controllers\MainController->__construct()
10 SYSTEMPATH\CodeIgniter.php(493): CodeIgniter\CodeIgniter->createController()
11 SYSTEMPATH\CodeIgniter.php(361): CodeIgniter\CodeIgniter->handleRequest(null, Object(Config\Cache), false)
12 FCPATH\index.php(88): CodeIgniter\CodeIgniter->run()
13 SYSTEMPATH\Commands\Server\rewrite.php(47): require_once('C:\\laragon\\www\\laminsu-final\\backend\\public\\index.php')
CRITICAL - 2023-11-18 12:49:28 --> ini_set(): A session is active. You cannot change the session module's ini settings at this time
in SYSTEMPATH\Session\Handlers\FileHandler.php on line 72.
 1 [internal function]: CodeIgniter\Debug\Exceptions->errorHandler(2, 'ini_set(): A session is active. You cannot change the session module\'s ini settings at this time', 'C:\\laragon\\www\\laminsu-final\\backend\\system\\Session\\Handlers\\FileHandler.php', 72, [...])
 2 SYSTEMPATH\Session\Handlers\FileHandler.php(72): ini_set('session.save_path', 'C:\\laragon\\www\\laminsu-final\\backend\\writable\\session')
 3 SYSTEMPATH\Config\Services.php(686): CodeIgniter\Session\Handlers\FileHandler->__construct(Object(Config\Session), '::1')
 4 SYSTEMPATH\Config\BaseService.php(258): CodeIgniter\Config\Services::session(Object(Config\Session), false)
 5 SYSTEMPATH\Config\BaseService.php(199): CodeIgniter\Config\BaseService::__callStatic('session', [...])
 6 SYSTEMPATH\Config\Services.php(664): CodeIgniter\Config\BaseService::getSharedInstance('session', null)
 7 SYSTEMPATH\Config\BaseService.php(258): CodeIgniter\Config\Services::session()
 8 APPPATH\Controllers\MainController.php(24): CodeIgniter\Config\BaseService::__callStatic('session', [])
 9 SYSTEMPATH\CodeIgniter.php(914): App\Controllers\MainController->__construct()
10 SYSTEMPATH\CodeIgniter.php(493): CodeIgniter\CodeIgniter->createController()
11 SYSTEMPATH\CodeIgniter.php(361): CodeIgniter\CodeIgniter->handleRequest(null, Object(Config\Cache), false)
12 FCPATH\index.php(88): CodeIgniter\CodeIgniter->run()
13 SYSTEMPATH\Commands\Server\rewrite.php(47): require_once('C:\\laragon\\www\\laminsu-final\\backend\\public\\index.php')
CRITICAL - 2023-11-18 12:49:44 --> ini_set(): A session is active. You cannot change the session module's ini settings at this time
in SYSTEMPATH\Session\Handlers\FileHandler.php on line 72.
 1 [internal function]: CodeIgniter\Debug\Exceptions->errorHandler(2, 'ini_set(): A session is active. You cannot change the session module\'s ini settings at this time', 'C:\\laragon\\www\\laminsu-final\\backend\\system\\Session\\Handlers\\FileHandler.php', 72, [...])
 2 SYSTEMPATH\Session\Handlers\FileHandler.php(72): ini_set('session.save_path', 'C:\\laragon\\www\\laminsu-final\\backend\\writable\\session')
 3 SYSTEMPATH\Config\Services.php(686): CodeIgniter\Session\Handlers\FileHandler->__construct(Object(Config\Session), '::1')
 4 SYSTEMPATH\Config\BaseService.php(258): CodeIgniter\Config\Services::session(Object(Config\Session), false)
 5 SYSTEMPATH\Config\BaseService.php(199): CodeIgniter\Config\BaseService::__callStatic('session', [...])
 6 SYSTEMPATH\Config\Services.php(664): CodeIgniter\Config\BaseService::getSharedInstance('session', null)
 7 SYSTEMPATH\Config\BaseService.php(258): CodeIgniter\Config\Services::session()
 8 APPPATH\Controllers\MainController.php(24): CodeIgniter\Config\BaseService::__callStatic('session', [])
 9 SYSTEMPATH\CodeIgniter.php(914): App\Controllers\MainController->__construct()
10 SYSTEMPATH\CodeIgniter.php(493): CodeIgniter\CodeIgniter->createController()
11 SYSTEMPATH\CodeIgniter.php(361): CodeIgniter\CodeIgniter->handleRequest(null, Object(Config\Cache), false)
12 FCPATH\index.php(88): CodeIgniter\CodeIgniter->run()
13 SYSTEMPATH\Commands\Server\rewrite.php(47): require_once('C:\\laragon\\www\\laminsu-final\\backend\\public\\index.php')
CRITICAL - 2023-11-18 12:49:44 --> ini_set(): A session is active. You cannot change the session module's ini settings at this time
in SYSTEMPATH\Session\Handlers\FileHandler.php on line 72.
 1 [internal function]: CodeIgniter\Debug\Exceptions->errorHandler(2, 'ini_set(): A session is active. You cannot change the session module\'s ini settings at this time', 'C:\\laragon\\www\\laminsu-final\\backend\\system\\Session\\Handlers\\FileHandler.php', 72, [...])
 2 SYSTEMPATH\Session\Handlers\FileHandler.php(72): ini_set('session.save_path', 'C:\\laragon\\www\\laminsu-final\\backend\\writable\\session')
 3 SYSTEMPATH\Config\Services.php(686): CodeIgniter\Session\Handlers\FileHandler->__construct(Object(Config\Session), '::1')
 4 SYSTEMPATH\Config\BaseService.php(258): CodeIgniter\Config\Services::session(Object(Config\Session), false)
 5 SYSTEMPATH\Config\BaseService.php(199): CodeIgniter\Config\BaseService::__callStatic('session', [...])
 6 SYSTEMPATH\Config\Services.php(664): CodeIgniter\Config\BaseService::getSharedInstance('session', null)
 7 SYSTEMPATH\Config\BaseService.php(258): CodeIgniter\Config\Services::session()
 8 APPPATH\Controllers\MainController.php(24): CodeIgniter\Config\BaseService::__callStatic('session', [])
 9 SYSTEMPATH\CodeIgniter.php(914): App\Controllers\MainController->__construct()
10 SYSTEMPATH\CodeIgniter.php(493): CodeIgniter\CodeIgniter->createController()
11 SYSTEMPATH\CodeIgniter.php(361): CodeIgniter\CodeIgniter->handleRequest(null, Object(Config\Cache), false)
12 FCPATH\index.php(88): CodeIgniter\CodeIgniter->run()
13 SYSTEMPATH\Commands\Server\rewrite.php(47): require_once('C:\\laragon\\www\\laminsu-final\\backend\\public\\index.php')
CRITICAL - 2023-11-18 12:49:44 --> ini_set(): A session is active. You cannot change the session module's ini settings at this time
in SYSTEMPATH\Session\Handlers\FileHandler.php on line 72.
 1 [internal function]: CodeIgniter\Debug\Exceptions->errorHandler(2, 'ini_set(): A session is active. You cannot change the session module\'s ini settings at this time', 'C:\\laragon\\www\\laminsu-final\\backend\\system\\Session\\Handlers\\FileHandler.php', 72, [...])
 2 SYSTEMPATH\Session\Handlers\FileHandler.php(72): ini_set('session.save_path', 'C:\\laragon\\www\\laminsu-final\\backend\\writable\\session')
 3 SYSTEMPATH\Config\Services.php(686): CodeIgniter\Session\Handlers\FileHandler->__construct(Object(Config\Session), '::1')
 4 SYSTEMPATH\Config\BaseService.php(258): CodeIgniter\Config\Services::session(Object(Config\Session), false)
 5 SYSTEMPATH\Config\BaseService.php(199): CodeIgniter\Config\BaseService::__callStatic('session', [...])
 6 SYSTEMPATH\Config\Services.php(664): CodeIgniter\Config\BaseService::getSharedInstance('session', null)
 7 SYSTEMPATH\Config\BaseService.php(258): CodeIgniter\Config\Services::session()
 8 APPPATH\Controllers\MainController.php(24): CodeIgniter\Config\BaseService::__callStatic('session', [])
 9 SYSTEMPATH\CodeIgniter.php(914): App\Controllers\MainController->__construct()
10 SYSTEMPATH\CodeIgniter.php(493): CodeIgniter\CodeIgniter->createController()
11 SYSTEMPATH\CodeIgniter.php(361): CodeIgniter\CodeIgniter->handleRequest(null, Object(Config\Cache), false)
12 FCPATH\index.php(88): CodeIgniter\CodeIgniter->run()
13 SYSTEMPATH\Commands\Server\rewrite.php(47): require_once('C:\\laragon\\www\\laminsu-final\\backend\\public\\index.php')
CRITICAL - 2023-11-18 12:50:12 --> ini_set(): A session is active. You cannot change the session module's ini settings at this time
in SYSTEMPATH\Session\Handlers\FileHandler.php on line 72.
 1 [internal function]: CodeIgniter\Debug\Exceptions->errorHandler(2, 'ini_set(): A session is active. You cannot change the session module\'s ini settings at this time', 'C:\\laragon\\www\\laminsu-final\\backend\\system\\Session\\Handlers\\FileHandler.php', 72, [...])
 2 SYSTEMPATH\Session\Handlers\FileHandler.php(72): ini_set('session.save_path', 'C:\\laragon\\www\\laminsu-final\\backend\\writable\\session')
 3 SYSTEMPATH\Config\Services.php(686): CodeIgniter\Session\Handlers\FileHandler->__construct(Object(Config\Session), '::1')
 4 SYSTEMPATH\Config\BaseService.php(258): CodeIgniter\Config\Services::session(Object(Config\Session), false)
 5 SYSTEMPATH\Config\BaseService.php(199): CodeIgniter\Config\BaseService::__callStatic('session', [...])
 6 SYSTEMPATH\Config\Services.php(664): CodeIgniter\Config\BaseService::getSharedInstance('session', null)
 7 SYSTEMPATH\Config\BaseService.php(258): CodeIgniter\Config\Services::session()
 8 APPPATH\Controllers\MainController.php(24): CodeIgniter\Config\BaseService::__callStatic('session', [])
 9 SYSTEMPATH\CodeIgniter.php(914): App\Controllers\MainController->__construct()
10 SYSTEMPATH\CodeIgniter.php(493): CodeIgniter\CodeIgniter->createController()
11 SYSTEMPATH\CodeIgniter.php(361): CodeIgniter\CodeIgniter->handleRequest(null, Object(Config\Cache), false)
12 FCPATH\index.php(88): CodeIgniter\CodeIgniter->run()
13 SYSTEMPATH\Commands\Server\rewrite.php(47): require_once('C:\\laragon\\www\\laminsu-final\\backend\\public\\index.php')
CRITICAL - 2023-11-18 12:50:12 --> ini_set(): A session is active. You cannot change the session module's ini settings at this time
in SYSTEMPATH\Session\Handlers\FileHandler.php on line 72.
 1 [internal function]: CodeIgniter\Debug\Exceptions->errorHandler(2, 'ini_set(): A session is active. You cannot change the session module\'s ini settings at this time', 'C:\\laragon\\www\\laminsu-final\\backend\\system\\Session\\Handlers\\FileHandler.php', 72, [...])
 2 SYSTEMPATH\Session\Handlers\FileHandler.php(72): ini_set('session.save_path', 'C:\\laragon\\www\\laminsu-final\\backend\\writable\\session')
 3 SYSTEMPATH\Config\Services.php(686): CodeIgniter\Session\Handlers\FileHandler->__construct(Object(Config\Session), '::1')
 4 SYSTEMPATH\Config\BaseService.php(258): CodeIgniter\Config\Services::session(Object(Config\Session), false)
 5 SYSTEMPATH\Config\BaseService.php(199): CodeIgniter\Config\BaseService::__callStatic('session', [...])
 6 SYSTEMPATH\Config\Services.php(664): CodeIgniter\Config\BaseService::getSharedInstance('session', null)
 7 SYSTEMPATH\Config\BaseService.php(258): CodeIgniter\Config\Services::session()
 8 APPPATH\Controllers\MainController.php(24): CodeIgniter\Config\BaseService::__callStatic('session', [])
 9 SYSTEMPATH\CodeIgniter.php(914): App\Controllers\MainController->__construct()
10 SYSTEMPATH\CodeIgniter.php(493): CodeIgniter\CodeIgniter->createController()
11 SYSTEMPATH\CodeIgniter.php(361): CodeIgniter\CodeIgniter->handleRequest(null, Object(Config\Cache), false)
12 FCPATH\index.php(88): CodeIgniter\CodeIgniter->run()
13 SYSTEMPATH\Commands\Server\rewrite.php(47): require_once('C:\\laragon\\www\\laminsu-final\\backend\\public\\index.php')
CRITICAL - 2023-11-18 12:50:12 --> ini_set(): A session is active. You cannot change the session module's ini settings at this time
in SYSTEMPATH\Session\Handlers\FileHandler.php on line 72.
 1 [internal function]: CodeIgniter\Debug\Exceptions->errorHandler(2, 'ini_set(): A session is active. You cannot change the session module\'s ini settings at this time', 'C:\\laragon\\www\\laminsu-final\\backend\\system\\Session\\Handlers\\FileHandler.php', 72, [...])
 2 SYSTEMPATH\Session\Handlers\FileHandler.php(72): ini_set('session.save_path', 'C:\\laragon\\www\\laminsu-final\\backend\\writable\\session')
 3 SYSTEMPATH\Config\Services.php(686): CodeIgniter\Session\Handlers\FileHandler->__construct(Object(Config\Session), '::1')
 4 SYSTEMPATH\Config\BaseService.php(258): CodeIgniter\Config\Services::session(Object(Config\Session), false)
 5 SYSTEMPATH\Config\BaseService.php(199): CodeIgniter\Config\BaseService::__callStatic('session', [...])
 6 SYSTEMPATH\Config\Services.php(664): CodeIgniter\Config\BaseService::getSharedInstance('session', null)
 7 SYSTEMPATH\Config\BaseService.php(258): CodeIgniter\Config\Services::session()
 8 APPPATH\Controllers\MainController.php(24): CodeIgniter\Config\BaseService::__callStatic('session', [])
 9 SYSTEMPATH\CodeIgniter.php(914): App\Controllers\MainController->__construct()
10 SYSTEMPATH\CodeIgniter.php(493): CodeIgniter\CodeIgniter->createController()
11 SYSTEMPATH\CodeIgniter.php(361): CodeIgniter\CodeIgniter->handleRequest(null, Object(Config\Cache), false)
12 FCPATH\index.php(88): CodeIgniter\CodeIgniter->run()
13 SYSTEMPATH\Commands\Server\rewrite.php(47): require_once('C:\\laragon\\www\\laminsu-final\\backend\\public\\index.php')
CRITICAL - 2023-11-18 12:50:27 --> ini_set(): A session is active. You cannot change the session module's ini settings at this time
in SYSTEMPATH\Session\Handlers\FileHandler.php on line 72.
 1 [internal function]: CodeIgniter\Debug\Exceptions->errorHandler(2, 'ini_set(): A session is active. You cannot change the session module\'s ini settings at this time', 'C:\\laragon\\www\\laminsu-final\\backend\\system\\Session\\Handlers\\FileHandler.php', 72, [...])
 2 SYSTEMPATH\Session\Handlers\FileHandler.php(72): ini_set('session.save_path', 'C:\\laragon\\www\\laminsu-final\\backend\\writable\\session')
 3 SYSTEMPATH\Config\Services.php(686): CodeIgniter\Session\Handlers\FileHandler->__construct(Object(Config\Session), '::1')
 4 SYSTEMPATH\Config\BaseService.php(258): CodeIgniter\Config\Services::session(Object(Config\Session), false)
 5 SYSTEMPATH\Config\BaseService.php(199): CodeIgniter\Config\BaseService::__callStatic('session', [...])
 6 SYSTEMPATH\Config\Services.php(664): CodeIgniter\Config\BaseService::getSharedInstance('session', null)
 7 SYSTEMPATH\Config\BaseService.php(258): CodeIgniter\Config\Services::session()
 8 APPPATH\Controllers\MainController.php(24): CodeIgniter\Config\BaseService::__callStatic('session', [])
 9 SYSTEMPATH\CodeIgniter.php(914): App\Controllers\MainController->__construct()
10 SYSTEMPATH\CodeIgniter.php(493): CodeIgniter\CodeIgniter->createController()
11 SYSTEMPATH\CodeIgniter.php(361): CodeIgniter\CodeIgniter->handleRequest(null, Object(Config\Cache), false)
12 FCPATH\index.php(88): CodeIgniter\CodeIgniter->run()
13 SYSTEMPATH\Commands\Server\rewrite.php(47): require_once('C:\\laragon\\www\\laminsu-final\\backend\\public\\index.php')
CRITICAL - 2023-11-18 12:50:27 --> ini_set(): A session is active. You cannot change the session module's ini settings at this time
in SYSTEMPATH\Session\Handlers\FileHandler.php on line 72.
 1 [internal function]: CodeIgniter\Debug\Exceptions->errorHandler(2, 'ini_set(): A session is active. You cannot change the session module\'s ini settings at this time', 'C:\\laragon\\www\\laminsu-final\\backend\\system\\Session\\Handlers\\FileHandler.php', 72, [...])
 2 SYSTEMPATH\Session\Handlers\FileHandler.php(72): ini_set('session.save_path', 'C:\\laragon\\www\\laminsu-final\\backend\\writable\\session')
 3 SYSTEMPATH\Config\Services.php(686): CodeIgniter\Session\Handlers\FileHandler->__construct(Object(Config\Session), '::1')
 4 SYSTEMPATH\Config\BaseService.php(258): CodeIgniter\Config\Services::session(Object(Config\Session), false)
 5 SYSTEMPATH\Config\BaseService.php(199): CodeIgniter\Config\BaseService::__callStatic('session', [...])
 6 SYSTEMPATH\Config\Services.php(664): CodeIgniter\Config\BaseService::getSharedInstance('session', null)
 7 SYSTEMPATH\Config\BaseService.php(258): CodeIgniter\Config\Services::session()
 8 APPPATH\Controllers\MainController.php(24): CodeIgniter\Config\BaseService::__callStatic('session', [])
 9 SYSTEMPATH\CodeIgniter.php(914): App\Controllers\MainController->__construct()
10 SYSTEMPATH\CodeIgniter.php(493): CodeIgniter\CodeIgniter->createController()
11 SYSTEMPATH\CodeIgniter.php(361): CodeIgniter\CodeIgniter->handleRequest(null, Object(Config\Cache), false)
12 FCPATH\index.php(88): CodeIgniter\CodeIgniter->run()
13 SYSTEMPATH\Commands\Server\rewrite.php(47): require_once('C:\\laragon\\www\\laminsu-final\\backend\\public\\index.php')
CRITICAL - 2023-11-18 12:50:27 --> ini_set(): A session is active. You cannot change the session module's ini settings at this time
in SYSTEMPATH\Session\Handlers\FileHandler.php on line 72.
 1 [internal function]: CodeIgniter\Debug\Exceptions->errorHandler(2, 'ini_set(): A session is active. You cannot change the session module\'s ini settings at this time', 'C:\\laragon\\www\\laminsu-final\\backend\\system\\Session\\Handlers\\FileHandler.php', 72, [...])
 2 SYSTEMPATH\Session\Handlers\FileHandler.php(72): ini_set('session.save_path', 'C:\\laragon\\www\\laminsu-final\\backend\\writable\\session')
 3 SYSTEMPATH\Config\Services.php(686): CodeIgniter\Session\Handlers\FileHandler->__construct(Object(Config\Session), '::1')
 4 SYSTEMPATH\Config\BaseService.php(258): CodeIgniter\Config\Services::session(Object(Config\Session), false)
 5 SYSTEMPATH\Config\BaseService.php(199): CodeIgniter\Config\BaseService::__callStatic('session', [...])
 6 SYSTEMPATH\Config\Services.php(664): CodeIgniter\Config\BaseService::getSharedInstance('session', null)
 7 SYSTEMPATH\Config\BaseService.php(258): CodeIgniter\Config\Services::session()
 8 APPPATH\Controllers\MainController.php(24): CodeIgniter\Config\BaseService::__callStatic('session', [])
 9 SYSTEMPATH\CodeIgniter.php(914): App\Controllers\MainController->__construct()
10 SYSTEMPATH\CodeIgniter.php(493): CodeIgniter\CodeIgniter->createController()
11 SYSTEMPATH\CodeIgniter.php(361): CodeIgniter\CodeIgniter->handleRequest(null, Object(Config\Cache), false)
12 FCPATH\index.php(88): CodeIgniter\CodeIgniter->run()
13 SYSTEMPATH\Commands\Server\rewrite.php(47): require_once('C:\\laragon\\www\\laminsu-final\\backend\\public\\index.php')
CRITICAL - 2023-11-18 12:50:31 --> ini_set(): A session is active. You cannot change the session module's ini settings at this time
in SYSTEMPATH\Session\Handlers\FileHandler.php on line 72.
 1 [internal function]: CodeIgniter\Debug\Exceptions->errorHandler(2, 'ini_set(): A session is active. You cannot change the session module\'s ini settings at this time', 'C:\\laragon\\www\\laminsu-final\\backend\\system\\Session\\Handlers\\FileHandler.php', 72, [...])
 2 SYSTEMPATH\Session\Handlers\FileHandler.php(72): ini_set('session.save_path', 'C:\\laragon\\www\\laminsu-final\\backend\\writable\\session')
 3 SYSTEMPATH\Config\Services.php(686): CodeIgniter\Session\Handlers\FileHandler->__construct(Object(Config\Session), '::1')
 4 SYSTEMPATH\Config\BaseService.php(258): CodeIgniter\Config\Services::session(Object(Config\Session), false)
 5 SYSTEMPATH\Config\BaseService.php(199): CodeIgniter\Config\BaseService::__callStatic('session', [...])
 6 SYSTEMPATH\Config\Services.php(664): CodeIgniter\Config\BaseService::getSharedInstance('session', null)
 7 SYSTEMPATH\Config\BaseService.php(258): CodeIgniter\Config\Services::session()
 8 APPPATH\Controllers\MainController.php(24): CodeIgniter\Config\BaseService::__callStatic('session', [])
 9 SYSTEMPATH\CodeIgniter.php(914): App\Controllers\MainController->__construct()
10 SYSTEMPATH\CodeIgniter.php(493): CodeIgniter\CodeIgniter->createController()
11 SYSTEMPATH\CodeIgniter.php(361): CodeIgniter\CodeIgniter->handleRequest(null, Object(Config\Cache), false)
12 FCPATH\index.php(88): CodeIgniter\CodeIgniter->run()
13 SYSTEMPATH\Commands\Server\rewrite.php(47): require_once('C:\\laragon\\www\\laminsu-final\\backend\\public\\index.php')
CRITICAL - 2023-11-18 12:50:31 --> ini_set(): A session is active. You cannot change the session module's ini settings at this time
in SYSTEMPATH\Session\Handlers\FileHandler.php on line 72.
 1 [internal function]: CodeIgniter\Debug\Exceptions->errorHandler(2, 'ini_set(): A session is active. You cannot change the session module\'s ini settings at this time', 'C:\\laragon\\www\\laminsu-final\\backend\\system\\Session\\Handlers\\FileHandler.php', 72, [...])
 2 SYSTEMPATH\Session\Handlers\FileHandler.php(72): ini_set('session.save_path', 'C:\\laragon\\www\\laminsu-final\\backend\\writable\\session')
 3 SYSTEMPATH\Config\Services.php(686): CodeIgniter\Session\Handlers\FileHandler->__construct(Object(Config\Session), '::1')
 4 SYSTEMPATH\Config\BaseService.php(258): CodeIgniter\Config\Services::session(Object(Config\Session), false)
 5 SYSTEMPATH\Config\BaseService.php(199): CodeIgniter\Config\BaseService::__callStatic('session', [...])
 6 SYSTEMPATH\Config\Services.php(664): CodeIgniter\Config\BaseService::getSharedInstance('session', null)
 7 SYSTEMPATH\Config\BaseService.php(258): CodeIgniter\Config\Services::session()
 8 APPPATH\Controllers\MainController.php(24): CodeIgniter\Config\BaseService::__callStatic('session', [])
 9 SYSTEMPATH\CodeIgniter.php(914): App\Controllers\MainController->__construct()
10 SYSTEMPATH\CodeIgniter.php(493): CodeIgniter\CodeIgniter->createController()
11 SYSTEMPATH\CodeIgniter.php(361): CodeIgniter\CodeIgniter->handleRequest(null, Object(Config\Cache), false)
12 FCPATH\index.php(88): CodeIgniter\CodeIgniter->run()
13 SYSTEMPATH\Commands\Server\rewrite.php(47): require_once('C:\\laragon\\www\\laminsu-final\\backend\\public\\index.php')
CRITICAL - 2023-11-18 12:50:31 --> ini_set(): A session is active. You cannot change the session module's ini settings at this time
in SYSTEMPATH\Session\Handlers\FileHandler.php on line 72.
 1 [internal function]: CodeIgniter\Debug\Exceptions->errorHandler(2, 'ini_set(): A session is active. You cannot change the session module\'s ini settings at this time', 'C:\\laragon\\www\\laminsu-final\\backend\\system\\Session\\Handlers\\FileHandler.php', 72, [...])
 2 SYSTEMPATH\Session\Handlers\FileHandler.php(72): ini_set('session.save_path', 'C:\\laragon\\www\\laminsu-final\\backend\\writable\\session')
 3 SYSTEMPATH\Config\Services.php(686): CodeIgniter\Session\Handlers\FileHandler->__construct(Object(Config\Session), '::1')
 4 SYSTEMPATH\Config\BaseService.php(258): CodeIgniter\Config\Services::session(Object(Config\Session), false)
 5 SYSTEMPATH\Config\BaseService.php(199): CodeIgniter\Config\BaseService::__callStatic('session', [...])
 6 SYSTEMPATH\Config\Services.php(664): CodeIgniter\Config\BaseService::getSharedInstance('session', null)
 7 SYSTEMPATH\Config\BaseService.php(258): CodeIgniter\Config\Services::session()
 8 APPPATH\Controllers\MainController.php(24): CodeIgniter\Config\BaseService::__callStatic('session', [])
 9 SYSTEMPATH\CodeIgniter.php(914): App\Controllers\MainController->__construct()
10 SYSTEMPATH\CodeIgniter.php(493): CodeIgniter\CodeIgniter->createController()
11 SYSTEMPATH\CodeIgniter.php(361): CodeIgniter\CodeIgniter->handleRequest(null, Object(Config\Cache), false)
12 FCPATH\index.php(88): CodeIgniter\CodeIgniter->run()
13 SYSTEMPATH\Commands\Server\rewrite.php(47): require_once('C:\\laragon\\www\\laminsu-final\\backend\\public\\index.php')
CRITICAL - 2023-11-18 12:56:53 --> ini_set(): A session is active. You cannot change the session module's ini settings at this time
in SYSTEMPATH\Session\Handlers\FileHandler.php on line 72.
 1 [internal function]: CodeIgniter\Debug\Exceptions->errorHandler(2, 'ini_set(): A session is active. You cannot change the session module\'s ini settings at this time', 'C:\\laragon\\www\\laminsu-final\\backend\\system\\Session\\Handlers\\FileHandler.php', 72, [...])
 2 SYSTEMPATH\Session\Handlers\FileHandler.php(72): ini_set('session.save_path', 'C:\\laragon\\www\\laminsu-final\\backend\\writable\\session')
 3 SYSTEMPATH\Config\Services.php(686): CodeIgniter\Session\Handlers\FileHandler->__construct(Object(Config\Session), '::1')
 4 SYSTEMPATH\Config\BaseService.php(258): CodeIgniter\Config\Services::session(Object(Config\Session), false)
 5 SYSTEMPATH\Config\BaseService.php(199): CodeIgniter\Config\BaseService::__callStatic('session', [...])
 6 SYSTEMPATH\Config\Services.php(664): CodeIgniter\Config\BaseService::getSharedInstance('session', null)
 7 SYSTEMPATH\Config\BaseService.php(258): CodeIgniter\Config\Services::session()
 8 APPPATH\Controllers\MainController.php(98): CodeIgniter\Config\BaseService::__callStatic('session', [])
 9 SYSTEMPATH\CodeIgniter.php(942): App\Controllers\MainController->addCart()
10 SYSTEMPATH\CodeIgniter.php(502): CodeIgniter\CodeIgniter->runController(Object(App\Controllers\MainController))
11 SYSTEMPATH\CodeIgniter.php(361): CodeIgniter\CodeIgniter->handleRequest(null, Object(Config\Cache), false)
12 FCPATH\index.php(88): CodeIgniter\CodeIgniter->run()
13 SYSTEMPATH\Commands\Server\rewrite.php(47): require_once('C:\\laragon\\www\\laminsu-final\\backend\\public\\index.php')
CRITICAL - 2023-11-18 12:57:03 --> ini_set(): A session is active. You cannot change the session module's ini settings at this time
in SYSTEMPATH\Session\Handlers\FileHandler.php on line 72.
 1 [internal function]: CodeIgniter\Debug\Exceptions->errorHandler(2, 'ini_set(): A session is active. You cannot change the session module\'s ini settings at this time', 'C:\\laragon\\www\\laminsu-final\\backend\\system\\Session\\Handlers\\FileHandler.php', 72, [...])
 2 SYSTEMPATH\Session\Handlers\FileHandler.php(72): ini_set('session.save_path', 'C:\\laragon\\www\\laminsu-final\\backend\\writable\\session')
 3 SYSTEMPATH\Config\Services.php(686): CodeIgniter\Session\Handlers\FileHandler->__construct(Object(Config\Session), '::1')
 4 SYSTEMPATH\Config\BaseService.php(258): CodeIgniter\Config\Services::session(Object(Config\Session), false)
 5 SYSTEMPATH\Config\BaseService.php(199): CodeIgniter\Config\BaseService::__callStatic('session', [...])
 6 SYSTEMPATH\Config\Services.php(664): CodeIgniter\Config\BaseService::getSharedInstance('session', null)
 7 SYSTEMPATH\Config\BaseService.php(258): CodeIgniter\Config\Services::session()
 8 APPPATH\Controllers\MainController.php(98): CodeIgniter\Config\BaseService::__callStatic('session', [])
 9 SYSTEMPATH\CodeIgniter.php(942): App\Controllers\MainController->addCart()
10 SYSTEMPATH\CodeIgniter.php(502): CodeIgniter\CodeIgniter->runController(Object(App\Controllers\MainController))
11 SYSTEMPATH\CodeIgniter.php(361): CodeIgniter\CodeIgniter->handleRequest(null, Object(Config\Cache), false)
12 FCPATH\index.php(88): CodeIgniter\CodeIgniter->run()
13 SYSTEMPATH\Commands\Server\rewrite.php(47): require_once('C:\\laragon\\www\\laminsu-final\\backend\\public\\index.php')
CRITICAL - 2023-11-18 12:58:36 --> ini_set(): A session is active. You cannot change the session module's ini settings at this time
in SYSTEMPATH\Session\Handlers\FileHandler.php on line 72.
 1 [internal function]: CodeIgniter\Debug\Exceptions->errorHandler(2, 'ini_set(): A session is active. You cannot change the session module\'s ini settings at this time', 'C:\\laragon\\www\\laminsu-final\\backend\\system\\Session\\Handlers\\FileHandler.php', 72, [...])
 2 SYSTEMPATH\Session\Handlers\FileHandler.php(72): ini_set('session.save_path', 'C:\\laragon\\www\\laminsu-final\\backend\\writable\\session')
 3 SYSTEMPATH\Config\Services.php(686): CodeIgniter\Session\Handlers\FileHandler->__construct(Object(Config\Session), '::1')
 4 SYSTEMPATH\Config\BaseService.php(258): CodeIgniter\Config\Services::session(Object(Config\Session), false)
 5 SYSTEMPATH\Config\BaseService.php(199): CodeIgniter\Config\BaseService::__callStatic('session', [...])
 6 SYSTEMPATH\Config\Services.php(664): CodeIgniter\Config\BaseService::getSharedInstance('session', null)
 7 SYSTEMPATH\Config\BaseService.php(258): CodeIgniter\Config\Services::session()
 8 APPPATH\Controllers\MainController.php(99): CodeIgniter\Config\BaseService::__callStatic('session', [])
 9 SYSTEMPATH\CodeIgniter.php(942): App\Controllers\MainController->addCart()
10 SYSTEMPATH\CodeIgniter.php(502): CodeIgniter\CodeIgniter->runController(Object(App\Controllers\MainController))
11 SYSTEMPATH\CodeIgniter.php(361): CodeIgniter\CodeIgniter->handleRequest(null, Object(Config\Cache), false)
12 FCPATH\index.php(88): CodeIgniter\CodeIgniter->run()
13 SYSTEMPATH\Commands\Server\rewrite.php(47): require_once('C:\\laragon\\www\\laminsu-final\\backend\\public\\index.php')
CRITICAL - 2023-11-18 12:59:09 --> Call to a member function save() on null
in APPPATH\Controllers\MainController.php on line 111.
 1 SYSTEMPATH\CodeIgniter.php(942): App\Controllers\MainController->addCart()
 2 SYSTEMPATH\CodeIgniter.php(502): CodeIgniter\CodeIgniter->runController(Object(App\Controllers\MainController))
 3 SYSTEMPATH\CodeIgniter.php(361): CodeIgniter\CodeIgniter->handleRequest(null, Object(Config\Cache), false)
 4 FCPATH\index.php(88): CodeIgniter\CodeIgniter->run()
 5 SYSTEMPATH\Commands\Server\rewrite.php(47): require_once('C:\\laragon\\www\\laminsu-final\\backend\\public\\index.php')
CRITICAL - 2023-11-18 12:59:16 --> Call to a member function save() on null
in APPPATH\Controllers\MainController.php on line 111.
 1 SYSTEMPATH\CodeIgniter.php(942): App\Controllers\MainController->addCart()
 2 SYSTEMPATH\CodeIgniter.php(502): CodeIgniter\CodeIgniter->runController(Object(App\Controllers\MainController))
 3 SYSTEMPATH\CodeIgniter.php(361): CodeIgniter\CodeIgniter->handleRequest(null, Object(Config\Cache), false)
 4 FCPATH\index.php(88): CodeIgniter\CodeIgniter->run()
 5 SYSTEMPATH\Commands\Server\rewrite.php(47): require_once('C:\\laragon\\www\\laminsu-final\\backend\\public\\index.php')
CRITICAL - 2023-11-18 13:00:13 --> Call to a member function save() on null
in APPPATH\Controllers\MainController.php on line 111.
 1 SYSTEMPATH\CodeIgniter.php(942): App\Controllers\MainController->addCart()
 2 SYSTEMPATH\CodeIgniter.php(502): CodeIgniter\CodeIgniter->runController(Object(App\Controllers\MainController))
 3 SYSTEMPATH\CodeIgniter.php(361): CodeIgniter\CodeIgniter->handleRequest(null, Object(Config\Cache), false)
 4 FCPATH\index.php(88): CodeIgniter\CodeIgniter->run()
 5 SYSTEMPATH\Commands\Server\rewrite.php(47): require_once('C:\\laragon\\www\\laminsu-final\\backend\\public\\index.php')
CRITICAL - 2023-11-18 13:00:14 --> Call to a member function save() on null
in APPPATH\Controllers\MainController.php on line 111.
 1 SYSTEMPATH\CodeIgniter.php(942): App\Controllers\MainController->addCart()
 2 SYSTEMPATH\CodeIgniter.php(502): CodeIgniter\CodeIgniter->runController(Object(App\Controllers\MainController))
 3 SYSTEMPATH\CodeIgniter.php(361): CodeIgniter\CodeIgniter->handleRequest(null, Object(Config\Cache), false)
 4 FCPATH\index.php(88): CodeIgniter\CodeIgniter->run()
 5 SYSTEMPATH\Commands\Server\rewrite.php(47): require_once('C:\\laragon\\www\\laminsu-final\\backend\\public\\index.php')
CRITICAL - 2023-11-18 13:00:14 --> Call to a member function save() on null
in APPPATH\Controllers\MainController.php on line 111.
 1 SYSTEMPATH\CodeIgniter.php(942): App\Controllers\MainController->addCart()
 2 SYSTEMPATH\CodeIgniter.php(502): CodeIgniter\CodeIgniter->runController(Object(App\Controllers\MainController))
 3 SYSTEMPATH\CodeIgniter.php(361): CodeIgniter\CodeIgniter->handleRequest(null, Object(Config\Cache), false)
 4 FCPATH\index.php(88): CodeIgniter\CodeIgniter->run()
 5 SYSTEMPATH\Commands\Server\rewrite.php(47): require_once('C:\\laragon\\www\\laminsu-final\\backend\\public\\index.php')
CRITICAL - 2023-11-18 13:00:14 --> Call to a member function save() on null
in APPPATH\Controllers\MainController.php on line 111.
 1 SYSTEMPATH\CodeIgniter.php(942): App\Controllers\MainController->addCart()
 2 SYSTEMPATH\CodeIgniter.php(502): CodeIgniter\CodeIgniter->runController(Object(App\Controllers\MainController))
 3 SYSTEMPATH\CodeIgniter.php(361): CodeIgniter\CodeIgniter->handleRequest(null, Object(Config\Cache), false)
 4 FCPATH\index.php(88): CodeIgniter\CodeIgniter->run()
 5 SYSTEMPATH\Commands\Server\rewrite.php(47): require_once('C:\\laragon\\www\\laminsu-final\\backend\\public\\index.php')
CRITICAL - 2023-11-18 13:00:14 --> Call to a member function save() on null
in APPPATH\Controllers\MainController.php on line 111.
 1 SYSTEMPATH\CodeIgniter.php(942): App\Controllers\MainController->addCart()
 2 SYSTEMPATH\CodeIgniter.php(502): CodeIgniter\CodeIgniter->runController(Object(App\Controllers\MainController))
 3 SYSTEMPATH\CodeIgniter.php(361): CodeIgniter\CodeIgniter->handleRequest(null, Object(Config\Cache), false)
 4 FCPATH\index.php(88): CodeIgniter\CodeIgniter->run()
 5 SYSTEMPATH\Commands\Server\rewrite.php(47): require_once('C:\\laragon\\www\\laminsu-final\\backend\\public\\index.php')
CRITICAL - 2023-11-18 13:00:14 --> Call to a member function save() on null
in APPPATH\Controllers\MainController.php on line 111.
 1 SYSTEMPATH\CodeIgniter.php(942): App\Controllers\MainController->addCart()
 2 SYSTEMPATH\CodeIgniter.php(502): CodeIgniter\CodeIgniter->runController(Object(App\Controllers\MainController))
 3 SYSTEMPATH\CodeIgniter.php(361): CodeIgniter\CodeIgniter->handleRequest(null, Object(Config\Cache), false)
 4 FCPATH\index.php(88): CodeIgniter\CodeIgniter->run()
 5 SYSTEMPATH\Commands\Server\rewrite.php(47): require_once('C:\\laragon\\www\\laminsu-final\\backend\\public\\index.php')
CRITICAL - 2023-11-18 13:00:15 --> Call to a member function save() on null
in APPPATH\Controllers\MainController.php on line 111.
 1 SYSTEMPATH\CodeIgniter.php(942): App\Controllers\MainController->addCart()
 2 SYSTEMPATH\CodeIgniter.php(502): CodeIgniter\CodeIgniter->runController(Object(App\Controllers\MainController))
 3 SYSTEMPATH\CodeIgniter.php(361): CodeIgniter\CodeIgniter->handleRequest(null, Object(Config\Cache), false)
 4 FCPATH\index.php(88): CodeIgniter\CodeIgniter->run()
 5 SYSTEMPATH\Commands\Server\rewrite.php(47): require_once('C:\\laragon\\www\\laminsu-final\\backend\\public\\index.php')
CRITICAL - 2023-11-18 13:00:15 --> Call to a member function save() on null
in APPPATH\Controllers\MainController.php on line 111.
 1 SYSTEMPATH\CodeIgniter.php(942): App\Controllers\MainController->addCart()
 2 SYSTEMPATH\CodeIgniter.php(502): CodeIgniter\CodeIgniter->runController(Object(App\Controllers\MainController))
 3 SYSTEMPATH\CodeIgniter.php(361): CodeIgniter\CodeIgniter->handleRequest(null, Object(Config\Cache), false)
 4 FCPATH\index.php(88): CodeIgniter\CodeIgniter->run()
 5 SYSTEMPATH\Commands\Server\rewrite.php(47): require_once('C:\\laragon\\www\\laminsu-final\\backend\\public\\index.php')
CRITICAL - 2023-11-18 13:00:15 --> Call to a member function save() on null
in APPPATH\Controllers\MainController.php on line 111.
 1 SYSTEMPATH\CodeIgniter.php(942): App\Controllers\MainController->addCart()
 2 SYSTEMPATH\CodeIgniter.php(502): CodeIgniter\CodeIgniter->runController(Object(App\Controllers\MainController))
 3 SYSTEMPATH\CodeIgniter.php(361): CodeIgniter\CodeIgniter->handleRequest(null, Object(Config\Cache), false)
 4 FCPATH\index.php(88): CodeIgniter\CodeIgniter->run()
 5 SYSTEMPATH\Commands\Server\rewrite.php(47): require_once('C:\\laragon\\www\\laminsu-final\\backend\\public\\index.php')
CRITICAL - 2023-11-18 13:00:15 --> Call to a member function save() on null
in APPPATH\Controllers\MainController.php on line 111.
 1 SYSTEMPATH\CodeIgniter.php(942): App\Controllers\MainController->addCart()
 2 SYSTEMPATH\CodeIgniter.php(502): CodeIgniter\CodeIgniter->runController(Object(App\Controllers\MainController))
 3 SYSTEMPATH\CodeIgniter.php(361): CodeIgniter\CodeIgniter->handleRequest(null, Object(Config\Cache), false)
 4 FCPATH\index.php(88): CodeIgniter\CodeIgniter->run()
 5 SYSTEMPATH\Commands\Server\rewrite.php(47): require_once('C:\\laragon\\www\\laminsu-final\\backend\\public\\index.php')
CRITICAL - 2023-11-18 13:00:22 --> Call to a member function save() on null
in APPPATH\Controllers\MainController.php on line 111.
 1 SYSTEMPATH\CodeIgniter.php(942): App\Controllers\MainController->addCart()
 2 SYSTEMPATH\CodeIgniter.php(502): CodeIgniter\CodeIgniter->runController(Object(App\Controllers\MainController))
 3 SYSTEMPATH\CodeIgniter.php(361): CodeIgniter\CodeIgniter->handleRequest(null, Object(Config\Cache), false)
 4 FCPATH\index.php(88): CodeIgniter\CodeIgniter->run()
 5 SYSTEMPATH\Commands\Server\rewrite.php(47): require_once('C:\\laragon\\www\\laminsu-final\\backend\\public\\index.php')
CRITICAL - 2023-11-18 14:14:12 --> Updates are not allowed unless they contain a "where" or "like" clause.
in SYSTEMPATH\Model.php on line 380.
 1 SYSTEMPATH\BaseModel.php(949): CodeIgniter\Model->doUpdate(null, [...])
 2 SYSTEMPATH\Model.php(776): CodeIgniter\BaseModel->update(null, [...])
 3 APPPATH\Controllers\MainController.php(111): CodeIgniter\Model->update(null, [...])
 4 SYSTEMPATH\CodeIgniter.php(942): App\Controllers\MainController->addCart()
 5 SYSTEMPATH\CodeIgniter.php(502): CodeIgniter\CodeIgniter->runController(Object(App\Controllers\MainController))
 6 SYSTEMPATH\CodeIgniter.php(361): CodeIgniter\CodeIgniter->handleRequest(null, Object(Config\Cache), false)
 7 FCPATH\index.php(88): CodeIgniter\CodeIgniter->run()
 8 SYSTEMPATH\Commands\Server\rewrite.php(47): require_once('C:\\laragon\\www\\laminsu-final\\backend\\public\\index.php')
CRITICAL - 2023-11-18 14:14:13 --> Updates are not allowed unless they contain a "where" or "like" clause.
in SYSTEMPATH\Model.php on line 380.
 1 SYSTEMPATH\BaseModel.php(949): CodeIgniter\Model->doUpdate(null, [...])
 2 SYSTEMPATH\Model.php(776): CodeIgniter\BaseModel->update(null, [...])
 3 APPPATH\Controllers\MainController.php(111): CodeIgniter\Model->update(null, [...])
 4 SYSTEMPATH\CodeIgniter.php(942): App\Controllers\MainController->addCart()
 5 SYSTEMPATH\CodeIgniter.php(502): CodeIgniter\CodeIgniter->runController(Object(App\Controllers\MainController))
 6 SYSTEMPATH\CodeIgniter.php(361): CodeIgniter\CodeIgniter->handleRequest(null, Object(Config\Cache), false)
 7 FCPATH\index.php(88): CodeIgniter\CodeIgniter->run()
 8 SYSTEMPATH\Commands\Server\rewrite.php(47): require_once('C:\\laragon\\www\\laminsu-final\\backend\\public\\index.php')
CRITICAL - 2023-11-18 14:14:13 --> Updates are not allowed unless they contain a "where" or "like" clause.
in SYSTEMPATH\Model.php on line 380.
 1 SYSTEMPATH\BaseModel.php(949): CodeIgniter\Model->doUpdate(null, [...])
 2 SYSTEMPATH\Model.php(776): CodeIgniter\BaseModel->update(null, [...])
 3 APPPATH\Controllers\MainController.php(111): CodeIgniter\Model->update(null, [...])
 4 SYSTEMPATH\CodeIgniter.php(942): App\Controllers\MainController->addCart()
 5 SYSTEMPATH\CodeIgniter.php(502): CodeIgniter\CodeIgniter->runController(Object(App\Controllers\MainController))
 6 SYSTEMPATH\CodeIgniter.php(361): CodeIgniter\CodeIgniter->handleRequest(null, Object(Config\Cache), false)
 7 FCPATH\index.php(88): CodeIgniter\CodeIgniter->run()
 8 SYSTEMPATH\Commands\Server\rewrite.php(47): require_once('C:\\laragon\\www\\laminsu-final\\backend\\public\\index.php')
CRITICAL - 2023-11-18 14:14:36 --> Updates are not allowed unless they contain a "where" or "like" clause.
in SYSTEMPATH\Model.php on line 380.
 1 SYSTEMPATH\BaseModel.php(949): CodeIgniter\Model->doUpdate(null, [...])
 2 SYSTEMPATH\Model.php(776): CodeIgniter\BaseModel->update(null, [...])
 3 APPPATH\Controllers\MainController.php(111): CodeIgniter\Model->update(null, [...])
 4 SYSTEMPATH\CodeIgniter.php(942): App\Controllers\MainController->addCart()
 5 SYSTEMPATH\CodeIgniter.php(502): CodeIgniter\CodeIgniter->runController(Object(App\Controllers\MainController))
 6 SYSTEMPATH\CodeIgniter.php(361): CodeIgniter\CodeIgniter->handleRequest(null, Object(Config\Cache), false)
 7 FCPATH\index.php(88): CodeIgniter\CodeIgniter->run()
 8 SYSTEMPATH\Commands\Server\rewrite.php(47): require_once('C:\\laragon\\www\\laminsu-final\\backend\\public\\index.php')
