ERROR - 2023-11-12 03:27:39 --> Error connecting to the database: mysqli_sql_exception: No connection could be made because the target machine actively refused it.
 in C:\laragon\www\laminsu-final\backend\system\Database\MySQLi\Connection.php:185
Stack trace:
#0 C:\laragon\www\laminsu-final\backend\system\Database\MySQLi\Connection.php(185): mysqli->real_connect('localhost', 'root', '', 'dblaminsu', 3306, '', 0)
#1 C:\laragon\www\laminsu-final\backend\system\Database\BaseConnection.php(392): CodeIgniter\Database\MySQLi\Connection->connect(false)
#2 C:\laragon\www\laminsu-final\backend\system\Database\BaseConnection.php(575): CodeIgniter\Database\BaseConnection->initialize()
#3 C:\laragon\www\laminsu-final\backend\system\Database\BaseBuilder.php(2308): CodeIgniter\Database\BaseConnection->query('INSERT INTO `us...', Array, false)
#4 C:\laragon\www\laminsu-final\backend\system\Model.php(319): CodeIgniter\Database\BaseBuilder->insert()
#5 C:\laragon\www\laminsu-final\backend\system\BaseModel.php(788): CodeIgniter\Model->doInsert(Array)
#6 C:\laragon\www\laminsu-final\backend\system\Model.php(715): CodeIgniter\BaseModel->insert(Array, false)
#7 C:\laragon\www\laminsu-final\backend\system\BaseModel.php(698): CodeIgniter\Model->insert(Array, false)
#8 C:\laragon\www\laminsu-final\backend\app\Controllers\MainController.php(40): CodeIgniter\BaseModel->save(Array)
#9 C:\laragon\www\laminsu-final\backend\system\CodeIgniter.php(942): App\Controllers\MainController->signup()
#10 C:\laragon\www\laminsu-final\backend\system\CodeIgniter.php(502): CodeIgniter\CodeIgniter->runController(Object(App\Controllers\MainController))
#11 C:\laragon\www\laminsu-final\backend\system\CodeIgniter.php(361): CodeIgniter\CodeIgniter->handleRequest(NULL, Object(Config\Cache), false)
#12 C:\laragon\www\laminsu-final\backend\public\index.php(88): CodeIgniter\CodeIgniter->run()
#13 C:\laragon\www\laminsu-final\backend\system\Commands\Server\rewrite.php(47): require_once('C:\\laragon\\www\\...')
#14 {main}

Next CodeIgniter\Database\Exceptions\DatabaseException: No connection could be made because the target machine actively refused it.
 in C:\laragon\www\laminsu-final\backend\system\Database\MySQLi\Connection.php:229
Stack trace:
#0 C:\laragon\www\laminsu-final\backend\system\Database\BaseConnection.php(392): CodeIgniter\Database\MySQLi\Connection->connect(false)
#1 C:\laragon\www\laminsu-final\backend\system\Database\BaseConnection.php(575): CodeIgniter\Database\BaseConnection->initialize()
#2 C:\laragon\www\laminsu-final\backend\system\Database\BaseBuilder.php(2308): CodeIgniter\Database\BaseConnection->query('INSERT INTO `us...', Array, false)
#3 C:\laragon\www\laminsu-final\backend\system\Model.php(319): CodeIgniter\Database\BaseBuilder->insert()
#4 C:\laragon\www\laminsu-final\backend\system\BaseModel.php(788): CodeIgniter\Model->doInsert(Array)
#5 C:\laragon\www\laminsu-final\backend\system\Model.php(715): CodeIgniter\BaseModel->insert(Array, false)
#6 C:\laragon\www\laminsu-final\backend\system\BaseModel.php(698): CodeIgniter\Model->insert(Array, false)
#7 C:\laragon\www\laminsu-final\backend\app\Controllers\MainController.php(40): CodeIgniter\BaseModel->save(Array)
#8 C:\laragon\www\laminsu-final\backend\system\CodeIgniter.php(942): App\Controllers\MainController->signup()
#9 C:\laragon\www\laminsu-final\backend\system\CodeIgniter.php(502): CodeIgniter\CodeIgniter->runController(Object(App\Controllers\MainController))
#10 C:\laragon\www\laminsu-final\backend\system\CodeIgniter.php(361): CodeIgniter\CodeIgniter->handleRequest(NULL, Object(Config\Cache), false)
#11 C:\laragon\www\laminsu-final\backend\public\index.php(88): CodeIgniter\CodeIgniter->run()
#12 C:\laragon\www\laminsu-final\backend\system\Commands\Server\rewrite.php(47): require_once('C:\\laragon\\www\\...')
#13 {main}
CRITICAL - 2023-11-12 03:27:39 --> Unable to connect to the database.
Main connection [MySQLi]: No connection could be made because the target machine actively refused it.

in SYSTEMPATH\Database\BaseConnection.php on line 428.
 1 SYSTEMPATH\Database\BaseConnection.php(575): CodeIgniter\Database\BaseConnection->initialize()
 2 SYSTEMPATH\Database\BaseBuilder.php(2308): CodeIgniter\Database\BaseConnection->query('INSERT INTO `users` (`username`, `last_name`, `first_name`, `gender`, `birthdate`, `phone_number`, `email`, `password`) VALUES (:username:, :last_name:, :first_name:, :gender:, :birthdate:, :phone_number:, :email:, :password:)', [...], false)
 3 SYSTEMPATH\Model.php(319): CodeIgniter\Database\BaseBuilder->insert()
 4 SYSTEMPATH\BaseModel.php(788): CodeIgniter\Model->doInsert([...])
 5 SYSTEMPATH\Model.php(715): CodeIgniter\BaseModel->insert([...], false)
 6 SYSTEMPATH\BaseModel.php(698): CodeIgniter\Model->insert([...], false)
 7 APPPATH\Controllers\MainController.php(40): CodeIgniter\BaseModel->save([...])
 8 SYSTEMPATH\CodeIgniter.php(942): App\Controllers\MainController->signup()
 9 SYSTEMPATH\CodeIgniter.php(502): CodeIgniter\CodeIgniter->runController(Object(App\Controllers\MainController))
10 SYSTEMPATH\CodeIgniter.php(361): CodeIgniter\CodeIgniter->handleRequest(null, Object(Config\Cache), false)
11 FCPATH\index.php(88): CodeIgniter\CodeIgniter->run()
12 SYSTEMPATH\Commands\Server\rewrite.php(47): require_once('C:\\laragon\\www\\laminsu-final\\backend\\public\\index.php')
ERROR - 2023-11-12 03:28:32 --> Error connecting to the database: mysqli_sql_exception: No connection could be made because the target machine actively refused it.
 in C:\laragon\www\laminsu-final\backend\system\Database\MySQLi\Connection.php:185
Stack trace:
#0 C:\laragon\www\laminsu-final\backend\system\Database\MySQLi\Connection.php(185): mysqli->real_connect('localhost', 'root', '', 'dblaminsu', 3306, '', 0)
#1 C:\laragon\www\laminsu-final\backend\system\Database\BaseConnection.php(392): CodeIgniter\Database\MySQLi\Connection->connect(false)
#2 C:\laragon\www\laminsu-final\backend\system\Database\BaseConnection.php(575): CodeIgniter\Database\BaseConnection->initialize()
#3 C:\laragon\www\laminsu-final\backend\system\Database\BaseBuilder.php(2308): CodeIgniter\Database\BaseConnection->query('INSERT INTO `us...', Array, false)
#4 C:\laragon\www\laminsu-final\backend\system\Model.php(319): CodeIgniter\Database\BaseBuilder->insert()
#5 C:\laragon\www\laminsu-final\backend\system\BaseModel.php(788): CodeIgniter\Model->doInsert(Array)
#6 C:\laragon\www\laminsu-final\backend\system\Model.php(715): CodeIgniter\BaseModel->insert(Array, false)
#7 C:\laragon\www\laminsu-final\backend\system\BaseModel.php(698): CodeIgniter\Model->insert(Array, false)
#8 C:\laragon\www\laminsu-final\backend\app\Controllers\MainController.php(40): CodeIgniter\BaseModel->save(Array)
#9 C:\laragon\www\laminsu-final\backend\system\CodeIgniter.php(942): App\Controllers\MainController->signup()
#10 C:\laragon\www\laminsu-final\backend\system\CodeIgniter.php(502): CodeIgniter\CodeIgniter->runController(Object(App\Controllers\MainController))
#11 C:\laragon\www\laminsu-final\backend\system\CodeIgniter.php(361): CodeIgniter\CodeIgniter->handleRequest(NULL, Object(Config\Cache), false)
#12 C:\laragon\www\laminsu-final\backend\public\index.php(88): CodeIgniter\CodeIgniter->run()
#13 C:\laragon\www\laminsu-final\backend\system\Commands\Server\rewrite.php(47): require_once('C:\\laragon\\www\\...')
#14 {main}

Next CodeIgniter\Database\Exceptions\DatabaseException: No connection could be made because the target machine actively refused it.
 in C:\laragon\www\laminsu-final\backend\system\Database\MySQLi\Connection.php:229
Stack trace:
#0 C:\laragon\www\laminsu-final\backend\system\Database\BaseConnection.php(392): CodeIgniter\Database\MySQLi\Connection->connect(false)
#1 C:\laragon\www\laminsu-final\backend\system\Database\BaseConnection.php(575): CodeIgniter\Database\BaseConnection->initialize()
#2 C:\laragon\www\laminsu-final\backend\system\Database\BaseBuilder.php(2308): CodeIgniter\Database\BaseConnection->query('INSERT INTO `us...', Array, false)
#3 C:\laragon\www\laminsu-final\backend\system\Model.php(319): CodeIgniter\Database\BaseBuilder->insert()
#4 C:\laragon\www\laminsu-final\backend\system\BaseModel.php(788): CodeIgniter\Model->doInsert(Array)
#5 C:\laragon\www\laminsu-final\backend\system\Model.php(715): CodeIgniter\BaseModel->insert(Array, false)
#6 C:\laragon\www\laminsu-final\backend\system\BaseModel.php(698): CodeIgniter\Model->insert(Array, false)
#7 C:\laragon\www\laminsu-final\backend\app\Controllers\MainController.php(40): CodeIgniter\BaseModel->save(Array)
#8 C:\laragon\www\laminsu-final\backend\system\CodeIgniter.php(942): App\Controllers\MainController->signup()
#9 C:\laragon\www\laminsu-final\backend\system\CodeIgniter.php(502): CodeIgniter\CodeIgniter->runController(Object(App\Controllers\MainController))
#10 C:\laragon\www\laminsu-final\backend\system\CodeIgniter.php(361): CodeIgniter\CodeIgniter->handleRequest(NULL, Object(Config\Cache), false)
#11 C:\laragon\www\laminsu-final\backend\public\index.php(88): CodeIgniter\CodeIgniter->run()
#12 C:\laragon\www\laminsu-final\backend\system\Commands\Server\rewrite.php(47): require_once('C:\\laragon\\www\\...')
#13 {main}
CRITICAL - 2023-11-12 03:28:32 --> Unable to connect to the database.
Main connection [MySQLi]: No connection could be made because the target machine actively refused it.

in SYSTEMPATH\Database\BaseConnection.php on line 428.
 1 SYSTEMPATH\Database\BaseConnection.php(575): CodeIgniter\Database\BaseConnection->initialize()
 2 SYSTEMPATH\Database\BaseBuilder.php(2308): CodeIgniter\Database\BaseConnection->query('INSERT INTO `users` (`username`, `last_name`, `first_name`, `gender`, `birthdate`, `phone_number`, `email`, `password`) VALUES (:username:, :last_name:, :first_name:, :gender:, :birthdate:, :phone_number:, :email:, :password:)', [...], false)
 3 SYSTEMPATH\Model.php(319): CodeIgniter\Database\BaseBuilder->insert()
 4 SYSTEMPATH\BaseModel.php(788): CodeIgniter\Model->doInsert([...])
 5 SYSTEMPATH\Model.php(715): CodeIgniter\BaseModel->insert([...], false)
 6 SYSTEMPATH\BaseModel.php(698): CodeIgniter\Model->insert([...], false)
 7 APPPATH\Controllers\MainController.php(40): CodeIgniter\BaseModel->save([...])
 8 SYSTEMPATH\CodeIgniter.php(942): App\Controllers\MainController->signup()
 9 SYSTEMPATH\CodeIgniter.php(502): CodeIgniter\CodeIgniter->runController(Object(App\Controllers\MainController))
10 SYSTEMPATH\CodeIgniter.php(361): CodeIgniter\CodeIgniter->handleRequest(null, Object(Config\Cache), false)
11 FCPATH\index.php(88): CodeIgniter\CodeIgniter->run()
12 SYSTEMPATH\Commands\Server\rewrite.php(47): require_once('C:\\laragon\\www\\laminsu-final\\backend\\public\\index.php')
