ERROR - 2023-12-17 13:24:03 --> mysqli_sql_exception: You have an error in your SQL syntax; check the manual that corresponds to your MySQL server version for the right syntax to use near '* ON `items`.`item_id` = `cart`.`item_id`
LEFT JOIN `categories` ON `categories`' at line 3 in C:\laragon\www\laminsufinal\laminsu\backend\system\Database\MySQLi\Connection.php:306
Stack trace:
#0 C:\laragon\www\laminsufinal\laminsu\backend\system\Database\MySQLi\Connection.php(306): mysqli->query('SELECT `cart`.*...', 0)
#1 C:\laragon\www\laminsufinal\laminsu\backend\system\Database\BaseConnection.php(693): CodeIgniter\Database\MySQLi\Connection->execute('SELECT `cart`.*...')
#2 C:\laragon\www\laminsufinal\laminsu\backend\system\Database\BaseConnection.php(607): CodeIgniter\Database\BaseConnection->simpleQuery('SELECT `cart`.*...')
#3 C:\laragon\www\laminsufinal\laminsu\backend\system\Database\BaseBuilder.php(1615): CodeIgniter\Database\BaseConnection->query('SELECT `cart`.*...', Array, false)
#4 C:\laragon\www\laminsufinal\laminsu\backend\app\Controllers\POSController.php(63): CodeIgniter\Database\BaseBuilder->get()
#5 C:\laragon\www\laminsufinal\laminsu\backend\system\CodeIgniter.php(942): App\Controllers\POSController->getCart('75')
#6 C:\laragon\www\laminsufinal\laminsu\backend\system\CodeIgniter.php(502): CodeIgniter\CodeIgniter->runController(Object(App\Controllers\POSController))
#7 C:\laragon\www\laminsufinal\laminsu\backend\system\CodeIgniter.php(361): CodeIgniter\CodeIgniter->handleRequest(NULL, Object(Config\Cache), false)
#8 C:\laragon\www\laminsufinal\laminsu\backend\public\index.php(88): CodeIgniter\CodeIgniter->run()
#9 C:\laragon\www\laminsufinal\laminsu\backend\system\Commands\Server\rewrite.php(47): require_once('C:\\laragon\\www\\...')
#10 {main}
CRITICAL - 2023-12-17 13:24:03 --> You have an error in your SQL syntax; check the manual that corresponds to your MySQL server version for the right syntax to use near '* ON `items`.`item_id` = `cart`.`item_id`
LEFT JOIN `categories` ON `categories`' at line 3
in SYSTEMPATH\Database\BaseConnection.php on line 647.
 1 SYSTEMPATH\Database\BaseBuilder.php(1615): CodeIgniter\Database\BaseConnection->query('SELECT `cart`.*, `items`.`name` as `item_name`, `categories`.`name` as `category_name`
FROM `cart`
LEFT JOIN `items`.* ON `items`.`item_id` = `cart`.`item_id`
LEFT JOIN `categories` ON `categories`.`category_id` = `items`.`category_id`
WHERE `cart`.`user_id` = :cart.user_id:', [...], false)
 2 APPPATH\Controllers\POSController.php(63): CodeIgniter\Database\BaseBuilder->get()
 3 SYSTEMPATH\CodeIgniter.php(942): App\Controllers\POSController->getCart('75')
 4 SYSTEMPATH\CodeIgniter.php(502): CodeIgniter\CodeIgniter->runController(Object(App\Controllers\POSController))
 5 SYSTEMPATH\CodeIgniter.php(361): CodeIgniter\CodeIgniter->handleRequest(null, Object(Config\Cache), false)
 6 FCPATH\index.php(88): CodeIgniter\CodeIgniter->run()
 7 SYSTEMPATH\Commands\Server\rewrite.php(47): require_once('C:\\laragon\\www\\laminsufinal\\laminsu\\backend\\public\\index.php')
ERROR - 2023-12-17 13:24:07 --> mysqli_sql_exception: You have an error in your SQL syntax; check the manual that corresponds to your MySQL server version for the right syntax to use near '* ON `items`.`item_id` = `cart`.`item_id`
LEFT JOIN `categories` ON `categories`' at line 3 in C:\laragon\www\laminsufinal\laminsu\backend\system\Database\MySQLi\Connection.php:306
Stack trace:
#0 C:\laragon\www\laminsufinal\laminsu\backend\system\Database\MySQLi\Connection.php(306): mysqli->query('SELECT `cart`.*...', 0)
#1 C:\laragon\www\laminsufinal\laminsu\backend\system\Database\BaseConnection.php(693): CodeIgniter\Database\MySQLi\Connection->execute('SELECT `cart`.*...')
#2 C:\laragon\www\laminsufinal\laminsu\backend\system\Database\BaseConnection.php(607): CodeIgniter\Database\BaseConnection->simpleQuery('SELECT `cart`.*...')
#3 C:\laragon\www\laminsufinal\laminsu\backend\system\Database\BaseBuilder.php(1615): CodeIgniter\Database\BaseConnection->query('SELECT `cart`.*...', Array, false)
#4 C:\laragon\www\laminsufinal\laminsu\backend\app\Controllers\POSController.php(63): CodeIgniter\Database\BaseBuilder->get()
#5 C:\laragon\www\laminsufinal\laminsu\backend\system\CodeIgniter.php(942): App\Controllers\POSController->getCart('75')
#6 C:\laragon\www\laminsufinal\laminsu\backend\system\CodeIgniter.php(502): CodeIgniter\CodeIgniter->runController(Object(App\Controllers\POSController))
#7 C:\laragon\www\laminsufinal\laminsu\backend\system\CodeIgniter.php(361): CodeIgniter\CodeIgniter->handleRequest(NULL, Object(Config\Cache), false)
#8 C:\laragon\www\laminsufinal\laminsu\backend\public\index.php(88): CodeIgniter\CodeIgniter->run()
#9 C:\laragon\www\laminsufinal\laminsu\backend\system\Commands\Server\rewrite.php(47): require_once('C:\\laragon\\www\\...')
#10 {main}
CRITICAL - 2023-12-17 13:24:07 --> You have an error in your SQL syntax; check the manual that corresponds to your MySQL server version for the right syntax to use near '* ON `items`.`item_id` = `cart`.`item_id`
LEFT JOIN `categories` ON `categories`' at line 3
in SYSTEMPATH\Database\BaseConnection.php on line 647.
 1 SYSTEMPATH\Database\BaseBuilder.php(1615): CodeIgniter\Database\BaseConnection->query('SELECT `cart`.*, `items`.`name` as `item_name`, `categories`.`name` as `category_name`
FROM `cart`
LEFT JOIN `items`.* ON `items`.`item_id` = `cart`.`item_id`
LEFT JOIN `categories` ON `categories`.`category_id` = `items`.`category_id`
WHERE `cart`.`user_id` = :cart.user_id:', [...], false)
 2 APPPATH\Controllers\POSController.php(63): CodeIgniter\Database\BaseBuilder->get()
 3 SYSTEMPATH\CodeIgniter.php(942): App\Controllers\POSController->getCart('75')
 4 SYSTEMPATH\CodeIgniter.php(502): CodeIgniter\CodeIgniter->runController(Object(App\Controllers\POSController))
 5 SYSTEMPATH\CodeIgniter.php(361): CodeIgniter\CodeIgniter->handleRequest(null, Object(Config\Cache), false)
 6 FCPATH\index.php(88): CodeIgniter\CodeIgniter->run()
 7 SYSTEMPATH\Commands\Server\rewrite.php(47): require_once('C:\\laragon\\www\\laminsufinal\\laminsu\\backend\\public\\index.php')
ERROR - 2023-12-17 13:24:58 --> mysqli_sql_exception: You have an error in your SQL syntax; check the manual that corresponds to your MySQL server version for the right syntax to use near '* ON `items`.`item_id` = `cart`.`item_id`
LEFT JOIN `categories` ON `categories`' at line 3 in C:\laragon\www\laminsufinal\laminsu\backend\system\Database\MySQLi\Connection.php:306
Stack trace:
#0 C:\laragon\www\laminsufinal\laminsu\backend\system\Database\MySQLi\Connection.php(306): mysqli->query('SELECT `cart`.*...', 0)
#1 C:\laragon\www\laminsufinal\laminsu\backend\system\Database\BaseConnection.php(693): CodeIgniter\Database\MySQLi\Connection->execute('SELECT `cart`.*...')
#2 C:\laragon\www\laminsufinal\laminsu\backend\system\Database\BaseConnection.php(607): CodeIgniter\Database\BaseConnection->simpleQuery('SELECT `cart`.*...')
#3 C:\laragon\www\laminsufinal\laminsu\backend\system\Database\BaseBuilder.php(1615): CodeIgniter\Database\BaseConnection->query('SELECT `cart`.*...', Array, false)
#4 C:\laragon\www\laminsufinal\laminsu\backend\app\Controllers\POSController.php(63): CodeIgniter\Database\BaseBuilder->get()
#5 C:\laragon\www\laminsufinal\laminsu\backend\system\CodeIgniter.php(942): App\Controllers\POSController->getCart('75')
#6 C:\laragon\www\laminsufinal\laminsu\backend\system\CodeIgniter.php(502): CodeIgniter\CodeIgniter->runController(Object(App\Controllers\POSController))
#7 C:\laragon\www\laminsufinal\laminsu\backend\system\CodeIgniter.php(361): CodeIgniter\CodeIgniter->handleRequest(NULL, Object(Config\Cache), false)
#8 C:\laragon\www\laminsufinal\laminsu\backend\public\index.php(88): CodeIgniter\CodeIgniter->run()
#9 C:\laragon\www\laminsufinal\laminsu\backend\system\Commands\Server\rewrite.php(47): require_once('C:\\laragon\\www\\...')
#10 {main}
CRITICAL - 2023-12-17 13:24:58 --> You have an error in your SQL syntax; check the manual that corresponds to your MySQL server version for the right syntax to use near '* ON `items`.`item_id` = `cart`.`item_id`
LEFT JOIN `categories` ON `categories`' at line 3
in SYSTEMPATH\Database\BaseConnection.php on line 647.
 1 SYSTEMPATH\Database\BaseBuilder.php(1615): CodeIgniter\Database\BaseConnection->query('SELECT `cart`.*, `items`.`name` as `item_name`, `categories`.`name` as `category_name`
FROM `cart`
LEFT JOIN `items`.* ON `items`.`item_id` = `cart`.`item_id`
LEFT JOIN `categories` ON `categories`.`category_id` = `items`.`category_id`
WHERE `cart`.`user_id` = :cart.user_id:', [...], false)
 2 APPPATH\Controllers\POSController.php(63): CodeIgniter\Database\BaseBuilder->get()
 3 SYSTEMPATH\CodeIgniter.php(942): App\Controllers\POSController->getCart('75')
 4 SYSTEMPATH\CodeIgniter.php(502): CodeIgniter\CodeIgniter->runController(Object(App\Controllers\POSController))
 5 SYSTEMPATH\CodeIgniter.php(361): CodeIgniter\CodeIgniter->handleRequest(null, Object(Config\Cache), false)
 6 FCPATH\index.php(88): CodeIgniter\CodeIgniter->run()
 7 SYSTEMPATH\Commands\Server\rewrite.php(47): require_once('C:\\laragon\\www\\laminsufinal\\laminsu\\backend\\public\\index.php')
ERROR - 2023-12-17 13:26:07 --> mysqli_sql_exception: You have an error in your SQL syntax; check the manual that corresponds to your MySQL server version for the right syntax to use near '* ON `items`.`item_id` = `cart`.`item_id`
LEFT JOIN `categories` ON `categories`' at line 3 in C:\laragon\www\laminsufinal\laminsu\backend\system\Database\MySQLi\Connection.php:306
Stack trace:
#0 C:\laragon\www\laminsufinal\laminsu\backend\system\Database\MySQLi\Connection.php(306): mysqli->query('SELECT `cart`.*...', 0)
#1 C:\laragon\www\laminsufinal\laminsu\backend\system\Database\BaseConnection.php(693): CodeIgniter\Database\MySQLi\Connection->execute('SELECT `cart`.*...')
#2 C:\laragon\www\laminsufinal\laminsu\backend\system\Database\BaseConnection.php(607): CodeIgniter\Database\BaseConnection->simpleQuery('SELECT `cart`.*...')
#3 C:\laragon\www\laminsufinal\laminsu\backend\system\Database\BaseBuilder.php(1615): CodeIgniter\Database\BaseConnection->query('SELECT `cart`.*...', Array, false)
#4 C:\laragon\www\laminsufinal\laminsu\backend\app\Controllers\POSController.php(63): CodeIgniter\Database\BaseBuilder->get()
#5 C:\laragon\www\laminsufinal\laminsu\backend\system\CodeIgniter.php(942): App\Controllers\POSController->getCart('75')
#6 C:\laragon\www\laminsufinal\laminsu\backend\system\CodeIgniter.php(502): CodeIgniter\CodeIgniter->runController(Object(App\Controllers\POSController))
#7 C:\laragon\www\laminsufinal\laminsu\backend\system\CodeIgniter.php(361): CodeIgniter\CodeIgniter->handleRequest(NULL, Object(Config\Cache), false)
#8 C:\laragon\www\laminsufinal\laminsu\backend\public\index.php(88): CodeIgniter\CodeIgniter->run()
#9 C:\laragon\www\laminsufinal\laminsu\backend\system\Commands\Server\rewrite.php(47): require_once('C:\\laragon\\www\\...')
#10 {main}
CRITICAL - 2023-12-17 13:26:07 --> You have an error in your SQL syntax; check the manual that corresponds to your MySQL server version for the right syntax to use near '* ON `items`.`item_id` = `cart`.`item_id`
LEFT JOIN `categories` ON `categories`' at line 3
in SYSTEMPATH\Database\BaseConnection.php on line 647.
 1 SYSTEMPATH\Database\BaseBuilder.php(1615): CodeIgniter\Database\BaseConnection->query('SELECT `cart`.*, `items`.`name` as `item_name`, `categories`.`name` as `category_name`
FROM `cart`
LEFT JOIN `items`.* ON `items`.`item_id` = `cart`.`item_id`
LEFT JOIN `categories` ON `categories`.`category_id` = `items`.`category_id`
WHERE `cart`.`user_id` = :cart.user_id:', [...], false)
 2 APPPATH\Controllers\POSController.php(63): CodeIgniter\Database\BaseBuilder->get()
 3 SYSTEMPATH\CodeIgniter.php(942): App\Controllers\POSController->getCart('75')
 4 SYSTEMPATH\CodeIgniter.php(502): CodeIgniter\CodeIgniter->runController(Object(App\Controllers\POSController))
 5 SYSTEMPATH\CodeIgniter.php(361): CodeIgniter\CodeIgniter->handleRequest(null, Object(Config\Cache), false)
 6 FCPATH\index.php(88): CodeIgniter\CodeIgniter->run()
 7 SYSTEMPATH\Commands\Server\rewrite.php(47): require_once('C:\\laragon\\www\\laminsufinal\\laminsu\\backend\\public\\index.php')
ERROR - 2023-12-17 13:29:46 --> mysqli_sql_exception: You have an error in your SQL syntax; check the manual that corresponds to your MySQL server version for the right syntax to use near '* ON `items`.`item_id` = `cart`.`item_id`
LEFT JOIN `categories` ON `categories`' at line 3 in C:\laragon\www\laminsufinal\laminsu\backend\system\Database\MySQLi\Connection.php:306
Stack trace:
#0 C:\laragon\www\laminsufinal\laminsu\backend\system\Database\MySQLi\Connection.php(306): mysqli->query('SELECT `cart`.*...', 0)
#1 C:\laragon\www\laminsufinal\laminsu\backend\system\Database\BaseConnection.php(693): CodeIgniter\Database\MySQLi\Connection->execute('SELECT `cart`.*...')
#2 C:\laragon\www\laminsufinal\laminsu\backend\system\Database\BaseConnection.php(607): CodeIgniter\Database\BaseConnection->simpleQuery('SELECT `cart`.*...')
#3 C:\laragon\www\laminsufinal\laminsu\backend\system\Database\BaseBuilder.php(1615): CodeIgniter\Database\BaseConnection->query('SELECT `cart`.*...', Array, false)
#4 C:\laragon\www\laminsufinal\laminsu\backend\app\Controllers\POSController.php(63): CodeIgniter\Database\BaseBuilder->get()
#5 C:\laragon\www\laminsufinal\laminsu\backend\system\CodeIgniter.php(942): App\Controllers\POSController->getCart('75')
#6 C:\laragon\www\laminsufinal\laminsu\backend\system\CodeIgniter.php(502): CodeIgniter\CodeIgniter->runController(Object(App\Controllers\POSController))
#7 C:\laragon\www\laminsufinal\laminsu\backend\system\CodeIgniter.php(361): CodeIgniter\CodeIgniter->handleRequest(NULL, Object(Config\Cache), false)
#8 C:\laragon\www\laminsufinal\laminsu\backend\public\index.php(88): CodeIgniter\CodeIgniter->run()
#9 C:\laragon\www\laminsufinal\laminsu\backend\system\Commands\Server\rewrite.php(47): require_once('C:\\laragon\\www\\...')
#10 {main}
CRITICAL - 2023-12-17 13:29:46 --> You have an error in your SQL syntax; check the manual that corresponds to your MySQL server version for the right syntax to use near '* ON `items`.`item_id` = `cart`.`item_id`
LEFT JOIN `categories` ON `categories`' at line 3
in SYSTEMPATH\Database\BaseConnection.php on line 647.
 1 SYSTEMPATH\Database\BaseBuilder.php(1615): CodeIgniter\Database\BaseConnection->query('SELECT `cart`.*, `items`.`name` AS `item_name`, `categories`.`name` AS `category_name`
FROM `cart`
LEFT JOIN `items`.* ON `items`.`item_id` = `cart`.`item_id`
LEFT JOIN `categories` ON `categories`.`category_id` = `items`.`category_id`
WHERE `cart`.`user_id` = :cart.user_id:', [...], false)
 2 APPPATH\Controllers\POSController.php(63): CodeIgniter\Database\BaseBuilder->get()
 3 SYSTEMPATH\CodeIgniter.php(942): App\Controllers\POSController->getCart('75')
 4 SYSTEMPATH\CodeIgniter.php(502): CodeIgniter\CodeIgniter->runController(Object(App\Controllers\POSController))
 5 SYSTEMPATH\CodeIgniter.php(361): CodeIgniter\CodeIgniter->handleRequest(null, Object(Config\Cache), false)
 6 FCPATH\index.php(88): CodeIgniter\CodeIgniter->run()
 7 SYSTEMPATH\Commands\Server\rewrite.php(47): require_once('C:\\laragon\\www\\laminsufinal\\laminsu\\backend\\public\\index.php')
CRITICAL - 2023-12-17 14:24:51 --> Call to a member function isValid() on null
in APPPATH\Controllers\InventoryController.php on line 119.
 1 SYSTEMPATH\CodeIgniter.php(942): App\Controllers\InventoryController->updateProd('45')
 2 SYSTEMPATH\CodeIgniter.php(502): CodeIgniter\CodeIgniter->runController(Object(App\Controllers\InventoryController))
 3 SYSTEMPATH\CodeIgniter.php(361): CodeIgniter\CodeIgniter->handleRequest(null, Object(Config\Cache), false)
 4 FCPATH\index.php(88): CodeIgniter\CodeIgniter->run()
 5 SYSTEMPATH\Commands\Server\rewrite.php(47): require_once('C:\\laragon\\www\\laminsufinal\\laminsu\\backend\\public\\index.php')
CRITICAL - 2023-12-17 14:24:52 --> Call to a member function isValid() on null
in APPPATH\Controllers\InventoryController.php on line 119.
 1 SYSTEMPATH\CodeIgniter.php(942): App\Controllers\InventoryController->updateProd('45')
 2 SYSTEMPATH\CodeIgniter.php(502): CodeIgniter\CodeIgniter->runController(Object(App\Controllers\InventoryController))
 3 SYSTEMPATH\CodeIgniter.php(361): CodeIgniter\CodeIgniter->handleRequest(null, Object(Config\Cache), false)
 4 FCPATH\index.php(88): CodeIgniter\CodeIgniter->run()
 5 SYSTEMPATH\Commands\Server\rewrite.php(47): require_once('C:\\laragon\\www\\laminsufinal\\laminsu\\backend\\public\\index.php')
CRITICAL - 2023-12-17 14:24:52 --> Call to a member function isValid() on null
in APPPATH\Controllers\InventoryController.php on line 119.
 1 SYSTEMPATH\CodeIgniter.php(942): App\Controllers\InventoryController->updateProd('45')
 2 SYSTEMPATH\CodeIgniter.php(502): CodeIgniter\CodeIgniter->runController(Object(App\Controllers\InventoryController))
 3 SYSTEMPATH\CodeIgniter.php(361): CodeIgniter\CodeIgniter->handleRequest(null, Object(Config\Cache), false)
 4 FCPATH\index.php(88): CodeIgniter\CodeIgniter->run()
 5 SYSTEMPATH\Commands\Server\rewrite.php(47): require_once('C:\\laragon\\www\\laminsufinal\\laminsu\\backend\\public\\index.php')
CRITICAL - 2023-12-17 14:24:52 --> Call to a member function isValid() on null
in APPPATH\Controllers\InventoryController.php on line 119.
 1 SYSTEMPATH\CodeIgniter.php(942): App\Controllers\InventoryController->updateProd('45')
 2 SYSTEMPATH\CodeIgniter.php(502): CodeIgniter\CodeIgniter->runController(Object(App\Controllers\InventoryController))
 3 SYSTEMPATH\CodeIgniter.php(361): CodeIgniter\CodeIgniter->handleRequest(null, Object(Config\Cache), false)
 4 FCPATH\index.php(88): CodeIgniter\CodeIgniter->run()
 5 SYSTEMPATH\Commands\Server\rewrite.php(47): require_once('C:\\laragon\\www\\laminsufinal\\laminsu\\backend\\public\\index.php')
CRITICAL - 2023-12-17 14:24:52 --> Call to a member function isValid() on null
in APPPATH\Controllers\InventoryController.php on line 119.
 1 SYSTEMPATH\CodeIgniter.php(942): App\Controllers\InventoryController->updateProd('45')
 2 SYSTEMPATH\CodeIgniter.php(502): CodeIgniter\CodeIgniter->runController(Object(App\Controllers\InventoryController))
 3 SYSTEMPATH\CodeIgniter.php(361): CodeIgniter\CodeIgniter->handleRequest(null, Object(Config\Cache), false)
 4 FCPATH\index.php(88): CodeIgniter\CodeIgniter->run()
 5 SYSTEMPATH\Commands\Server\rewrite.php(47): require_once('C:\\laragon\\www\\laminsufinal\\laminsu\\backend\\public\\index.php')
CRITICAL - 2023-12-17 14:24:52 --> Call to a member function isValid() on null
in APPPATH\Controllers\InventoryController.php on line 119.
 1 SYSTEMPATH\CodeIgniter.php(942): App\Controllers\InventoryController->updateProd('45')
 2 SYSTEMPATH\CodeIgniter.php(502): CodeIgniter\CodeIgniter->runController(Object(App\Controllers\InventoryController))
 3 SYSTEMPATH\CodeIgniter.php(361): CodeIgniter\CodeIgniter->handleRequest(null, Object(Config\Cache), false)
 4 FCPATH\index.php(88): CodeIgniter\CodeIgniter->run()
 5 SYSTEMPATH\Commands\Server\rewrite.php(47): require_once('C:\\laragon\\www\\laminsufinal\\laminsu\\backend\\public\\index.php')
CRITICAL - 2023-12-17 14:24:53 --> Call to a member function isValid() on null
in APPPATH\Controllers\InventoryController.php on line 119.
 1 SYSTEMPATH\CodeIgniter.php(942): App\Controllers\InventoryController->updateProd('45')
 2 SYSTEMPATH\CodeIgniter.php(502): CodeIgniter\CodeIgniter->runController(Object(App\Controllers\InventoryController))
 3 SYSTEMPATH\CodeIgniter.php(361): CodeIgniter\CodeIgniter->handleRequest(null, Object(Config\Cache), false)
 4 FCPATH\index.php(88): CodeIgniter\CodeIgniter->run()
 5 SYSTEMPATH\Commands\Server\rewrite.php(47): require_once('C:\\laragon\\www\\laminsufinal\\laminsu\\backend\\public\\index.php')
CRITICAL - 2023-12-17 14:24:53 --> Call to a member function isValid() on null
in APPPATH\Controllers\InventoryController.php on line 119.
 1 SYSTEMPATH\CodeIgniter.php(942): App\Controllers\InventoryController->updateProd('45')
 2 SYSTEMPATH\CodeIgniter.php(502): CodeIgniter\CodeIgniter->runController(Object(App\Controllers\InventoryController))
 3 SYSTEMPATH\CodeIgniter.php(361): CodeIgniter\CodeIgniter->handleRequest(null, Object(Config\Cache), false)
 4 FCPATH\index.php(88): CodeIgniter\CodeIgniter->run()
 5 SYSTEMPATH\Commands\Server\rewrite.php(47): require_once('C:\\laragon\\www\\laminsufinal\\laminsu\\backend\\public\\index.php')
CRITICAL - 2023-12-17 14:24:53 --> Call to a member function isValid() on null
in APPPATH\Controllers\InventoryController.php on line 119.
 1 SYSTEMPATH\CodeIgniter.php(942): App\Controllers\InventoryController->updateProd('45')
 2 SYSTEMPATH\CodeIgniter.php(502): CodeIgniter\CodeIgniter->runController(Object(App\Controllers\InventoryController))
 3 SYSTEMPATH\CodeIgniter.php(361): CodeIgniter\CodeIgniter->handleRequest(null, Object(Config\Cache), false)
 4 FCPATH\index.php(88): CodeIgniter\CodeIgniter->run()
 5 SYSTEMPATH\Commands\Server\rewrite.php(47): require_once('C:\\laragon\\www\\laminsufinal\\laminsu\\backend\\public\\index.php')
CRITICAL - 2023-12-17 14:24:53 --> Call to a member function isValid() on null
in APPPATH\Controllers\InventoryController.php on line 119.
 1 SYSTEMPATH\CodeIgniter.php(942): App\Controllers\InventoryController->updateProd('45')
 2 SYSTEMPATH\CodeIgniter.php(502): CodeIgniter\CodeIgniter->runController(Object(App\Controllers\InventoryController))
 3 SYSTEMPATH\CodeIgniter.php(361): CodeIgniter\CodeIgniter->handleRequest(null, Object(Config\Cache), false)
 4 FCPATH\index.php(88): CodeIgniter\CodeIgniter->run()
 5 SYSTEMPATH\Commands\Server\rewrite.php(47): require_once('C:\\laragon\\www\\laminsufinal\\laminsu\\backend\\public\\index.php')
CRITICAL - 2023-12-17 14:26:15 --> Call to a member function isValid() on null
in APPPATH\Controllers\InventoryController.php on line 119.
 1 SYSTEMPATH\CodeIgniter.php(942): App\Controllers\InventoryController->updateProd('45')
 2 SYSTEMPATH\CodeIgniter.php(502): CodeIgniter\CodeIgniter->runController(Object(App\Controllers\InventoryController))
 3 SYSTEMPATH\CodeIgniter.php(361): CodeIgniter\CodeIgniter->handleRequest(null, Object(Config\Cache), false)
 4 FCPATH\index.php(88): CodeIgniter\CodeIgniter->run()
 5 SYSTEMPATH\Commands\Server\rewrite.php(47): require_once('C:\\laragon\\www\\laminsufinal\\laminsu\\backend\\public\\index.php')
CRITICAL - 2023-12-17 14:26:16 --> Call to a member function isValid() on null
in APPPATH\Controllers\InventoryController.php on line 119.
 1 SYSTEMPATH\CodeIgniter.php(942): App\Controllers\InventoryController->updateProd('45')
 2 SYSTEMPATH\CodeIgniter.php(502): CodeIgniter\CodeIgniter->runController(Object(App\Controllers\InventoryController))
 3 SYSTEMPATH\CodeIgniter.php(361): CodeIgniter\CodeIgniter->handleRequest(null, Object(Config\Cache), false)
 4 FCPATH\index.php(88): CodeIgniter\CodeIgniter->run()
 5 SYSTEMPATH\Commands\Server\rewrite.php(47): require_once('C:\\laragon\\www\\laminsufinal\\laminsu\\backend\\public\\index.php')
CRITICAL - 2023-12-17 14:26:17 --> Call to a member function isValid() on null
in APPPATH\Controllers\InventoryController.php on line 119.
 1 SYSTEMPATH\CodeIgniter.php(942): App\Controllers\InventoryController->updateProd('45')
 2 SYSTEMPATH\CodeIgniter.php(502): CodeIgniter\CodeIgniter->runController(Object(App\Controllers\InventoryController))
 3 SYSTEMPATH\CodeIgniter.php(361): CodeIgniter\CodeIgniter->handleRequest(null, Object(Config\Cache), false)
 4 FCPATH\index.php(88): CodeIgniter\CodeIgniter->run()
 5 SYSTEMPATH\Commands\Server\rewrite.php(47): require_once('C:\\laragon\\www\\laminsufinal\\laminsu\\backend\\public\\index.php')
CRITICAL - 2023-12-17 14:26:17 --> Call to a member function isValid() on null
in APPPATH\Controllers\InventoryController.php on line 119.
 1 SYSTEMPATH\CodeIgniter.php(942): App\Controllers\InventoryController->updateProd('45')
 2 SYSTEMPATH\CodeIgniter.php(502): CodeIgniter\CodeIgniter->runController(Object(App\Controllers\InventoryController))
 3 SYSTEMPATH\CodeIgniter.php(361): CodeIgniter\CodeIgniter->handleRequest(null, Object(Config\Cache), false)
 4 FCPATH\index.php(88): CodeIgniter\CodeIgniter->run()
 5 SYSTEMPATH\Commands\Server\rewrite.php(47): require_once('C:\\laragon\\www\\laminsufinal\\laminsu\\backend\\public\\index.php')
CRITICAL - 2023-12-17 14:26:17 --> Call to a member function isValid() on null
in APPPATH\Controllers\InventoryController.php on line 119.
 1 SYSTEMPATH\CodeIgniter.php(942): App\Controllers\InventoryController->updateProd('45')
 2 SYSTEMPATH\CodeIgniter.php(502): CodeIgniter\CodeIgniter->runController(Object(App\Controllers\InventoryController))
 3 SYSTEMPATH\CodeIgniter.php(361): CodeIgniter\CodeIgniter->handleRequest(null, Object(Config\Cache), false)
 4 FCPATH\index.php(88): CodeIgniter\CodeIgniter->run()
 5 SYSTEMPATH\Commands\Server\rewrite.php(47): require_once('C:\\laragon\\www\\laminsufinal\\laminsu\\backend\\public\\index.php')
CRITICAL - 2023-12-17 14:26:17 --> Call to a member function isValid() on null
in APPPATH\Controllers\InventoryController.php on line 119.
 1 SYSTEMPATH\CodeIgniter.php(942): App\Controllers\InventoryController->updateProd('45')
 2 SYSTEMPATH\CodeIgniter.php(502): CodeIgniter\CodeIgniter->runController(Object(App\Controllers\InventoryController))
 3 SYSTEMPATH\CodeIgniter.php(361): CodeIgniter\CodeIgniter->handleRequest(null, Object(Config\Cache), false)
 4 FCPATH\index.php(88): CodeIgniter\CodeIgniter->run()
 5 SYSTEMPATH\Commands\Server\rewrite.php(47): require_once('C:\\laragon\\www\\laminsufinal\\laminsu\\backend\\public\\index.php')
CRITICAL - 2023-12-17 14:26:17 --> Call to a member function isValid() on null
in APPPATH\Controllers\InventoryController.php on line 119.
 1 SYSTEMPATH\CodeIgniter.php(942): App\Controllers\InventoryController->updateProd('45')
 2 SYSTEMPATH\CodeIgniter.php(502): CodeIgniter\CodeIgniter->runController(Object(App\Controllers\InventoryController))
 3 SYSTEMPATH\CodeIgniter.php(361): CodeIgniter\CodeIgniter->handleRequest(null, Object(Config\Cache), false)
 4 FCPATH\index.php(88): CodeIgniter\CodeIgniter->run()
 5 SYSTEMPATH\Commands\Server\rewrite.php(47): require_once('C:\\laragon\\www\\laminsufinal\\laminsu\\backend\\public\\index.php')
CRITICAL - 2023-12-17 14:26:18 --> Call to a member function isValid() on null
in APPPATH\Controllers\InventoryController.php on line 119.
 1 SYSTEMPATH\CodeIgniter.php(942): App\Controllers\InventoryController->updateProd('45')
 2 SYSTEMPATH\CodeIgniter.php(502): CodeIgniter\CodeIgniter->runController(Object(App\Controllers\InventoryController))
 3 SYSTEMPATH\CodeIgniter.php(361): CodeIgniter\CodeIgniter->handleRequest(null, Object(Config\Cache), false)
 4 FCPATH\index.php(88): CodeIgniter\CodeIgniter->run()
 5 SYSTEMPATH\Commands\Server\rewrite.php(47): require_once('C:\\laragon\\www\\laminsufinal\\laminsu\\backend\\public\\index.php')
CRITICAL - 2023-12-17 14:26:18 --> Call to a member function isValid() on null
in APPPATH\Controllers\InventoryController.php on line 119.
 1 SYSTEMPATH\CodeIgniter.php(942): App\Controllers\InventoryController->updateProd('45')
 2 SYSTEMPATH\CodeIgniter.php(502): CodeIgniter\CodeIgniter->runController(Object(App\Controllers\InventoryController))
 3 SYSTEMPATH\CodeIgniter.php(361): CodeIgniter\CodeIgniter->handleRequest(null, Object(Config\Cache), false)
 4 FCPATH\index.php(88): CodeIgniter\CodeIgniter->run()
 5 SYSTEMPATH\Commands\Server\rewrite.php(47): require_once('C:\\laragon\\www\\laminsufinal\\laminsu\\backend\\public\\index.php')
ERROR - 2023-12-17 14:58:07 --> mysqli_sql_exception: Column 'oldQuantity' cannot be null in C:\laragon\www\laminsufinal\laminsu\backend\system\Database\MySQLi\Connection.php:306
Stack trace:
#0 C:\laragon\www\laminsufinal\laminsu\backend\system\Database\MySQLi\Connection.php(306): mysqli->query('INSERT INTO `au...', 0)
#1 C:\laragon\www\laminsufinal\laminsu\backend\system\Database\BaseConnection.php(693): CodeIgniter\Database\MySQLi\Connection->execute('INSERT INTO `au...')
#2 C:\laragon\www\laminsufinal\laminsu\backend\system\Database\BaseConnection.php(607): CodeIgniter\Database\BaseConnection->simpleQuery('INSERT INTO `au...')
#3 C:\laragon\www\laminsufinal\laminsu\backend\system\Database\BaseBuilder.php(2308): CodeIgniter\Database\BaseConnection->query('INSERT INTO `au...', Array, false)
#4 C:\laragon\www\laminsufinal\laminsu\backend\system\Model.php(319): CodeIgniter\Database\BaseBuilder->insert()
#5 C:\laragon\www\laminsufinal\laminsu\backend\system\BaseModel.php(788): CodeIgniter\Model->doInsert(Array)
#6 C:\laragon\www\laminsufinal\laminsu\backend\system\Model.php(715): CodeIgniter\BaseModel->insert(Array, false)
#7 C:\laragon\www\laminsufinal\laminsu\backend\system\BaseModel.php(698): CodeIgniter\Model->insert(Array, false)
#8 C:\laragon\www\laminsufinal\laminsu\backend\app\Controllers\InventoryController.php(184): CodeIgniter\BaseModel->save(Array)
#9 C:\laragon\www\laminsufinal\laminsu\backend\system\CodeIgniter.php(942): App\Controllers\InventoryController->updateQ('45')
#10 C:\laragon\www\laminsufinal\laminsu\backend\system\CodeIgniter.php(502): CodeIgniter\CodeIgniter->runController(Object(App\Controllers\InventoryController))
#11 C:\laragon\www\laminsufinal\laminsu\backend\system\CodeIgniter.php(361): CodeIgniter\CodeIgniter->handleRequest(NULL, Object(Config\Cache), false)
#12 C:\laragon\www\laminsufinal\laminsu\backend\public\index.php(88): CodeIgniter\CodeIgniter->run()
#13 C:\laragon\www\laminsufinal\laminsu\backend\system\Commands\Server\rewrite.php(47): require_once('C:\\laragon\\www\\...')
#14 {main}
CRITICAL - 2023-12-17 14:58:07 --> Column 'oldQuantity' cannot be null
in SYSTEMPATH\Database\BaseConnection.php on line 647.
 1 SYSTEMPATH\Database\BaseBuilder.php(2308): CodeIgniter\Database\BaseConnection->query('INSERT INTO `audit` (`item_id`, `oldQuantity`, `quantity`, `type`) VALUES (:item_id:, :oldQuantity:, :quantity:, :type:)', [...], false)
 2 SYSTEMPATH\Model.php(319): CodeIgniter\Database\BaseBuilder->insert()
 3 SYSTEMPATH\BaseModel.php(788): CodeIgniter\Model->doInsert([...])
 4 SYSTEMPATH\Model.php(715): CodeIgniter\BaseModel->insert([...], false)
 5 SYSTEMPATH\BaseModel.php(698): CodeIgniter\Model->insert([...], false)
 6 APPPATH\Controllers\InventoryController.php(184): CodeIgniter\BaseModel->save([...])
 7 SYSTEMPATH\CodeIgniter.php(942): App\Controllers\InventoryController->updateQ('45')
 8 SYSTEMPATH\CodeIgniter.php(502): CodeIgniter\CodeIgniter->runController(Object(App\Controllers\InventoryController))
 9 SYSTEMPATH\CodeIgniter.php(361): CodeIgniter\CodeIgniter->handleRequest(null, Object(Config\Cache), false)
10 FCPATH\index.php(88): CodeIgniter\CodeIgniter->run()
11 SYSTEMPATH\Commands\Server\rewrite.php(47): require_once('C:\\laragon\\www\\laminsufinal\\laminsu\\backend\\public\\index.php')
ERROR - 2023-12-17 14:58:44 --> mysqli_sql_exception: Column 'oldQuantity' cannot be null in C:\laragon\www\laminsufinal\laminsu\backend\system\Database\MySQLi\Connection.php:306
Stack trace:
#0 C:\laragon\www\laminsufinal\laminsu\backend\system\Database\MySQLi\Connection.php(306): mysqli->query('INSERT INTO `au...', 0)
#1 C:\laragon\www\laminsufinal\laminsu\backend\system\Database\BaseConnection.php(693): CodeIgniter\Database\MySQLi\Connection->execute('INSERT INTO `au...')
#2 C:\laragon\www\laminsufinal\laminsu\backend\system\Database\BaseConnection.php(607): CodeIgniter\Database\BaseConnection->simpleQuery('INSERT INTO `au...')
#3 C:\laragon\www\laminsufinal\laminsu\backend\system\Database\BaseBuilder.php(2308): CodeIgniter\Database\BaseConnection->query('INSERT INTO `au...', Array, false)
#4 C:\laragon\www\laminsufinal\laminsu\backend\system\Model.php(319): CodeIgniter\Database\BaseBuilder->insert()
#5 C:\laragon\www\laminsufinal\laminsu\backend\system\BaseModel.php(788): CodeIgniter\Model->doInsert(Array)
#6 C:\laragon\www\laminsufinal\laminsu\backend\system\Model.php(715): CodeIgniter\BaseModel->insert(Array, false)
#7 C:\laragon\www\laminsufinal\laminsu\backend\system\BaseModel.php(698): CodeIgniter\Model->insert(Array, false)
#8 C:\laragon\www\laminsufinal\laminsu\backend\app\Controllers\InventoryController.php(184): CodeIgniter\BaseModel->save(Array)
#9 C:\laragon\www\laminsufinal\laminsu\backend\system\CodeIgniter.php(942): App\Controllers\InventoryController->updateQ('45')
#10 C:\laragon\www\laminsufinal\laminsu\backend\system\CodeIgniter.php(502): CodeIgniter\CodeIgniter->runController(Object(App\Controllers\InventoryController))
#11 C:\laragon\www\laminsufinal\laminsu\backend\system\CodeIgniter.php(361): CodeIgniter\CodeIgniter->handleRequest(NULL, Object(Config\Cache), false)
#12 C:\laragon\www\laminsufinal\laminsu\backend\public\index.php(88): CodeIgniter\CodeIgniter->run()
#13 C:\laragon\www\laminsufinal\laminsu\backend\system\Commands\Server\rewrite.php(47): require_once('C:\\laragon\\www\\...')
#14 {main}
CRITICAL - 2023-12-17 14:58:44 --> Column 'oldQuantity' cannot be null
in SYSTEMPATH\Database\BaseConnection.php on line 647.
 1 SYSTEMPATH\Database\BaseBuilder.php(2308): CodeIgniter\Database\BaseConnection->query('INSERT INTO `audit` (`item_id`, `oldQuantity`, `quantity`, `type`) VALUES (:item_id:, :oldQuantity:, :quantity:, :type:)', [...], false)
 2 SYSTEMPATH\Model.php(319): CodeIgniter\Database\BaseBuilder->insert()
 3 SYSTEMPATH\BaseModel.php(788): CodeIgniter\Model->doInsert([...])
 4 SYSTEMPATH\Model.php(715): CodeIgniter\BaseModel->insert([...], false)
 5 SYSTEMPATH\BaseModel.php(698): CodeIgniter\Model->insert([...], false)
 6 APPPATH\Controllers\InventoryController.php(184): CodeIgniter\BaseModel->save([...])
 7 SYSTEMPATH\CodeIgniter.php(942): App\Controllers\InventoryController->updateQ('45')
 8 SYSTEMPATH\CodeIgniter.php(502): CodeIgniter\CodeIgniter->runController(Object(App\Controllers\InventoryController))
 9 SYSTEMPATH\CodeIgniter.php(361): CodeIgniter\CodeIgniter->handleRequest(null, Object(Config\Cache), false)
10 FCPATH\index.php(88): CodeIgniter\CodeIgniter->run()
11 SYSTEMPATH\Commands\Server\rewrite.php(47): require_once('C:\\laragon\\www\\laminsufinal\\laminsu\\backend\\public\\index.php')
CRITICAL - 2023-12-17 23:47:24 --> Too few arguments to function App\Controllers\CheckoutController::payment(), 0 passed in C:\laragon\www\laminsufinal\laminsu\backend\system\CodeIgniter.php on line 942 and exactly 1 expected
in APPPATH\Controllers\CheckoutController.php on line 153.
 1 SYSTEMPATH\CodeIgniter.php(942): App\Controllers\CheckoutController->payment()
 2 SYSTEMPATH\CodeIgniter.php(502): CodeIgniter\CodeIgniter->runController(Object(App\Controllers\CheckoutController))
 3 SYSTEMPATH\CodeIgniter.php(361): CodeIgniter\CodeIgniter->handleRequest(null, Object(Config\Cache), false)
 4 FCPATH\index.php(88): CodeIgniter\CodeIgniter->run()
 5 SYSTEMPATH\Commands\Server\rewrite.php(47): require_once('C:\\laragon\\www\\laminsufinal\\laminsu\\backend\\public\\index.php')
CRITICAL - 2023-12-17 23:48:57 --> Too few arguments to function App\Controllers\CheckoutController::payment(), 0 passed in C:\laragon\www\laminsufinal\laminsu\backend\system\CodeIgniter.php on line 942 and exactly 1 expected
in APPPATH\Controllers\CheckoutController.php on line 153.
 1 SYSTEMPATH\CodeIgniter.php(942): App\Controllers\CheckoutController->payment()
 2 SYSTEMPATH\CodeIgniter.php(502): CodeIgniter\CodeIgniter->runController(Object(App\Controllers\CheckoutController))
 3 SYSTEMPATH\CodeIgniter.php(361): CodeIgniter\CodeIgniter->handleRequest(null, Object(Config\Cache), false)
 4 FCPATH\index.php(88): CodeIgniter\CodeIgniter->run()
 5 SYSTEMPATH\Commands\Server\rewrite.php(47): require_once('C:\\laragon\\www\\laminsufinal\\laminsu\\backend\\public\\index.php')
CRITICAL - 2023-12-17 23:50:49 --> Too few arguments to function App\Controllers\CheckoutController::payment(), 0 passed in C:\laragon\www\laminsufinal\laminsu\backend\system\CodeIgniter.php on line 942 and exactly 1 expected
in APPPATH\Controllers\CheckoutController.php on line 153.
 1 SYSTEMPATH\CodeIgniter.php(942): App\Controllers\CheckoutController->payment()
 2 SYSTEMPATH\CodeIgniter.php(502): CodeIgniter\CodeIgniter->runController(Object(App\Controllers\CheckoutController))
 3 SYSTEMPATH\CodeIgniter.php(361): CodeIgniter\CodeIgniter->handleRequest(null, Object(Config\Cache), false)
 4 FCPATH\index.php(88): CodeIgniter\CodeIgniter->run()
 5 SYSTEMPATH\Commands\Server\rewrite.php(47): require_once('C:\\laragon\\www\\laminsufinal\\laminsu\\backend\\public\\index.php')
CRITICAL - 2023-12-17 23:51:45 --> Too few arguments to function App\Controllers\CheckoutController::payment(), 0 passed in C:\laragon\www\laminsufinal\laminsu\backend\system\CodeIgniter.php on line 942 and exactly 1 expected
in APPPATH\Controllers\CheckoutController.php on line 153.
 1 SYSTEMPATH\CodeIgniter.php(942): App\Controllers\CheckoutController->payment()
 2 SYSTEMPATH\CodeIgniter.php(502): CodeIgniter\CodeIgniter->runController(Object(App\Controllers\CheckoutController))
 3 SYSTEMPATH\CodeIgniter.php(361): CodeIgniter\CodeIgniter->handleRequest(null, Object(Config\Cache), false)
 4 FCPATH\index.php(88): CodeIgniter\CodeIgniter->run()
 5 SYSTEMPATH\Commands\Server\rewrite.php(47): require_once('C:\\laragon\\www\\laminsufinal\\laminsu\\backend\\public\\index.php')
