ERROR - 2023-12-21 06:22:53 --> mysqli_sql_exception: Column 'user_id' cannot be null in C:\laragon\www\laminsufinal\laminsu\backend\system\Database\MySQLi\Connection.php:306
Stack trace:
#0 C:\laragon\www\laminsufinal\laminsu\backend\system\Database\MySQLi\Connection.php(306): mysqli->query('INSERT INTO `ta...', 0)
#1 C:\laragon\www\laminsufinal\laminsu\backend\system\Database\BaseConnection.php(693): CodeIgniter\Database\MySQLi\Connection->execute('INSERT INTO `ta...')
#2 C:\laragon\www\laminsufinal\laminsu\backend\system\Database\BaseConnection.php(607): CodeIgniter\Database\BaseConnection->simpleQuery('INSERT INTO `ta...')
#3 C:\laragon\www\laminsufinal\laminsu\backend\system\Database\BaseBuilder.php(2308): CodeIgniter\Database\BaseConnection->query('INSERT INTO `ta...', Array, false)
#4 C:\laragon\www\laminsufinal\laminsu\backend\system\Model.php(319): CodeIgniter\Database\BaseBuilder->insert()
#5 C:\laragon\www\laminsufinal\laminsu\backend\system\BaseModel.php(788): CodeIgniter\Model->doInsert(Array)
#6 C:\laragon\www\laminsufinal\laminsu\backend\system\Model.php(715): CodeIgniter\BaseModel->insert(Array, false)
#7 C:\laragon\www\laminsufinal\laminsu\backend\system\BaseModel.php(698): CodeIgniter\Model->insert(Array, false)
#8 C:\laragon\www\laminsufinal\laminsu\backend\app\Controllers\MainController.php(70): CodeIgniter\BaseModel->save(Array)
#9 C:\laragon\www\laminsufinal\laminsu\backend\system\CodeIgniter.php(942): App\Controllers\MainController->book()
#10 C:\laragon\www\laminsufinal\laminsu\backend\system\CodeIgniter.php(502): CodeIgniter\CodeIgniter->runController(Object(App\Controllers\MainController))
#11 C:\laragon\www\laminsufinal\laminsu\backend\system\CodeIgniter.php(361): CodeIgniter\CodeIgniter->handleRequest(NULL, Object(Config\Cache), false)
#12 C:\laragon\www\laminsufinal\laminsu\backend\public\index.php(88): CodeIgniter\CodeIgniter->run()
#13 C:\laragon\www\laminsufinal\laminsu\backend\system\Commands\Server\rewrite.php(47): require_once('C:\\laragon\\www\\...')
#14 {main}
CRITICAL - 2023-12-21 06:22:53 --> Column 'user_id' cannot be null
in SYSTEMPATH\Database\BaseConnection.php on line 647.
 1 SYSTEMPATH\Database\BaseBuilder.php(2308): CodeIgniter\Database\BaseConnection->query('INSERT INTO `table_book` (`user_id`, `booktime`, `bookdate`, `message`, `table_id`) VALUES (:user_id:, :booktime:, :bookdate:, :message:, :table_id:)', [...], false)
 2 SYSTEMPATH\Model.php(319): CodeIgniter\Database\BaseBuilder->insert()
 3 SYSTEMPATH\BaseModel.php(788): CodeIgniter\Model->doInsert([...])
 4 SYSTEMPATH\Model.php(715): CodeIgniter\BaseModel->insert([...], false)
 5 SYSTEMPATH\BaseModel.php(698): CodeIgniter\Model->insert([...], false)
 6 APPPATH\Controllers\MainController.php(70): CodeIgniter\BaseModel->save([...])
 7 SYSTEMPATH\CodeIgniter.php(942): App\Controllers\MainController->book()
 8 SYSTEMPATH\CodeIgniter.php(502): CodeIgniter\CodeIgniter->runController(Object(App\Controllers\MainController))
 9 SYSTEMPATH\CodeIgniter.php(361): CodeIgniter\CodeIgniter->handleRequest(null, Object(Config\Cache), false)
10 FCPATH\index.php(88): CodeIgniter\CodeIgniter->run()
11 SYSTEMPATH\Commands\Server\rewrite.php(47): require_once('C:\\laragon\\www\\laminsufinal\\laminsu\\backend\\public\\index.php')
ERROR - 2023-12-21 07:30:15 --> mysqli_sql_exception: Column 'email' cannot be null in C:\laragon\www\laminsufinal\laminsu\backend\system\Database\MySQLi\Connection.php:306
Stack trace:
#0 C:\laragon\www\laminsufinal\laminsu\backend\system\Database\MySQLi\Connection.php(306): mysqli->query('INSERT INTO `cr...', 0)
#1 C:\laragon\www\laminsufinal\laminsu\backend\system\Database\BaseConnection.php(693): CodeIgniter\Database\MySQLi\Connection->execute('INSERT INTO `cr...')
#2 C:\laragon\www\laminsufinal\laminsu\backend\system\Database\BaseConnection.php(607): CodeIgniter\Database\BaseConnection->simpleQuery('INSERT INTO `cr...')
#3 C:\laragon\www\laminsufinal\laminsu\backend\system\Database\BaseBuilder.php(2308): CodeIgniter\Database\BaseConnection->query('INSERT INTO `cr...', Array, false)
#4 C:\laragon\www\laminsufinal\laminsu\backend\system\Model.php(319): CodeIgniter\Database\BaseBuilder->insert()
#5 C:\laragon\www\laminsufinal\laminsu\backend\system\BaseModel.php(788): CodeIgniter\Model->doInsert(Array)
#6 C:\laragon\www\laminsufinal\laminsu\backend\system\Model.php(715): CodeIgniter\BaseModel->insert(Array, false)
#7 C:\laragon\www\laminsufinal\laminsu\backend\system\BaseModel.php(698): CodeIgniter\Model->insert(Array, false)
#8 C:\laragon\www\laminsufinal\laminsu\backend\app\Controllers\CrudController.php(54): CodeIgniter\BaseModel->save(Array)
#9 C:\laragon\www\laminsufinal\laminsu\backend\system\CodeIgniter.php(942): App\Controllers\CrudController->saveee()
#10 C:\laragon\www\laminsufinal\laminsu\backend\system\CodeIgniter.php(502): CodeIgniter\CodeIgniter->runController(Object(App\Controllers\CrudController))
#11 C:\laragon\www\laminsufinal\laminsu\backend\system\CodeIgniter.php(361): CodeIgniter\CodeIgniter->handleRequest(NULL, Object(Config\Cache), false)
#12 C:\laragon\www\laminsufinal\laminsu\backend\public\index.php(88): CodeIgniter\CodeIgniter->run()
#13 C:\laragon\www\laminsufinal\laminsu\backend\system\Commands\Server\rewrite.php(47): require_once('C:\\laragon\\www\\...')
#14 {main}
CRITICAL - 2023-12-21 07:30:15 --> Column 'email' cannot be null
in SYSTEMPATH\Database\BaseConnection.php on line 647.
 1 SYSTEMPATH\Database\BaseBuilder.php(2308): CodeIgniter\Database\BaseConnection->query('INSERT INTO `crud` (`name`, `email`) VALUES (:name:, :email:)', [...], false)
 2 SYSTEMPATH\Model.php(319): CodeIgniter\Database\BaseBuilder->insert()
 3 SYSTEMPATH\BaseModel.php(788): CodeIgniter\Model->doInsert([...])
 4 SYSTEMPATH\Model.php(715): CodeIgniter\BaseModel->insert([...], false)
 5 SYSTEMPATH\BaseModel.php(698): CodeIgniter\Model->insert([...], false)
 6 APPPATH\Controllers\CrudController.php(54): CodeIgniter\BaseModel->save([...])
 7 SYSTEMPATH\CodeIgniter.php(942): App\Controllers\CrudController->saveee()
 8 SYSTEMPATH\CodeIgniter.php(502): CodeIgniter\CodeIgniter->runController(Object(App\Controllers\CrudController))
 9 SYSTEMPATH\CodeIgniter.php(361): CodeIgniter\CodeIgniter->handleRequest(null, Object(Config\Cache), false)
10 FCPATH\index.php(88): CodeIgniter\CodeIgniter->run()
11 SYSTEMPATH\Commands\Server\rewrite.php(47): require_once('C:\\laragon\\www\\laminsufinal\\laminsu\\backend\\public\\index.php')
ERROR - 2023-12-21 08:11:46 --> mysqli_sql_exception: Column 'name' cannot be null in C:\laragon\www\laminsufinal\laminsu\backend\system\Database\MySQLi\Connection.php:306
Stack trace:
#0 C:\laragon\www\laminsufinal\laminsu\backend\system\Database\MySQLi\Connection.php(306): mysqli->query('INSERT INTO `cr...', 0)
#1 C:\laragon\www\laminsufinal\laminsu\backend\system\Database\BaseConnection.php(693): CodeIgniter\Database\MySQLi\Connection->execute('INSERT INTO `cr...')
#2 C:\laragon\www\laminsufinal\laminsu\backend\system\Database\BaseConnection.php(607): CodeIgniter\Database\BaseConnection->simpleQuery('INSERT INTO `cr...')
#3 C:\laragon\www\laminsufinal\laminsu\backend\system\Database\BaseBuilder.php(2308): CodeIgniter\Database\BaseConnection->query('INSERT INTO `cr...', Array, false)
#4 C:\laragon\www\laminsufinal\laminsu\backend\system\Model.php(319): CodeIgniter\Database\BaseBuilder->insert()
#5 C:\laragon\www\laminsufinal\laminsu\backend\system\BaseModel.php(788): CodeIgniter\Model->doInsert(Array)
#6 C:\laragon\www\laminsufinal\laminsu\backend\system\Model.php(715): CodeIgniter\BaseModel->insert(Array, false)
#7 C:\laragon\www\laminsufinal\laminsu\backend\system\BaseModel.php(698): CodeIgniter\Model->insert(Array, false)
#8 C:\laragon\www\laminsufinal\laminsu\backend\app\Controllers\CrudController.php(54): CodeIgniter\BaseModel->save(Array)
#9 C:\laragon\www\laminsufinal\laminsu\backend\system\CodeIgniter.php(942): App\Controllers\CrudController->saveee()
#10 C:\laragon\www\laminsufinal\laminsu\backend\system\CodeIgniter.php(502): CodeIgniter\CodeIgniter->runController(Object(App\Controllers\CrudController))
#11 C:\laragon\www\laminsufinal\laminsu\backend\system\CodeIgniter.php(361): CodeIgniter\CodeIgniter->handleRequest(NULL, Object(Config\Cache), false)
#12 C:\laragon\www\laminsufinal\laminsu\backend\public\index.php(88): CodeIgniter\CodeIgniter->run()
#13 C:\laragon\www\laminsufinal\laminsu\backend\system\Commands\Server\rewrite.php(47): require_once('C:\\laragon\\www\\...')
#14 {main}
CRITICAL - 2023-12-21 08:11:46 --> Column 'name' cannot be null
in SYSTEMPATH\Database\BaseConnection.php on line 647.
 1 SYSTEMPATH\Database\BaseBuilder.php(2308): CodeIgniter\Database\BaseConnection->query('INSERT INTO `crud` (`name`, `email`) VALUES (:name:, :email:)', [...], false)
 2 SYSTEMPATH\Model.php(319): CodeIgniter\Database\BaseBuilder->insert()
 3 SYSTEMPATH\BaseModel.php(788): CodeIgniter\Model->doInsert([...])
 4 SYSTEMPATH\Model.php(715): CodeIgniter\BaseModel->insert([...], false)
 5 SYSTEMPATH\BaseModel.php(698): CodeIgniter\Model->insert([...], false)
 6 APPPATH\Controllers\CrudController.php(54): CodeIgniter\BaseModel->save([...])
 7 SYSTEMPATH\CodeIgniter.php(942): App\Controllers\CrudController->saveee()
 8 SYSTEMPATH\CodeIgniter.php(502): CodeIgniter\CodeIgniter->runController(Object(App\Controllers\CrudController))
 9 SYSTEMPATH\CodeIgniter.php(361): CodeIgniter\CodeIgniter->handleRequest(null, Object(Config\Cache), false)
10 FCPATH\index.php(88): CodeIgniter\CodeIgniter->run()
11 SYSTEMPATH\Commands\Server\rewrite.php(47): require_once('C:\\laragon\\www\\laminsufinal\\laminsu\\backend\\public\\index.php')
ERROR - 2023-12-21 08:14:27 --> Error saving data:Call to undefined method App\Models\CrudModel::saveee
