CRITICAL - 2023-11-05 14:44:21 --> Call to undefined method App\Models\MainModel::getUserByEmail
in SYSTEMPATH\Model.php on line 873.
 1 APPPATH\Controllers\MainController.php(30): CodeIgniter\Model->__call('getUserByEmail', [...])
 2 SYSTEMPATH\CodeIgniter.php(942): App\Controllers\MainController->signup()
 3 SYSTEMPATH\CodeIgniter.php(502): CodeIgniter\CodeIgniter->runController(Object(App\Controllers\MainController))
 4 SYSTEMPATH\CodeIgniter.php(361): CodeIgniter\CodeIgniter->handleRequest(null, Object(Config\Cache), false)
 5 FCPATH\index.php(88): CodeIgniter\CodeIgniter->run()
 6 SYSTEMPATH\Commands\Server\rewrite.php(47): require_once('C:\\laragon\\www\\LA MINSU - Copy - Copy\\backend\\public\\index.php')
CRITICAL - 2023-11-05 14:48:45 --> Argument 1 passed to CodeIgniter\Validation\Validation::run() must be of the type array or null, object given, called in C:\laragon\www\LA MINSU - Copy - Copy\backend\app\Controllers\MainController.php on line 40
in SYSTEMPATH\Validation\Validation.php on line 134.
 1 APPPATH\Controllers\MainController.php(40): CodeIgniter\Validation\Validation->run(Object(stdClass))
 2 SYSTEMPATH\CodeIgniter.php(942): App\Controllers\MainController->signup()
 3 SYSTEMPATH\CodeIgniter.php(502): CodeIgniter\CodeIgniter->runController(Object(App\Controllers\MainController))
 4 SYSTEMPATH\CodeIgniter.php(361): CodeIgniter\CodeIgniter->handleRequest(null, Object(Config\Cache), false)
 5 FCPATH\index.php(88): CodeIgniter\CodeIgniter->run()
 6 SYSTEMPATH\Commands\Server\rewrite.php(47): require_once('C:\\laragon\\www\\LA MINSU - Copy - Copy\\backend\\public\\index.php')
CRITICAL - 2023-11-05 14:49:44 --> Argument 1 passed to CodeIgniter\Validation\Validation::run() must be of the type array or null, object given, called in C:\laragon\www\LA MINSU - Copy - Copy\backend\app\Controllers\MainController.php on line 40
in SYSTEMPATH\Validation\Validation.php on line 134.
 1 APPPATH\Controllers\MainController.php(40): CodeIgniter\Validation\Validation->run(Object(stdClass))
 2 SYSTEMPATH\CodeIgniter.php(942): App\Controllers\MainController->signup()
 3 SYSTEMPATH\CodeIgniter.php(502): CodeIgniter\CodeIgniter->runController(Object(App\Controllers\MainController))
 4 SYSTEMPATH\CodeIgniter.php(361): CodeIgniter\CodeIgniter->handleRequest(null, Object(Config\Cache), false)
 5 FCPATH\index.php(88): CodeIgniter\CodeIgniter->run()
 6 SYSTEMPATH\Commands\Server\rewrite.php(47): require_once('C:\\laragon\\www\\LA MINSU - Copy - Copy\\backend\\public\\index.php')
CRITICAL - 2023-11-05 15:14:32 --> Argument 1 passed to CodeIgniter\Validation\Validation::run() must be of the type array or null, object given, called in C:\laragon\www\LA MINSU - Copy - Copy\backend\app\Controllers\MainController.php on line 40
in SYSTEMPATH\Validation\Validation.php on line 134.
 1 APPPATH\Controllers\MainController.php(40): CodeIgniter\Validation\Validation->run(Object(stdClass))
 2 SYSTEMPATH\CodeIgniter.php(942): App\Controllers\MainController->signup()
 3 SYSTEMPATH\CodeIgniter.php(502): CodeIgniter\CodeIgniter->runController(Object(App\Controllers\MainController))
 4 SYSTEMPATH\CodeIgniter.php(361): CodeIgniter\CodeIgniter->handleRequest(null, Object(Config\Cache), false)
 5 FCPATH\index.php(88): CodeIgniter\CodeIgniter->run()
 6 SYSTEMPATH\Commands\Server\rewrite.php(47): require_once('C:\\laragon\\www\\LA MINSU - Copy - Copy\\backend\\public\\index.php')
CRITICAL - 2023-11-05 15:16:46 --> Argument 1 passed to CodeIgniter\Validation\Validation::run() must be of the type array or null, object given, called in C:\laragon\www\LA MINSU - Copy - Copy\backend\app\Controllers\MainController.php on line 40
in SYSTEMPATH\Validation\Validation.php on line 134.
 1 APPPATH\Controllers\MainController.php(40): CodeIgniter\Validation\Validation->run(Object(stdClass))
 2 SYSTEMPATH\CodeIgniter.php(942): App\Controllers\MainController->signup()
 3 SYSTEMPATH\CodeIgniter.php(502): CodeIgniter\CodeIgniter->runController(Object(App\Controllers\MainController))
 4 SYSTEMPATH\CodeIgniter.php(361): CodeIgniter\CodeIgniter->handleRequest(null, Object(Config\Cache), false)
 5 FCPATH\index.php(88): CodeIgniter\CodeIgniter->run()
 6 SYSTEMPATH\Commands\Server\rewrite.php(47): require_once('C:\\laragon\\www\\LA MINSU - Copy - Copy\\backend\\public\\index.php')
CRITICAL - 2023-11-05 15:20:11 --> Argument 1 passed to CodeIgniter\Validation\Validation::run() must be of the type array or null, object given, called in C:\laragon\www\LA MINSU - Copy - Copy\backend\app\Controllers\MainController.php on line 40
in SYSTEMPATH\Validation\Validation.php on line 134.
 1 APPPATH\Controllers\MainController.php(40): CodeIgniter\Validation\Validation->run(Object(stdClass))
 2 SYSTEMPATH\CodeIgniter.php(942): App\Controllers\MainController->signup()
 3 SYSTEMPATH\CodeIgniter.php(502): CodeIgniter\CodeIgniter->runController(Object(App\Controllers\MainController))
 4 SYSTEMPATH\CodeIgniter.php(361): CodeIgniter\CodeIgniter->handleRequest(null, Object(Config\Cache), false)
 5 FCPATH\index.php(88): CodeIgniter\CodeIgniter->run()
 6 SYSTEMPATH\Commands\Server\rewrite.php(47): require_once('C:\\laragon\\www\\LA MINSU - Copy - Copy\\backend\\public\\index.php')
CRITICAL - 2023-11-05 15:24:34 --> Argument 1 passed to CodeIgniter\Validation\Validation::run() must be of the type array or null, object given, called in C:\laragon\www\LA MINSU - Copy - Copy\backend\app\Controllers\MainController.php on line 40
in SYSTEMPATH\Validation\Validation.php on line 134.
 1 APPPATH\Controllers\MainController.php(40): CodeIgniter\Validation\Validation->run(Object(stdClass))
 2 SYSTEMPATH\CodeIgniter.php(942): App\Controllers\MainController->signup()
 3 SYSTEMPATH\CodeIgniter.php(502): CodeIgniter\CodeIgniter->runController(Object(App\Controllers\MainController))
 4 SYSTEMPATH\CodeIgniter.php(361): CodeIgniter\CodeIgniter->handleRequest(null, Object(Config\Cache), false)
 5 FCPATH\index.php(88): CodeIgniter\CodeIgniter->run()
 6 SYSTEMPATH\Commands\Server\rewrite.php(47): require_once('C:\\laragon\\www\\LA MINSU - Copy - Copy\\backend\\public\\index.php')
CRITICAL - 2023-11-05 15:28:49 --> Argument 1 passed to CodeIgniter\Validation\Validation::run() must be of the type array or null, object given, called in C:\laragon\www\LA MINSU - Copy - Copy\backend\app\Controllers\MainController.php on line 40
in SYSTEMPATH\Validation\Validation.php on line 134.
 1 APPPATH\Controllers\MainController.php(40): CodeIgniter\Validation\Validation->run(Object(stdClass))
 2 SYSTEMPATH\CodeIgniter.php(942): App\Controllers\MainController->signup()
 3 SYSTEMPATH\CodeIgniter.php(502): CodeIgniter\CodeIgniter->runController(Object(App\Controllers\MainController))
 4 SYSTEMPATH\CodeIgniter.php(361): CodeIgniter\CodeIgniter->handleRequest(null, Object(Config\Cache), false)
 5 FCPATH\index.php(88): CodeIgniter\CodeIgniter->run()
 6 SYSTEMPATH\Commands\Server\rewrite.php(47): require_once('C:\\laragon\\www\\LA MINSU - Copy - Copy\\backend\\public\\index.php')
