CRITICAL - 2023-11-21 05:45:11 --> Call to a member function where() on null
in APPPATH\Controllers\MainController.php on line 61.
 1 SYSTEMPATH\CodeIgniter.php(942): App\Controllers\MainController->register()
 2 SYSTEMPATH\CodeIgniter.php(502): CodeIgniter\CodeIgniter->runController(Object(App\Controllers\MainController))
 3 SYSTEMPATH\CodeIgniter.php(361): CodeIgniter\CodeIgniter->handleRequest(null, Object(Config\Cache), false)
 4 FCPATH\index.php(88): CodeIgniter\CodeIgniter->run()
 5 SYSTEMPATH\Commands\Server\rewrite.php(47): require_once('C:\\laragon\\www\\laminsufinal\\laminsu\\backend\\public\\index.php')
CRITICAL - 2023-11-21 05:45:28 --> Call to a member function where() on null
in APPPATH\Controllers\MainController.php on line 61.
 1 SYSTEMPATH\CodeIgniter.php(942): App\Controllers\MainController->register()
 2 SYSTEMPATH\CodeIgniter.php(502): CodeIgniter\CodeIgniter->runController(Object(App\Controllers\MainController))
 3 SYSTEMPATH\CodeIgniter.php(361): CodeIgniter\CodeIgniter->handleRequest(null, Object(Config\Cache), false)
 4 FCPATH\index.php(88): CodeIgniter\CodeIgniter->run()
 5 SYSTEMPATH\Commands\Server\rewrite.php(47): require_once('C:\\laragon\\www\\laminsufinal\\laminsu\\backend\\public\\index.php')
CRITICAL - 2023-11-21 05:45:29 --> Call to a member function where() on null
in APPPATH\Controllers\MainController.php on line 61.
 1 SYSTEMPATH\CodeIgniter.php(942): App\Controllers\MainController->register()
 2 SYSTEMPATH\CodeIgniter.php(502): CodeIgniter\CodeIgniter->runController(Object(App\Controllers\MainController))
 3 SYSTEMPATH\CodeIgniter.php(361): CodeIgniter\CodeIgniter->handleRequest(null, Object(Config\Cache), false)
 4 FCPATH\index.php(88): CodeIgniter\CodeIgniter->run()
 5 SYSTEMPATH\Commands\Server\rewrite.php(47): require_once('C:\\laragon\\www\\laminsufinal\\laminsu\\backend\\public\\index.php')
CRITICAL - 2023-11-21 05:46:41 --> Call to a member function where() on null
in APPPATH\Controllers\MainController.php on line 61.
 1 SYSTEMPATH\CodeIgniter.php(942): App\Controllers\MainController->register()
 2 SYSTEMPATH\CodeIgniter.php(502): CodeIgniter\CodeIgniter->runController(Object(App\Controllers\MainController))
 3 SYSTEMPATH\CodeIgniter.php(361): CodeIgniter\CodeIgniter->handleRequest(null, Object(Config\Cache), false)
 4 FCPATH\index.php(88): CodeIgniter\CodeIgniter->run()
 5 SYSTEMPATH\Commands\Server\rewrite.php(47): require_once('C:\\laragon\\www\\laminsufinal\\laminsu\\backend\\public\\index.php')
CRITICAL - 2023-11-21 05:49:54 --> Call to a member function where() on null
in APPPATH\Controllers\MainController.php on line 61.
 1 SYSTEMPATH\CodeIgniter.php(942): App\Controllers\MainController->register()
 2 SYSTEMPATH\CodeIgniter.php(502): CodeIgniter\CodeIgniter->runController(Object(App\Controllers\MainController))
 3 SYSTEMPATH\CodeIgniter.php(361): CodeIgniter\CodeIgniter->handleRequest(null, Object(Config\Cache), false)
 4 FCPATH\index.php(88): CodeIgniter\CodeIgniter->run()
 5 SYSTEMPATH\Commands\Server\rewrite.php(47): require_once('C:\\laragon\\www\\laminsufinal\\laminsu\\backend\\public\\index.php')
CRITICAL - 2023-11-21 05:49:54 --> Call to a member function where() on null
in APPPATH\Controllers\MainController.php on line 61.
 1 SYSTEMPATH\CodeIgniter.php(942): App\Controllers\MainController->register()
 2 SYSTEMPATH\CodeIgniter.php(502): CodeIgniter\CodeIgniter->runController(Object(App\Controllers\MainController))
 3 SYSTEMPATH\CodeIgniter.php(361): CodeIgniter\CodeIgniter->handleRequest(null, Object(Config\Cache), false)
 4 FCPATH\index.php(88): CodeIgniter\CodeIgniter->run()
 5 SYSTEMPATH\Commands\Server\rewrite.php(47): require_once('C:\\laragon\\www\\laminsufinal\\laminsu\\backend\\public\\index.php')
CRITICAL - 2023-11-21 05:50:58 --> Call to a member function where() on null
in APPPATH\Controllers\MainController.php on line 61.
 1 SYSTEMPATH\CodeIgniter.php(942): App\Controllers\MainController->register()
 2 SYSTEMPATH\CodeIgniter.php(502): CodeIgniter\CodeIgniter->runController(Object(App\Controllers\MainController))
 3 SYSTEMPATH\CodeIgniter.php(361): CodeIgniter\CodeIgniter->handleRequest(null, Object(Config\Cache), false)
 4 FCPATH\index.php(88): CodeIgniter\CodeIgniter->run()
 5 SYSTEMPATH\Commands\Server\rewrite.php(47): require_once('C:\\laragon\\www\\laminsufinal\\laminsu\\backend\\public\\index.php')
CRITICAL - 2023-11-21 05:53:17 --> Call to a member function where() on null
in APPPATH\Controllers\MainController.php on line 61.
 1 SYSTEMPATH\CodeIgniter.php(942): App\Controllers\MainController->register()
 2 SYSTEMPATH\CodeIgniter.php(502): CodeIgniter\CodeIgniter->runController(Object(App\Controllers\MainController))
 3 SYSTEMPATH\CodeIgniter.php(361): CodeIgniter\CodeIgniter->handleRequest(null, Object(Config\Cache), false)
 4 FCPATH\index.php(88): CodeIgniter\CodeIgniter->run()
 5 SYSTEMPATH\Commands\Server\rewrite.php(47): require_once('C:\\laragon\\www\\laminsufinal\\laminsu\\backend\\public\\index.php')
CRITICAL - 2023-11-21 05:53:17 --> Call to a member function where() on null
in APPPATH\Controllers\MainController.php on line 61.
 1 SYSTEMPATH\CodeIgniter.php(942): App\Controllers\MainController->register()
 2 SYSTEMPATH\CodeIgniter.php(502): CodeIgniter\CodeIgniter->runController(Object(App\Controllers\MainController))
 3 SYSTEMPATH\CodeIgniter.php(361): CodeIgniter\CodeIgniter->handleRequest(null, Object(Config\Cache), false)
 4 FCPATH\index.php(88): CodeIgniter\CodeIgniter->run()
 5 SYSTEMPATH\Commands\Server\rewrite.php(47): require_once('C:\\laragon\\www\\laminsufinal\\laminsu\\backend\\public\\index.php')
CRITICAL - 2023-11-21 05:53:17 --> Call to a member function where() on null
in APPPATH\Controllers\MainController.php on line 61.
 1 SYSTEMPATH\CodeIgniter.php(942): App\Controllers\MainController->register()
 2 SYSTEMPATH\CodeIgniter.php(502): CodeIgniter\CodeIgniter->runController(Object(App\Controllers\MainController))
 3 SYSTEMPATH\CodeIgniter.php(361): CodeIgniter\CodeIgniter->handleRequest(null, Object(Config\Cache), false)
 4 FCPATH\index.php(88): CodeIgniter\CodeIgniter->run()
 5 SYSTEMPATH\Commands\Server\rewrite.php(47): require_once('C:\\laragon\\www\\laminsufinal\\laminsu\\backend\\public\\index.php')
CRITICAL - 2023-11-21 05:53:17 --> Call to a member function where() on null
in APPPATH\Controllers\MainController.php on line 61.
 1 SYSTEMPATH\CodeIgniter.php(942): App\Controllers\MainController->register()
 2 SYSTEMPATH\CodeIgniter.php(502): CodeIgniter\CodeIgniter->runController(Object(App\Controllers\MainController))
 3 SYSTEMPATH\CodeIgniter.php(361): CodeIgniter\CodeIgniter->handleRequest(null, Object(Config\Cache), false)
 4 FCPATH\index.php(88): CodeIgniter\CodeIgniter->run()
 5 SYSTEMPATH\Commands\Server\rewrite.php(47): require_once('C:\\laragon\\www\\laminsufinal\\laminsu\\backend\\public\\index.php')
CRITICAL - 2023-11-21 05:53:17 --> Call to a member function where() on null
in APPPATH\Controllers\MainController.php on line 61.
 1 SYSTEMPATH\CodeIgniter.php(942): App\Controllers\MainController->register()
 2 SYSTEMPATH\CodeIgniter.php(502): CodeIgniter\CodeIgniter->runController(Object(App\Controllers\MainController))
 3 SYSTEMPATH\CodeIgniter.php(361): CodeIgniter\CodeIgniter->handleRequest(null, Object(Config\Cache), false)
 4 FCPATH\index.php(88): CodeIgniter\CodeIgniter->run()
 5 SYSTEMPATH\Commands\Server\rewrite.php(47): require_once('C:\\laragon\\www\\laminsufinal\\laminsu\\backend\\public\\index.php')
CRITICAL - 2023-11-21 05:53:17 --> Call to a member function where() on null
in APPPATH\Controllers\MainController.php on line 61.
 1 SYSTEMPATH\CodeIgniter.php(942): App\Controllers\MainController->register()
 2 SYSTEMPATH\CodeIgniter.php(502): CodeIgniter\CodeIgniter->runController(Object(App\Controllers\MainController))
 3 SYSTEMPATH\CodeIgniter.php(361): CodeIgniter\CodeIgniter->handleRequest(null, Object(Config\Cache), false)
 4 FCPATH\index.php(88): CodeIgniter\CodeIgniter->run()
 5 SYSTEMPATH\Commands\Server\rewrite.php(47): require_once('C:\\laragon\\www\\laminsufinal\\laminsu\\backend\\public\\index.php')
CRITICAL - 2023-11-21 05:53:18 --> Call to a member function where() on null
in APPPATH\Controllers\MainController.php on line 61.
 1 SYSTEMPATH\CodeIgniter.php(942): App\Controllers\MainController->register()
 2 SYSTEMPATH\CodeIgniter.php(502): CodeIgniter\CodeIgniter->runController(Object(App\Controllers\MainController))
 3 SYSTEMPATH\CodeIgniter.php(361): CodeIgniter\CodeIgniter->handleRequest(null, Object(Config\Cache), false)
 4 FCPATH\index.php(88): CodeIgniter\CodeIgniter->run()
 5 SYSTEMPATH\Commands\Server\rewrite.php(47): require_once('C:\\laragon\\www\\laminsufinal\\laminsu\\backend\\public\\index.php')
CRITICAL - 2023-11-21 05:53:18 --> Call to a member function where() on null
in APPPATH\Controllers\MainController.php on line 61.
 1 SYSTEMPATH\CodeIgniter.php(942): App\Controllers\MainController->register()
 2 SYSTEMPATH\CodeIgniter.php(502): CodeIgniter\CodeIgniter->runController(Object(App\Controllers\MainController))
 3 SYSTEMPATH\CodeIgniter.php(361): CodeIgniter\CodeIgniter->handleRequest(null, Object(Config\Cache), false)
 4 FCPATH\index.php(88): CodeIgniter\CodeIgniter->run()
 5 SYSTEMPATH\Commands\Server\rewrite.php(47): require_once('C:\\laragon\\www\\laminsufinal\\laminsu\\backend\\public\\index.php')
CRITICAL - 2023-11-21 05:53:18 --> Call to a member function where() on null
in APPPATH\Controllers\MainController.php on line 61.
 1 SYSTEMPATH\CodeIgniter.php(942): App\Controllers\MainController->register()
 2 SYSTEMPATH\CodeIgniter.php(502): CodeIgniter\CodeIgniter->runController(Object(App\Controllers\MainController))
 3 SYSTEMPATH\CodeIgniter.php(361): CodeIgniter\CodeIgniter->handleRequest(null, Object(Config\Cache), false)
 4 FCPATH\index.php(88): CodeIgniter\CodeIgniter->run()
 5 SYSTEMPATH\Commands\Server\rewrite.php(47): require_once('C:\\laragon\\www\\laminsufinal\\laminsu\\backend\\public\\index.php')
CRITICAL - 2023-11-21 05:53:18 --> Call to a member function where() on null
in APPPATH\Controllers\MainController.php on line 61.
 1 SYSTEMPATH\CodeIgniter.php(942): App\Controllers\MainController->register()
 2 SYSTEMPATH\CodeIgniter.php(502): CodeIgniter\CodeIgniter->runController(Object(App\Controllers\MainController))
 3 SYSTEMPATH\CodeIgniter.php(361): CodeIgniter\CodeIgniter->handleRequest(null, Object(Config\Cache), false)
 4 FCPATH\index.php(88): CodeIgniter\CodeIgniter->run()
 5 SYSTEMPATH\Commands\Server\rewrite.php(47): require_once('C:\\laragon\\www\\laminsufinal\\laminsu\\backend\\public\\index.php')
CRITICAL - 2023-11-21 05:54:45 --> Call to a member function where() on null
in APPPATH\Controllers\MainController.php on line 61.
 1 SYSTEMPATH\CodeIgniter.php(942): App\Controllers\MainController->register()
 2 SYSTEMPATH\CodeIgniter.php(502): CodeIgniter\CodeIgniter->runController(Object(App\Controllers\MainController))
 3 SYSTEMPATH\CodeIgniter.php(361): CodeIgniter\CodeIgniter->handleRequest(null, Object(Config\Cache), false)
 4 FCPATH\index.php(88): CodeIgniter\CodeIgniter->run()
 5 SYSTEMPATH\Commands\Server\rewrite.php(47): require_once('C:\\laragon\\www\\laminsufinal\\laminsu\\backend\\public\\index.php')
CRITICAL - 2023-11-21 05:54:45 --> Call to a member function where() on null
in APPPATH\Controllers\MainController.php on line 61.
 1 SYSTEMPATH\CodeIgniter.php(942): App\Controllers\MainController->register()
 2 SYSTEMPATH\CodeIgniter.php(502): CodeIgniter\CodeIgniter->runController(Object(App\Controllers\MainController))
 3 SYSTEMPATH\CodeIgniter.php(361): CodeIgniter\CodeIgniter->handleRequest(null, Object(Config\Cache), false)
 4 FCPATH\index.php(88): CodeIgniter\CodeIgniter->run()
 5 SYSTEMPATH\Commands\Server\rewrite.php(47): require_once('C:\\laragon\\www\\laminsufinal\\laminsu\\backend\\public\\index.php')
CRITICAL - 2023-11-21 05:54:45 --> Call to a member function where() on null
in APPPATH\Controllers\MainController.php on line 61.
 1 SYSTEMPATH\CodeIgniter.php(942): App\Controllers\MainController->register()
 2 SYSTEMPATH\CodeIgniter.php(502): CodeIgniter\CodeIgniter->runController(Object(App\Controllers\MainController))
 3 SYSTEMPATH\CodeIgniter.php(361): CodeIgniter\CodeIgniter->handleRequest(null, Object(Config\Cache), false)
 4 FCPATH\index.php(88): CodeIgniter\CodeIgniter->run()
 5 SYSTEMPATH\Commands\Server\rewrite.php(47): require_once('C:\\laragon\\www\\laminsufinal\\laminsu\\backend\\public\\index.php')
CRITICAL - 2023-11-21 05:54:45 --> Call to a member function where() on null
in APPPATH\Controllers\MainController.php on line 61.
 1 SYSTEMPATH\CodeIgniter.php(942): App\Controllers\MainController->register()
 2 SYSTEMPATH\CodeIgniter.php(502): CodeIgniter\CodeIgniter->runController(Object(App\Controllers\MainController))
 3 SYSTEMPATH\CodeIgniter.php(361): CodeIgniter\CodeIgniter->handleRequest(null, Object(Config\Cache), false)
 4 FCPATH\index.php(88): CodeIgniter\CodeIgniter->run()
 5 SYSTEMPATH\Commands\Server\rewrite.php(47): require_once('C:\\laragon\\www\\laminsufinal\\laminsu\\backend\\public\\index.php')
CRITICAL - 2023-11-21 05:54:46 --> Call to a member function where() on null
in APPPATH\Controllers\MainController.php on line 61.
 1 SYSTEMPATH\CodeIgniter.php(942): App\Controllers\MainController->register()
 2 SYSTEMPATH\CodeIgniter.php(502): CodeIgniter\CodeIgniter->runController(Object(App\Controllers\MainController))
 3 SYSTEMPATH\CodeIgniter.php(361): CodeIgniter\CodeIgniter->handleRequest(null, Object(Config\Cache), false)
 4 FCPATH\index.php(88): CodeIgniter\CodeIgniter->run()
 5 SYSTEMPATH\Commands\Server\rewrite.php(47): require_once('C:\\laragon\\www\\laminsufinal\\laminsu\\backend\\public\\index.php')
CRITICAL - 2023-11-21 05:54:46 --> Call to a member function where() on null
in APPPATH\Controllers\MainController.php on line 61.
 1 SYSTEMPATH\CodeIgniter.php(942): App\Controllers\MainController->register()
 2 SYSTEMPATH\CodeIgniter.php(502): CodeIgniter\CodeIgniter->runController(Object(App\Controllers\MainController))
 3 SYSTEMPATH\CodeIgniter.php(361): CodeIgniter\CodeIgniter->handleRequest(null, Object(Config\Cache), false)
 4 FCPATH\index.php(88): CodeIgniter\CodeIgniter->run()
 5 SYSTEMPATH\Commands\Server\rewrite.php(47): require_once('C:\\laragon\\www\\laminsufinal\\laminsu\\backend\\public\\index.php')
CRITICAL - 2023-11-21 05:54:46 --> Call to a member function where() on null
in APPPATH\Controllers\MainController.php on line 61.
 1 SYSTEMPATH\CodeIgniter.php(942): App\Controllers\MainController->register()
 2 SYSTEMPATH\CodeIgniter.php(502): CodeIgniter\CodeIgniter->runController(Object(App\Controllers\MainController))
 3 SYSTEMPATH\CodeIgniter.php(361): CodeIgniter\CodeIgniter->handleRequest(null, Object(Config\Cache), false)
 4 FCPATH\index.php(88): CodeIgniter\CodeIgniter->run()
 5 SYSTEMPATH\Commands\Server\rewrite.php(47): require_once('C:\\laragon\\www\\laminsufinal\\laminsu\\backend\\public\\index.php')
CRITICAL - 2023-11-21 05:54:46 --> Call to a member function where() on null
in APPPATH\Controllers\MainController.php on line 61.
 1 SYSTEMPATH\CodeIgniter.php(942): App\Controllers\MainController->register()
 2 SYSTEMPATH\CodeIgniter.php(502): CodeIgniter\CodeIgniter->runController(Object(App\Controllers\MainController))
 3 SYSTEMPATH\CodeIgniter.php(361): CodeIgniter\CodeIgniter->handleRequest(null, Object(Config\Cache), false)
 4 FCPATH\index.php(88): CodeIgniter\CodeIgniter->run()
 5 SYSTEMPATH\Commands\Server\rewrite.php(47): require_once('C:\\laragon\\www\\laminsufinal\\laminsu\\backend\\public\\index.php')
CRITICAL - 2023-11-21 05:54:46 --> Call to a member function where() on null
in APPPATH\Controllers\MainController.php on line 61.
 1 SYSTEMPATH\CodeIgniter.php(942): App\Controllers\MainController->register()
 2 SYSTEMPATH\CodeIgniter.php(502): CodeIgniter\CodeIgniter->runController(Object(App\Controllers\MainController))
 3 SYSTEMPATH\CodeIgniter.php(361): CodeIgniter\CodeIgniter->handleRequest(null, Object(Config\Cache), false)
 4 FCPATH\index.php(88): CodeIgniter\CodeIgniter->run()
 5 SYSTEMPATH\Commands\Server\rewrite.php(47): require_once('C:\\laragon\\www\\laminsufinal\\laminsu\\backend\\public\\index.php')
CRITICAL - 2023-11-21 05:54:46 --> Call to a member function where() on null
in APPPATH\Controllers\MainController.php on line 61.
 1 SYSTEMPATH\CodeIgniter.php(942): App\Controllers\MainController->register()
 2 SYSTEMPATH\CodeIgniter.php(502): CodeIgniter\CodeIgniter->runController(Object(App\Controllers\MainController))
 3 SYSTEMPATH\CodeIgniter.php(361): CodeIgniter\CodeIgniter->handleRequest(null, Object(Config\Cache), false)
 4 FCPATH\index.php(88): CodeIgniter\CodeIgniter->run()
 5 SYSTEMPATH\Commands\Server\rewrite.php(47): require_once('C:\\laragon\\www\\laminsufinal\\laminsu\\backend\\public\\index.php')
CRITICAL - 2023-11-21 05:54:47 --> Call to a member function where() on null
in APPPATH\Controllers\MainController.php on line 61.
 1 SYSTEMPATH\CodeIgniter.php(942): App\Controllers\MainController->register()
 2 SYSTEMPATH\CodeIgniter.php(502): CodeIgniter\CodeIgniter->runController(Object(App\Controllers\MainController))
 3 SYSTEMPATH\CodeIgniter.php(361): CodeIgniter\CodeIgniter->handleRequest(null, Object(Config\Cache), false)
 4 FCPATH\index.php(88): CodeIgniter\CodeIgniter->run()
 5 SYSTEMPATH\Commands\Server\rewrite.php(47): require_once('C:\\laragon\\www\\laminsufinal\\laminsu\\backend\\public\\index.php')
CRITICAL - 2023-11-21 05:54:47 --> Call to a member function where() on null
in APPPATH\Controllers\MainController.php on line 61.
 1 SYSTEMPATH\CodeIgniter.php(942): App\Controllers\MainController->register()
 2 SYSTEMPATH\CodeIgniter.php(502): CodeIgniter\CodeIgniter->runController(Object(App\Controllers\MainController))
 3 SYSTEMPATH\CodeIgniter.php(361): CodeIgniter\CodeIgniter->handleRequest(null, Object(Config\Cache), false)
 4 FCPATH\index.php(88): CodeIgniter\CodeIgniter->run()
 5 SYSTEMPATH\Commands\Server\rewrite.php(47): require_once('C:\\laragon\\www\\laminsufinal\\laminsu\\backend\\public\\index.php')
CRITICAL - 2023-11-21 05:57:19 --> Call to a member function where() on null
in APPPATH\Controllers\MainController.php on line 61.
 1 SYSTEMPATH\CodeIgniter.php(942): App\Controllers\MainController->register()
 2 SYSTEMPATH\CodeIgniter.php(502): CodeIgniter\CodeIgniter->runController(Object(App\Controllers\MainController))
 3 SYSTEMPATH\CodeIgniter.php(361): CodeIgniter\CodeIgniter->handleRequest(null, Object(Config\Cache), false)
 4 FCPATH\index.php(88): CodeIgniter\CodeIgniter->run()
 5 SYSTEMPATH\Commands\Server\rewrite.php(47): require_once('C:\\laragon\\www\\laminsufinal\\laminsu\\backend\\public\\index.php')
CRITICAL - 2023-11-21 05:57:20 --> Call to a member function where() on null
in APPPATH\Controllers\MainController.php on line 61.
 1 SYSTEMPATH\CodeIgniter.php(942): App\Controllers\MainController->register()
 2 SYSTEMPATH\CodeIgniter.php(502): CodeIgniter\CodeIgniter->runController(Object(App\Controllers\MainController))
 3 SYSTEMPATH\CodeIgniter.php(361): CodeIgniter\CodeIgniter->handleRequest(null, Object(Config\Cache), false)
 4 FCPATH\index.php(88): CodeIgniter\CodeIgniter->run()
 5 SYSTEMPATH\Commands\Server\rewrite.php(47): require_once('C:\\laragon\\www\\laminsufinal\\laminsu\\backend\\public\\index.php')
CRITICAL - 2023-11-21 05:57:21 --> Call to a member function where() on null
in APPPATH\Controllers\MainController.php on line 61.
 1 SYSTEMPATH\CodeIgniter.php(942): App\Controllers\MainController->register()
 2 SYSTEMPATH\CodeIgniter.php(502): CodeIgniter\CodeIgniter->runController(Object(App\Controllers\MainController))
 3 SYSTEMPATH\CodeIgniter.php(361): CodeIgniter\CodeIgniter->handleRequest(null, Object(Config\Cache), false)
 4 FCPATH\index.php(88): CodeIgniter\CodeIgniter->run()
 5 SYSTEMPATH\Commands\Server\rewrite.php(47): require_once('C:\\laragon\\www\\laminsufinal\\laminsu\\backend\\public\\index.php')
CRITICAL - 2023-11-21 05:57:21 --> Call to a member function where() on null
in APPPATH\Controllers\MainController.php on line 61.
 1 SYSTEMPATH\CodeIgniter.php(942): App\Controllers\MainController->register()
 2 SYSTEMPATH\CodeIgniter.php(502): CodeIgniter\CodeIgniter->runController(Object(App\Controllers\MainController))
 3 SYSTEMPATH\CodeIgniter.php(361): CodeIgniter\CodeIgniter->handleRequest(null, Object(Config\Cache), false)
 4 FCPATH\index.php(88): CodeIgniter\CodeIgniter->run()
 5 SYSTEMPATH\Commands\Server\rewrite.php(47): require_once('C:\\laragon\\www\\laminsufinal\\laminsu\\backend\\public\\index.php')
CRITICAL - 2023-11-21 05:57:21 --> Call to a member function where() on null
in APPPATH\Controllers\MainController.php on line 61.
 1 SYSTEMPATH\CodeIgniter.php(942): App\Controllers\MainController->register()
 2 SYSTEMPATH\CodeIgniter.php(502): CodeIgniter\CodeIgniter->runController(Object(App\Controllers\MainController))
 3 SYSTEMPATH\CodeIgniter.php(361): CodeIgniter\CodeIgniter->handleRequest(null, Object(Config\Cache), false)
 4 FCPATH\index.php(88): CodeIgniter\CodeIgniter->run()
 5 SYSTEMPATH\Commands\Server\rewrite.php(47): require_once('C:\\laragon\\www\\laminsufinal\\laminsu\\backend\\public\\index.php')
CRITICAL - 2023-11-21 05:57:21 --> Call to a member function where() on null
in APPPATH\Controllers\MainController.php on line 61.
 1 SYSTEMPATH\CodeIgniter.php(942): App\Controllers\MainController->register()
 2 SYSTEMPATH\CodeIgniter.php(502): CodeIgniter\CodeIgniter->runController(Object(App\Controllers\MainController))
 3 SYSTEMPATH\CodeIgniter.php(361): CodeIgniter\CodeIgniter->handleRequest(null, Object(Config\Cache), false)
 4 FCPATH\index.php(88): CodeIgniter\CodeIgniter->run()
 5 SYSTEMPATH\Commands\Server\rewrite.php(47): require_once('C:\\laragon\\www\\laminsufinal\\laminsu\\backend\\public\\index.php')
CRITICAL - 2023-11-21 05:57:21 --> Call to a member function where() on null
in APPPATH\Controllers\MainController.php on line 61.
 1 SYSTEMPATH\CodeIgniter.php(942): App\Controllers\MainController->register()
 2 SYSTEMPATH\CodeIgniter.php(502): CodeIgniter\CodeIgniter->runController(Object(App\Controllers\MainController))
 3 SYSTEMPATH\CodeIgniter.php(361): CodeIgniter\CodeIgniter->handleRequest(null, Object(Config\Cache), false)
 4 FCPATH\index.php(88): CodeIgniter\CodeIgniter->run()
 5 SYSTEMPATH\Commands\Server\rewrite.php(47): require_once('C:\\laragon\\www\\laminsufinal\\laminsu\\backend\\public\\index.php')
CRITICAL - 2023-11-21 05:57:21 --> Call to a member function where() on null
in APPPATH\Controllers\MainController.php on line 61.
 1 SYSTEMPATH\CodeIgniter.php(942): App\Controllers\MainController->register()
 2 SYSTEMPATH\CodeIgniter.php(502): CodeIgniter\CodeIgniter->runController(Object(App\Controllers\MainController))
 3 SYSTEMPATH\CodeIgniter.php(361): CodeIgniter\CodeIgniter->handleRequest(null, Object(Config\Cache), false)
 4 FCPATH\index.php(88): CodeIgniter\CodeIgniter->run()
 5 SYSTEMPATH\Commands\Server\rewrite.php(47): require_once('C:\\laragon\\www\\laminsufinal\\laminsu\\backend\\public\\index.php')
CRITICAL - 2023-11-21 05:57:22 --> Call to a member function where() on null
in APPPATH\Controllers\MainController.php on line 61.
 1 SYSTEMPATH\CodeIgniter.php(942): App\Controllers\MainController->register()
 2 SYSTEMPATH\CodeIgniter.php(502): CodeIgniter\CodeIgniter->runController(Object(App\Controllers\MainController))
 3 SYSTEMPATH\CodeIgniter.php(361): CodeIgniter\CodeIgniter->handleRequest(null, Object(Config\Cache), false)
 4 FCPATH\index.php(88): CodeIgniter\CodeIgniter->run()
 5 SYSTEMPATH\Commands\Server\rewrite.php(47): require_once('C:\\laragon\\www\\laminsufinal\\laminsu\\backend\\public\\index.php')
CRITICAL - 2023-11-21 05:57:22 --> Call to a member function where() on null
in APPPATH\Controllers\MainController.php on line 61.
 1 SYSTEMPATH\CodeIgniter.php(942): App\Controllers\MainController->register()
 2 SYSTEMPATH\CodeIgniter.php(502): CodeIgniter\CodeIgniter->runController(Object(App\Controllers\MainController))
 3 SYSTEMPATH\CodeIgniter.php(361): CodeIgniter\CodeIgniter->handleRequest(null, Object(Config\Cache), false)
 4 FCPATH\index.php(88): CodeIgniter\CodeIgniter->run()
 5 SYSTEMPATH\Commands\Server\rewrite.php(47): require_once('C:\\laragon\\www\\laminsufinal\\laminsu\\backend\\public\\index.php')
CRITICAL - 2023-11-21 05:57:22 --> Call to a member function where() on null
in APPPATH\Controllers\MainController.php on line 61.
 1 SYSTEMPATH\CodeIgniter.php(942): App\Controllers\MainController->register()
 2 SYSTEMPATH\CodeIgniter.php(502): CodeIgniter\CodeIgniter->runController(Object(App\Controllers\MainController))
 3 SYSTEMPATH\CodeIgniter.php(361): CodeIgniter\CodeIgniter->handleRequest(null, Object(Config\Cache), false)
 4 FCPATH\index.php(88): CodeIgniter\CodeIgniter->run()
 5 SYSTEMPATH\Commands\Server\rewrite.php(47): require_once('C:\\laragon\\www\\laminsufinal\\laminsu\\backend\\public\\index.php')
CRITICAL - 2023-11-21 05:57:22 --> Call to a member function where() on null
in APPPATH\Controllers\MainController.php on line 61.
 1 SYSTEMPATH\CodeIgniter.php(942): App\Controllers\MainController->register()
 2 SYSTEMPATH\CodeIgniter.php(502): CodeIgniter\CodeIgniter->runController(Object(App\Controllers\MainController))
 3 SYSTEMPATH\CodeIgniter.php(361): CodeIgniter\CodeIgniter->handleRequest(null, Object(Config\Cache), false)
 4 FCPATH\index.php(88): CodeIgniter\CodeIgniter->run()
 5 SYSTEMPATH\Commands\Server\rewrite.php(47): require_once('C:\\laragon\\www\\laminsufinal\\laminsu\\backend\\public\\index.php')
CRITICAL - 2023-11-21 05:57:22 --> Call to a member function where() on null
in APPPATH\Controllers\MainController.php on line 61.
 1 SYSTEMPATH\CodeIgniter.php(942): App\Controllers\MainController->register()
 2 SYSTEMPATH\CodeIgniter.php(502): CodeIgniter\CodeIgniter->runController(Object(App\Controllers\MainController))
 3 SYSTEMPATH\CodeIgniter.php(361): CodeIgniter\CodeIgniter->handleRequest(null, Object(Config\Cache), false)
 4 FCPATH\index.php(88): CodeIgniter\CodeIgniter->run()
 5 SYSTEMPATH\Commands\Server\rewrite.php(47): require_once('C:\\laragon\\www\\laminsufinal\\laminsu\\backend\\public\\index.php')
CRITICAL - 2023-11-21 05:57:22 --> Call to a member function where() on null
in APPPATH\Controllers\MainController.php on line 61.
 1 SYSTEMPATH\CodeIgniter.php(942): App\Controllers\MainController->register()
 2 SYSTEMPATH\CodeIgniter.php(502): CodeIgniter\CodeIgniter->runController(Object(App\Controllers\MainController))
 3 SYSTEMPATH\CodeIgniter.php(361): CodeIgniter\CodeIgniter->handleRequest(null, Object(Config\Cache), false)
 4 FCPATH\index.php(88): CodeIgniter\CodeIgniter->run()
 5 SYSTEMPATH\Commands\Server\rewrite.php(47): require_once('C:\\laragon\\www\\laminsufinal\\laminsu\\backend\\public\\index.php')
CRITICAL - 2023-11-21 05:57:22 --> Call to a member function where() on null
in APPPATH\Controllers\MainController.php on line 61.
 1 SYSTEMPATH\CodeIgniter.php(942): App\Controllers\MainController->register()
 2 SYSTEMPATH\CodeIgniter.php(502): CodeIgniter\CodeIgniter->runController(Object(App\Controllers\MainController))
 3 SYSTEMPATH\CodeIgniter.php(361): CodeIgniter\CodeIgniter->handleRequest(null, Object(Config\Cache), false)
 4 FCPATH\index.php(88): CodeIgniter\CodeIgniter->run()
 5 SYSTEMPATH\Commands\Server\rewrite.php(47): require_once('C:\\laragon\\www\\laminsufinal\\laminsu\\backend\\public\\index.php')
CRITICAL - 2023-11-21 05:57:23 --> Call to a member function where() on null
in APPPATH\Controllers\MainController.php on line 61.
 1 SYSTEMPATH\CodeIgniter.php(942): App\Controllers\MainController->register()
 2 SYSTEMPATH\CodeIgniter.php(502): CodeIgniter\CodeIgniter->runController(Object(App\Controllers\MainController))
 3 SYSTEMPATH\CodeIgniter.php(361): CodeIgniter\CodeIgniter->handleRequest(null, Object(Config\Cache), false)
 4 FCPATH\index.php(88): CodeIgniter\CodeIgniter->run()
 5 SYSTEMPATH\Commands\Server\rewrite.php(47): require_once('C:\\laragon\\www\\laminsufinal\\laminsu\\backend\\public\\index.php')
CRITICAL - 2023-11-21 05:57:23 --> Call to a member function where() on null
in APPPATH\Controllers\MainController.php on line 61.
 1 SYSTEMPATH\CodeIgniter.php(942): App\Controllers\MainController->register()
 2 SYSTEMPATH\CodeIgniter.php(502): CodeIgniter\CodeIgniter->runController(Object(App\Controllers\MainController))
 3 SYSTEMPATH\CodeIgniter.php(361): CodeIgniter\CodeIgniter->handleRequest(null, Object(Config\Cache), false)
 4 FCPATH\index.php(88): CodeIgniter\CodeIgniter->run()
 5 SYSTEMPATH\Commands\Server\rewrite.php(47): require_once('C:\\laragon\\www\\laminsufinal\\laminsu\\backend\\public\\index.php')
CRITICAL - 2023-11-21 05:57:23 --> Call to a member function where() on null
in APPPATH\Controllers\MainController.php on line 61.
 1 SYSTEMPATH\CodeIgniter.php(942): App\Controllers\MainController->register()
 2 SYSTEMPATH\CodeIgniter.php(502): CodeIgniter\CodeIgniter->runController(Object(App\Controllers\MainController))
 3 SYSTEMPATH\CodeIgniter.php(361): CodeIgniter\CodeIgniter->handleRequest(null, Object(Config\Cache), false)
 4 FCPATH\index.php(88): CodeIgniter\CodeIgniter->run()
 5 SYSTEMPATH\Commands\Server\rewrite.php(47): require_once('C:\\laragon\\www\\laminsufinal\\laminsu\\backend\\public\\index.php')
CRITICAL - 2023-11-21 05:57:23 --> Call to a member function where() on null
in APPPATH\Controllers\MainController.php on line 61.
 1 SYSTEMPATH\CodeIgniter.php(942): App\Controllers\MainController->register()
 2 SYSTEMPATH\CodeIgniter.php(502): CodeIgniter\CodeIgniter->runController(Object(App\Controllers\MainController))
 3 SYSTEMPATH\CodeIgniter.php(361): CodeIgniter\CodeIgniter->handleRequest(null, Object(Config\Cache), false)
 4 FCPATH\index.php(88): CodeIgniter\CodeIgniter->run()
 5 SYSTEMPATH\Commands\Server\rewrite.php(47): require_once('C:\\laragon\\www\\laminsufinal\\laminsu\\backend\\public\\index.php')
CRITICAL - 2023-11-21 05:57:23 --> Call to a member function where() on null
in APPPATH\Controllers\MainController.php on line 61.
 1 SYSTEMPATH\CodeIgniter.php(942): App\Controllers\MainController->register()
 2 SYSTEMPATH\CodeIgniter.php(502): CodeIgniter\CodeIgniter->runController(Object(App\Controllers\MainController))
 3 SYSTEMPATH\CodeIgniter.php(361): CodeIgniter\CodeIgniter->handleRequest(null, Object(Config\Cache), false)
 4 FCPATH\index.php(88): CodeIgniter\CodeIgniter->run()
 5 SYSTEMPATH\Commands\Server\rewrite.php(47): require_once('C:\\laragon\\www\\laminsufinal\\laminsu\\backend\\public\\index.php')
CRITICAL - 2023-11-21 05:57:23 --> Call to a member function where() on null
in APPPATH\Controllers\MainController.php on line 61.
 1 SYSTEMPATH\CodeIgniter.php(942): App\Controllers\MainController->register()
 2 SYSTEMPATH\CodeIgniter.php(502): CodeIgniter\CodeIgniter->runController(Object(App\Controllers\MainController))
 3 SYSTEMPATH\CodeIgniter.php(361): CodeIgniter\CodeIgniter->handleRequest(null, Object(Config\Cache), false)
 4 FCPATH\index.php(88): CodeIgniter\CodeIgniter->run()
 5 SYSTEMPATH\Commands\Server\rewrite.php(47): require_once('C:\\laragon\\www\\laminsufinal\\laminsu\\backend\\public\\index.php')
CRITICAL - 2023-11-21 05:57:24 --> Call to a member function where() on null
in APPPATH\Controllers\MainController.php on line 61.
 1 SYSTEMPATH\CodeIgniter.php(942): App\Controllers\MainController->register()
 2 SYSTEMPATH\CodeIgniter.php(502): CodeIgniter\CodeIgniter->runController(Object(App\Controllers\MainController))
 3 SYSTEMPATH\CodeIgniter.php(361): CodeIgniter\CodeIgniter->handleRequest(null, Object(Config\Cache), false)
 4 FCPATH\index.php(88): CodeIgniter\CodeIgniter->run()
 5 SYSTEMPATH\Commands\Server\rewrite.php(47): require_once('C:\\laragon\\www\\laminsufinal\\laminsu\\backend\\public\\index.php')
CRITICAL - 2023-11-21 05:57:24 --> Call to a member function where() on null
in APPPATH\Controllers\MainController.php on line 61.
 1 SYSTEMPATH\CodeIgniter.php(942): App\Controllers\MainController->register()
 2 SYSTEMPATH\CodeIgniter.php(502): CodeIgniter\CodeIgniter->runController(Object(App\Controllers\MainController))
 3 SYSTEMPATH\CodeIgniter.php(361): CodeIgniter\CodeIgniter->handleRequest(null, Object(Config\Cache), false)
 4 FCPATH\index.php(88): CodeIgniter\CodeIgniter->run()
 5 SYSTEMPATH\Commands\Server\rewrite.php(47): require_once('C:\\laragon\\www\\laminsufinal\\laminsu\\backend\\public\\index.php')
CRITICAL - 2023-11-21 05:57:24 --> Call to a member function where() on null
in APPPATH\Controllers\MainController.php on line 61.
 1 SYSTEMPATH\CodeIgniter.php(942): App\Controllers\MainController->register()
 2 SYSTEMPATH\CodeIgniter.php(502): CodeIgniter\CodeIgniter->runController(Object(App\Controllers\MainController))
 3 SYSTEMPATH\CodeIgniter.php(361): CodeIgniter\CodeIgniter->handleRequest(null, Object(Config\Cache), false)
 4 FCPATH\index.php(88): CodeIgniter\CodeIgniter->run()
 5 SYSTEMPATH\Commands\Server\rewrite.php(47): require_once('C:\\laragon\\www\\laminsufinal\\laminsu\\backend\\public\\index.php')
CRITICAL - 2023-11-21 05:57:24 --> Call to a member function where() on null
in APPPATH\Controllers\MainController.php on line 61.
 1 SYSTEMPATH\CodeIgniter.php(942): App\Controllers\MainController->register()
 2 SYSTEMPATH\CodeIgniter.php(502): CodeIgniter\CodeIgniter->runController(Object(App\Controllers\MainController))
 3 SYSTEMPATH\CodeIgniter.php(361): CodeIgniter\CodeIgniter->handleRequest(null, Object(Config\Cache), false)
 4 FCPATH\index.php(88): CodeIgniter\CodeIgniter->run()
 5 SYSTEMPATH\Commands\Server\rewrite.php(47): require_once('C:\\laragon\\www\\laminsufinal\\laminsu\\backend\\public\\index.php')
CRITICAL - 2023-11-21 05:57:24 --> Call to a member function where() on null
in APPPATH\Controllers\MainController.php on line 61.
 1 SYSTEMPATH\CodeIgniter.php(942): App\Controllers\MainController->register()
 2 SYSTEMPATH\CodeIgniter.php(502): CodeIgniter\CodeIgniter->runController(Object(App\Controllers\MainController))
 3 SYSTEMPATH\CodeIgniter.php(361): CodeIgniter\CodeIgniter->handleRequest(null, Object(Config\Cache), false)
 4 FCPATH\index.php(88): CodeIgniter\CodeIgniter->run()
 5 SYSTEMPATH\Commands\Server\rewrite.php(47): require_once('C:\\laragon\\www\\laminsufinal\\laminsu\\backend\\public\\index.php')
CRITICAL - 2023-11-21 05:57:45 --> Call to a member function where() on null
in APPPATH\Controllers\MainController.php on line 61.
 1 SYSTEMPATH\CodeIgniter.php(942): App\Controllers\MainController->register()
 2 SYSTEMPATH\CodeIgniter.php(502): CodeIgniter\CodeIgniter->runController(Object(App\Controllers\MainController))
 3 SYSTEMPATH\CodeIgniter.php(361): CodeIgniter\CodeIgniter->handleRequest(null, Object(Config\Cache), false)
 4 FCPATH\index.php(88): CodeIgniter\CodeIgniter->run()
 5 SYSTEMPATH\Commands\Server\rewrite.php(47): require_once('C:\\laragon\\www\\laminsufinal\\laminsu\\backend\\public\\index.php')
CRITICAL - 2023-11-21 05:57:45 --> Call to a member function where() on null
in APPPATH\Controllers\MainController.php on line 61.
 1 SYSTEMPATH\CodeIgniter.php(942): App\Controllers\MainController->register()
 2 SYSTEMPATH\CodeIgniter.php(502): CodeIgniter\CodeIgniter->runController(Object(App\Controllers\MainController))
 3 SYSTEMPATH\CodeIgniter.php(361): CodeIgniter\CodeIgniter->handleRequest(null, Object(Config\Cache), false)
 4 FCPATH\index.php(88): CodeIgniter\CodeIgniter->run()
 5 SYSTEMPATH\Commands\Server\rewrite.php(47): require_once('C:\\laragon\\www\\laminsufinal\\laminsu\\backend\\public\\index.php')
CRITICAL - 2023-11-21 05:57:45 --> Call to a member function where() on null
in APPPATH\Controllers\MainController.php on line 61.
 1 SYSTEMPATH\CodeIgniter.php(942): App\Controllers\MainController->register()
 2 SYSTEMPATH\CodeIgniter.php(502): CodeIgniter\CodeIgniter->runController(Object(App\Controllers\MainController))
 3 SYSTEMPATH\CodeIgniter.php(361): CodeIgniter\CodeIgniter->handleRequest(null, Object(Config\Cache), false)
 4 FCPATH\index.php(88): CodeIgniter\CodeIgniter->run()
 5 SYSTEMPATH\Commands\Server\rewrite.php(47): require_once('C:\\laragon\\www\\laminsufinal\\laminsu\\backend\\public\\index.php')
CRITICAL - 2023-11-21 05:57:45 --> Call to a member function where() on null
in APPPATH\Controllers\MainController.php on line 61.
 1 SYSTEMPATH\CodeIgniter.php(942): App\Controllers\MainController->register()
 2 SYSTEMPATH\CodeIgniter.php(502): CodeIgniter\CodeIgniter->runController(Object(App\Controllers\MainController))
 3 SYSTEMPATH\CodeIgniter.php(361): CodeIgniter\CodeIgniter->handleRequest(null, Object(Config\Cache), false)
 4 FCPATH\index.php(88): CodeIgniter\CodeIgniter->run()
 5 SYSTEMPATH\Commands\Server\rewrite.php(47): require_once('C:\\laragon\\www\\laminsufinal\\laminsu\\backend\\public\\index.php')
CRITICAL - 2023-11-21 05:57:45 --> Call to a member function where() on null
in APPPATH\Controllers\MainController.php on line 61.
 1 SYSTEMPATH\CodeIgniter.php(942): App\Controllers\MainController->register()
 2 SYSTEMPATH\CodeIgniter.php(502): CodeIgniter\CodeIgniter->runController(Object(App\Controllers\MainController))
 3 SYSTEMPATH\CodeIgniter.php(361): CodeIgniter\CodeIgniter->handleRequest(null, Object(Config\Cache), false)
 4 FCPATH\index.php(88): CodeIgniter\CodeIgniter->run()
 5 SYSTEMPATH\Commands\Server\rewrite.php(47): require_once('C:\\laragon\\www\\laminsufinal\\laminsu\\backend\\public\\index.php')
CRITICAL - 2023-11-21 05:57:45 --> Call to a member function where() on null
in APPPATH\Controllers\MainController.php on line 61.
 1 SYSTEMPATH\CodeIgniter.php(942): App\Controllers\MainController->register()
 2 SYSTEMPATH\CodeIgniter.php(502): CodeIgniter\CodeIgniter->runController(Object(App\Controllers\MainController))
 3 SYSTEMPATH\CodeIgniter.php(361): CodeIgniter\CodeIgniter->handleRequest(null, Object(Config\Cache), false)
 4 FCPATH\index.php(88): CodeIgniter\CodeIgniter->run()
 5 SYSTEMPATH\Commands\Server\rewrite.php(47): require_once('C:\\laragon\\www\\laminsufinal\\laminsu\\backend\\public\\index.php')
CRITICAL - 2023-11-21 05:57:46 --> Call to a member function where() on null
in APPPATH\Controllers\MainController.php on line 61.
 1 SYSTEMPATH\CodeIgniter.php(942): App\Controllers\MainController->register()
 2 SYSTEMPATH\CodeIgniter.php(502): CodeIgniter\CodeIgniter->runController(Object(App\Controllers\MainController))
 3 SYSTEMPATH\CodeIgniter.php(361): CodeIgniter\CodeIgniter->handleRequest(null, Object(Config\Cache), false)
 4 FCPATH\index.php(88): CodeIgniter\CodeIgniter->run()
 5 SYSTEMPATH\Commands\Server\rewrite.php(47): require_once('C:\\laragon\\www\\laminsufinal\\laminsu\\backend\\public\\index.php')
CRITICAL - 2023-11-21 05:58:41 --> Call to a member function where() on null
in APPPATH\Controllers\MainController.php on line 61.
 1 SYSTEMPATH\CodeIgniter.php(942): App\Controllers\MainController->register()
 2 SYSTEMPATH\CodeIgniter.php(502): CodeIgniter\CodeIgniter->runController(Object(App\Controllers\MainController))
 3 SYSTEMPATH\CodeIgniter.php(361): CodeIgniter\CodeIgniter->handleRequest(null, Object(Config\Cache), false)
 4 FCPATH\index.php(88): CodeIgniter\CodeIgniter->run()
 5 SYSTEMPATH\Commands\Server\rewrite.php(47): require_once('C:\\laragon\\www\\laminsufinal\\laminsu\\backend\\public\\index.php')
CRITICAL - 2023-11-21 05:58:41 --> Call to a member function where() on null
in APPPATH\Controllers\MainController.php on line 61.
 1 SYSTEMPATH\CodeIgniter.php(942): App\Controllers\MainController->register()
 2 SYSTEMPATH\CodeIgniter.php(502): CodeIgniter\CodeIgniter->runController(Object(App\Controllers\MainController))
 3 SYSTEMPATH\CodeIgniter.php(361): CodeIgniter\CodeIgniter->handleRequest(null, Object(Config\Cache), false)
 4 FCPATH\index.php(88): CodeIgniter\CodeIgniter->run()
 5 SYSTEMPATH\Commands\Server\rewrite.php(47): require_once('C:\\laragon\\www\\laminsufinal\\laminsu\\backend\\public\\index.php')
CRITICAL - 2023-11-21 05:58:41 --> Call to a member function where() on null
in APPPATH\Controllers\MainController.php on line 61.
 1 SYSTEMPATH\CodeIgniter.php(942): App\Controllers\MainController->register()
 2 SYSTEMPATH\CodeIgniter.php(502): CodeIgniter\CodeIgniter->runController(Object(App\Controllers\MainController))
 3 SYSTEMPATH\CodeIgniter.php(361): CodeIgniter\CodeIgniter->handleRequest(null, Object(Config\Cache), false)
 4 FCPATH\index.php(88): CodeIgniter\CodeIgniter->run()
 5 SYSTEMPATH\Commands\Server\rewrite.php(47): require_once('C:\\laragon\\www\\laminsufinal\\laminsu\\backend\\public\\index.php')
CRITICAL - 2023-11-21 05:58:41 --> Call to a member function where() on null
in APPPATH\Controllers\MainController.php on line 61.
 1 SYSTEMPATH\CodeIgniter.php(942): App\Controllers\MainController->register()
 2 SYSTEMPATH\CodeIgniter.php(502): CodeIgniter\CodeIgniter->runController(Object(App\Controllers\MainController))
 3 SYSTEMPATH\CodeIgniter.php(361): CodeIgniter\CodeIgniter->handleRequest(null, Object(Config\Cache), false)
 4 FCPATH\index.php(88): CodeIgniter\CodeIgniter->run()
 5 SYSTEMPATH\Commands\Server\rewrite.php(47): require_once('C:\\laragon\\www\\laminsufinal\\laminsu\\backend\\public\\index.php')
CRITICAL - 2023-11-21 05:58:42 --> Call to a member function where() on null
in APPPATH\Controllers\MainController.php on line 61.
 1 SYSTEMPATH\CodeIgniter.php(942): App\Controllers\MainController->register()
 2 SYSTEMPATH\CodeIgniter.php(502): CodeIgniter\CodeIgniter->runController(Object(App\Controllers\MainController))
 3 SYSTEMPATH\CodeIgniter.php(361): CodeIgniter\CodeIgniter->handleRequest(null, Object(Config\Cache), false)
 4 FCPATH\index.php(88): CodeIgniter\CodeIgniter->run()
 5 SYSTEMPATH\Commands\Server\rewrite.php(47): require_once('C:\\laragon\\www\\laminsufinal\\laminsu\\backend\\public\\index.php')
CRITICAL - 2023-11-21 05:58:42 --> Call to a member function where() on null
in APPPATH\Controllers\MainController.php on line 61.
 1 SYSTEMPATH\CodeIgniter.php(942): App\Controllers\MainController->register()
 2 SYSTEMPATH\CodeIgniter.php(502): CodeIgniter\CodeIgniter->runController(Object(App\Controllers\MainController))
 3 SYSTEMPATH\CodeIgniter.php(361): CodeIgniter\CodeIgniter->handleRequest(null, Object(Config\Cache), false)
 4 FCPATH\index.php(88): CodeIgniter\CodeIgniter->run()
 5 SYSTEMPATH\Commands\Server\rewrite.php(47): require_once('C:\\laragon\\www\\laminsufinal\\laminsu\\backend\\public\\index.php')
CRITICAL - 2023-11-21 05:58:43 --> Call to a member function where() on null
in APPPATH\Controllers\MainController.php on line 61.
 1 SYSTEMPATH\CodeIgniter.php(942): App\Controllers\MainController->register()
 2 SYSTEMPATH\CodeIgniter.php(502): CodeIgniter\CodeIgniter->runController(Object(App\Controllers\MainController))
 3 SYSTEMPATH\CodeIgniter.php(361): CodeIgniter\CodeIgniter->handleRequest(null, Object(Config\Cache), false)
 4 FCPATH\index.php(88): CodeIgniter\CodeIgniter->run()
 5 SYSTEMPATH\Commands\Server\rewrite.php(47): require_once('C:\\laragon\\www\\laminsufinal\\laminsu\\backend\\public\\index.php')
CRITICAL - 2023-11-21 05:58:44 --> Call to a member function where() on null
in APPPATH\Controllers\MainController.php on line 61.
 1 SYSTEMPATH\CodeIgniter.php(942): App\Controllers\MainController->register()
 2 SYSTEMPATH\CodeIgniter.php(502): CodeIgniter\CodeIgniter->runController(Object(App\Controllers\MainController))
 3 SYSTEMPATH\CodeIgniter.php(361): CodeIgniter\CodeIgniter->handleRequest(null, Object(Config\Cache), false)
 4 FCPATH\index.php(88): CodeIgniter\CodeIgniter->run()
 5 SYSTEMPATH\Commands\Server\rewrite.php(47): require_once('C:\\laragon\\www\\laminsufinal\\laminsu\\backend\\public\\index.php')
CRITICAL - 2023-11-21 05:58:44 --> Call to a member function where() on null
in APPPATH\Controllers\MainController.php on line 61.
 1 SYSTEMPATH\CodeIgniter.php(942): App\Controllers\MainController->register()
 2 SYSTEMPATH\CodeIgniter.php(502): CodeIgniter\CodeIgniter->runController(Object(App\Controllers\MainController))
 3 SYSTEMPATH\CodeIgniter.php(361): CodeIgniter\CodeIgniter->handleRequest(null, Object(Config\Cache), false)
 4 FCPATH\index.php(88): CodeIgniter\CodeIgniter->run()
 5 SYSTEMPATH\Commands\Server\rewrite.php(47): require_once('C:\\laragon\\www\\laminsufinal\\laminsu\\backend\\public\\index.php')
CRITICAL - 2023-11-21 06:03:57 --> Call to a member function where() on null
in APPPATH\Controllers\MainController.php on line 61.
 1 SYSTEMPATH\CodeIgniter.php(942): App\Controllers\MainController->register()
 2 SYSTEMPATH\CodeIgniter.php(502): CodeIgniter\CodeIgniter->runController(Object(App\Controllers\MainController))
 3 SYSTEMPATH\CodeIgniter.php(361): CodeIgniter\CodeIgniter->handleRequest(null, Object(Config\Cache), false)
 4 FCPATH\index.php(88): CodeIgniter\CodeIgniter->run()
 5 SYSTEMPATH\Commands\Server\rewrite.php(47): require_once('C:\\laragon\\www\\laminsufinal\\laminsu\\backend\\public\\index.php')
CRITICAL - 2023-11-21 06:03:58 --> Call to a member function where() on null
in APPPATH\Controllers\MainController.php on line 61.
 1 SYSTEMPATH\CodeIgniter.php(942): App\Controllers\MainController->register()
 2 SYSTEMPATH\CodeIgniter.php(502): CodeIgniter\CodeIgniter->runController(Object(App\Controllers\MainController))
 3 SYSTEMPATH\CodeIgniter.php(361): CodeIgniter\CodeIgniter->handleRequest(null, Object(Config\Cache), false)
 4 FCPATH\index.php(88): CodeIgniter\CodeIgniter->run()
 5 SYSTEMPATH\Commands\Server\rewrite.php(47): require_once('C:\\laragon\\www\\laminsufinal\\laminsu\\backend\\public\\index.php')
CRITICAL - 2023-11-21 06:03:58 --> Call to a member function where() on null
in APPPATH\Controllers\MainController.php on line 61.
 1 SYSTEMPATH\CodeIgniter.php(942): App\Controllers\MainController->register()
 2 SYSTEMPATH\CodeIgniter.php(502): CodeIgniter\CodeIgniter->runController(Object(App\Controllers\MainController))
 3 SYSTEMPATH\CodeIgniter.php(361): CodeIgniter\CodeIgniter->handleRequest(null, Object(Config\Cache), false)
 4 FCPATH\index.php(88): CodeIgniter\CodeIgniter->run()
 5 SYSTEMPATH\Commands\Server\rewrite.php(47): require_once('C:\\laragon\\www\\laminsufinal\\laminsu\\backend\\public\\index.php')
CRITICAL - 2023-11-21 06:03:58 --> Call to a member function where() on null
in APPPATH\Controllers\MainController.php on line 61.
 1 SYSTEMPATH\CodeIgniter.php(942): App\Controllers\MainController->register()
 2 SYSTEMPATH\CodeIgniter.php(502): CodeIgniter\CodeIgniter->runController(Object(App\Controllers\MainController))
 3 SYSTEMPATH\CodeIgniter.php(361): CodeIgniter\CodeIgniter->handleRequest(null, Object(Config\Cache), false)
 4 FCPATH\index.php(88): CodeIgniter\CodeIgniter->run()
 5 SYSTEMPATH\Commands\Server\rewrite.php(47): require_once('C:\\laragon\\www\\laminsufinal\\laminsu\\backend\\public\\index.php')
CRITICAL - 2023-11-21 06:03:59 --> Call to a member function where() on null
in APPPATH\Controllers\MainController.php on line 61.
 1 SYSTEMPATH\CodeIgniter.php(942): App\Controllers\MainController->register()
 2 SYSTEMPATH\CodeIgniter.php(502): CodeIgniter\CodeIgniter->runController(Object(App\Controllers\MainController))
 3 SYSTEMPATH\CodeIgniter.php(361): CodeIgniter\CodeIgniter->handleRequest(null, Object(Config\Cache), false)
 4 FCPATH\index.php(88): CodeIgniter\CodeIgniter->run()
 5 SYSTEMPATH\Commands\Server\rewrite.php(47): require_once('C:\\laragon\\www\\laminsufinal\\laminsu\\backend\\public\\index.php')
CRITICAL - 2023-11-21 06:03:59 --> Call to a member function where() on null
in APPPATH\Controllers\MainController.php on line 61.
 1 SYSTEMPATH\CodeIgniter.php(942): App\Controllers\MainController->register()
 2 SYSTEMPATH\CodeIgniter.php(502): CodeIgniter\CodeIgniter->runController(Object(App\Controllers\MainController))
 3 SYSTEMPATH\CodeIgniter.php(361): CodeIgniter\CodeIgniter->handleRequest(null, Object(Config\Cache), false)
 4 FCPATH\index.php(88): CodeIgniter\CodeIgniter->run()
 5 SYSTEMPATH\Commands\Server\rewrite.php(47): require_once('C:\\laragon\\www\\laminsufinal\\laminsu\\backend\\public\\index.php')
CRITICAL - 2023-11-21 06:03:59 --> Call to a member function where() on null
in APPPATH\Controllers\MainController.php on line 61.
 1 SYSTEMPATH\CodeIgniter.php(942): App\Controllers\MainController->register()
 2 SYSTEMPATH\CodeIgniter.php(502): CodeIgniter\CodeIgniter->runController(Object(App\Controllers\MainController))
 3 SYSTEMPATH\CodeIgniter.php(361): CodeIgniter\CodeIgniter->handleRequest(null, Object(Config\Cache), false)
 4 FCPATH\index.php(88): CodeIgniter\CodeIgniter->run()
 5 SYSTEMPATH\Commands\Server\rewrite.php(47): require_once('C:\\laragon\\www\\laminsufinal\\laminsu\\backend\\public\\index.php')
CRITICAL - 2023-11-21 06:03:59 --> Call to a member function where() on null
in APPPATH\Controllers\MainController.php on line 61.
 1 SYSTEMPATH\CodeIgniter.php(942): App\Controllers\MainController->register()
 2 SYSTEMPATH\CodeIgniter.php(502): CodeIgniter\CodeIgniter->runController(Object(App\Controllers\MainController))
 3 SYSTEMPATH\CodeIgniter.php(361): CodeIgniter\CodeIgniter->handleRequest(null, Object(Config\Cache), false)
 4 FCPATH\index.php(88): CodeIgniter\CodeIgniter->run()
 5 SYSTEMPATH\Commands\Server\rewrite.php(47): require_once('C:\\laragon\\www\\laminsufinal\\laminsu\\backend\\public\\index.php')
CRITICAL - 2023-11-21 06:03:59 --> Call to a member function where() on null
in APPPATH\Controllers\MainController.php on line 61.
 1 SYSTEMPATH\CodeIgniter.php(942): App\Controllers\MainController->register()
 2 SYSTEMPATH\CodeIgniter.php(502): CodeIgniter\CodeIgniter->runController(Object(App\Controllers\MainController))
 3 SYSTEMPATH\CodeIgniter.php(361): CodeIgniter\CodeIgniter->handleRequest(null, Object(Config\Cache), false)
 4 FCPATH\index.php(88): CodeIgniter\CodeIgniter->run()
 5 SYSTEMPATH\Commands\Server\rewrite.php(47): require_once('C:\\laragon\\www\\laminsufinal\\laminsu\\backend\\public\\index.php')
CRITICAL - 2023-11-21 06:03:59 --> Call to a member function where() on null
in APPPATH\Controllers\MainController.php on line 61.
 1 SYSTEMPATH\CodeIgniter.php(942): App\Controllers\MainController->register()
 2 SYSTEMPATH\CodeIgniter.php(502): CodeIgniter\CodeIgniter->runController(Object(App\Controllers\MainController))
 3 SYSTEMPATH\CodeIgniter.php(361): CodeIgniter\CodeIgniter->handleRequest(null, Object(Config\Cache), false)
 4 FCPATH\index.php(88): CodeIgniter\CodeIgniter->run()
 5 SYSTEMPATH\Commands\Server\rewrite.php(47): require_once('C:\\laragon\\www\\laminsufinal\\laminsu\\backend\\public\\index.php')
CRITICAL - 2023-11-21 06:06:04 --> Call to a member function where() on null
in APPPATH\Controllers\MainController.php on line 61.
 1 SYSTEMPATH\CodeIgniter.php(942): App\Controllers\MainController->register()
 2 SYSTEMPATH\CodeIgniter.php(502): CodeIgniter\CodeIgniter->runController(Object(App\Controllers\MainController))
 3 SYSTEMPATH\CodeIgniter.php(361): CodeIgniter\CodeIgniter->handleRequest(null, Object(Config\Cache), false)
 4 FCPATH\index.php(88): CodeIgniter\CodeIgniter->run()
 5 SYSTEMPATH\Commands\Server\rewrite.php(47): require_once('C:\\laragon\\www\\laminsufinal\\laminsu\\backend\\public\\index.php')
CRITICAL - 2023-11-21 06:06:05 --> Call to a member function where() on null
in APPPATH\Controllers\MainController.php on line 61.
 1 SYSTEMPATH\CodeIgniter.php(942): App\Controllers\MainController->register()
 2 SYSTEMPATH\CodeIgniter.php(502): CodeIgniter\CodeIgniter->runController(Object(App\Controllers\MainController))
 3 SYSTEMPATH\CodeIgniter.php(361): CodeIgniter\CodeIgniter->handleRequest(null, Object(Config\Cache), false)
 4 FCPATH\index.php(88): CodeIgniter\CodeIgniter->run()
 5 SYSTEMPATH\Commands\Server\rewrite.php(47): require_once('C:\\laragon\\www\\laminsufinal\\laminsu\\backend\\public\\index.php')
CRITICAL - 2023-11-21 06:06:05 --> Call to a member function where() on null
in APPPATH\Controllers\MainController.php on line 61.
 1 SYSTEMPATH\CodeIgniter.php(942): App\Controllers\MainController->register()
 2 SYSTEMPATH\CodeIgniter.php(502): CodeIgniter\CodeIgniter->runController(Object(App\Controllers\MainController))
 3 SYSTEMPATH\CodeIgniter.php(361): CodeIgniter\CodeIgniter->handleRequest(null, Object(Config\Cache), false)
 4 FCPATH\index.php(88): CodeIgniter\CodeIgniter->run()
 5 SYSTEMPATH\Commands\Server\rewrite.php(47): require_once('C:\\laragon\\www\\laminsufinal\\laminsu\\backend\\public\\index.php')
CRITICAL - 2023-11-21 06:06:07 --> Call to a member function where() on null
in APPPATH\Controllers\MainController.php on line 61.
 1 SYSTEMPATH\CodeIgniter.php(942): App\Controllers\MainController->register()
 2 SYSTEMPATH\CodeIgniter.php(502): CodeIgniter\CodeIgniter->runController(Object(App\Controllers\MainController))
 3 SYSTEMPATH\CodeIgniter.php(361): CodeIgniter\CodeIgniter->handleRequest(null, Object(Config\Cache), false)
 4 FCPATH\index.php(88): CodeIgniter\CodeIgniter->run()
 5 SYSTEMPATH\Commands\Server\rewrite.php(47): require_once('C:\\laragon\\www\\laminsufinal\\laminsu\\backend\\public\\index.php')
CRITICAL - 2023-11-21 07:15:52 --> Call to a member function where() on null
in APPPATH\Controllers\MainController.php on line 61.
 1 SYSTEMPATH\CodeIgniter.php(942): App\Controllers\MainController->register()
 2 SYSTEMPATH\CodeIgniter.php(502): CodeIgniter\CodeIgniter->runController(Object(App\Controllers\MainController))
 3 SYSTEMPATH\CodeIgniter.php(361): CodeIgniter\CodeIgniter->handleRequest(null, Object(Config\Cache), false)
 4 FCPATH\index.php(88): CodeIgniter\CodeIgniter->run()
 5 SYSTEMPATH\Commands\Server\rewrite.php(47): require_once('C:\\laragon\\www\\laminsufinal\\laminsu\\backend\\public\\index.php')
CRITICAL - 2023-11-21 07:15:53 --> Call to a member function where() on null
in APPPATH\Controllers\MainController.php on line 61.
 1 SYSTEMPATH\CodeIgniter.php(942): App\Controllers\MainController->register()
 2 SYSTEMPATH\CodeIgniter.php(502): CodeIgniter\CodeIgniter->runController(Object(App\Controllers\MainController))
 3 SYSTEMPATH\CodeIgniter.php(361): CodeIgniter\CodeIgniter->handleRequest(null, Object(Config\Cache), false)
 4 FCPATH\index.php(88): CodeIgniter\CodeIgniter->run()
 5 SYSTEMPATH\Commands\Server\rewrite.php(47): require_once('C:\\laragon\\www\\laminsufinal\\laminsu\\backend\\public\\index.php')
CRITICAL - 2023-11-21 07:15:54 --> Call to a member function where() on null
in APPPATH\Controllers\MainController.php on line 61.
 1 SYSTEMPATH\CodeIgniter.php(942): App\Controllers\MainController->register()
 2 SYSTEMPATH\CodeIgniter.php(502): CodeIgniter\CodeIgniter->runController(Object(App\Controllers\MainController))
 3 SYSTEMPATH\CodeIgniter.php(361): CodeIgniter\CodeIgniter->handleRequest(null, Object(Config\Cache), false)
 4 FCPATH\index.php(88): CodeIgniter\CodeIgniter->run()
 5 SYSTEMPATH\Commands\Server\rewrite.php(47): require_once('C:\\laragon\\www\\laminsufinal\\laminsu\\backend\\public\\index.php')
CRITICAL - 2023-11-21 07:15:54 --> Call to a member function where() on null
in APPPATH\Controllers\MainController.php on line 61.
 1 SYSTEMPATH\CodeIgniter.php(942): App\Controllers\MainController->register()
 2 SYSTEMPATH\CodeIgniter.php(502): CodeIgniter\CodeIgniter->runController(Object(App\Controllers\MainController))
 3 SYSTEMPATH\CodeIgniter.php(361): CodeIgniter\CodeIgniter->handleRequest(null, Object(Config\Cache), false)
 4 FCPATH\index.php(88): CodeIgniter\CodeIgniter->run()
 5 SYSTEMPATH\Commands\Server\rewrite.php(47): require_once('C:\\laragon\\www\\laminsufinal\\laminsu\\backend\\public\\index.php')
CRITICAL - 2023-11-21 07:15:54 --> Call to a member function where() on null
in APPPATH\Controllers\MainController.php on line 61.
 1 SYSTEMPATH\CodeIgniter.php(942): App\Controllers\MainController->register()
 2 SYSTEMPATH\CodeIgniter.php(502): CodeIgniter\CodeIgniter->runController(Object(App\Controllers\MainController))
 3 SYSTEMPATH\CodeIgniter.php(361): CodeIgniter\CodeIgniter->handleRequest(null, Object(Config\Cache), false)
 4 FCPATH\index.php(88): CodeIgniter\CodeIgniter->run()
 5 SYSTEMPATH\Commands\Server\rewrite.php(47): require_once('C:\\laragon\\www\\laminsufinal\\laminsu\\backend\\public\\index.php')
CRITICAL - 2023-11-21 07:15:54 --> Call to a member function where() on null
in APPPATH\Controllers\MainController.php on line 61.
 1 SYSTEMPATH\CodeIgniter.php(942): App\Controllers\MainController->register()
 2 SYSTEMPATH\CodeIgniter.php(502): CodeIgniter\CodeIgniter->runController(Object(App\Controllers\MainController))
 3 SYSTEMPATH\CodeIgniter.php(361): CodeIgniter\CodeIgniter->handleRequest(null, Object(Config\Cache), false)
 4 FCPATH\index.php(88): CodeIgniter\CodeIgniter->run()
 5 SYSTEMPATH\Commands\Server\rewrite.php(47): require_once('C:\\laragon\\www\\laminsufinal\\laminsu\\backend\\public\\index.php')
CRITICAL - 2023-11-21 07:15:54 --> Call to a member function where() on null
in APPPATH\Controllers\MainController.php on line 61.
 1 SYSTEMPATH\CodeIgniter.php(942): App\Controllers\MainController->register()
 2 SYSTEMPATH\CodeIgniter.php(502): CodeIgniter\CodeIgniter->runController(Object(App\Controllers\MainController))
 3 SYSTEMPATH\CodeIgniter.php(361): CodeIgniter\CodeIgniter->handleRequest(null, Object(Config\Cache), false)
 4 FCPATH\index.php(88): CodeIgniter\CodeIgniter->run()
 5 SYSTEMPATH\Commands\Server\rewrite.php(47): require_once('C:\\laragon\\www\\laminsufinal\\laminsu\\backend\\public\\index.php')
CRITICAL - 2023-11-21 07:15:54 --> Call to a member function where() on null
in APPPATH\Controllers\MainController.php on line 61.
 1 SYSTEMPATH\CodeIgniter.php(942): App\Controllers\MainController->register()
 2 SYSTEMPATH\CodeIgniter.php(502): CodeIgniter\CodeIgniter->runController(Object(App\Controllers\MainController))
 3 SYSTEMPATH\CodeIgniter.php(361): CodeIgniter\CodeIgniter->handleRequest(null, Object(Config\Cache), false)
 4 FCPATH\index.php(88): CodeIgniter\CodeIgniter->run()
 5 SYSTEMPATH\Commands\Server\rewrite.php(47): require_once('C:\\laragon\\www\\laminsufinal\\laminsu\\backend\\public\\index.php')
CRITICAL - 2023-11-21 07:15:54 --> Call to a member function where() on null
in APPPATH\Controllers\MainController.php on line 61.
 1 SYSTEMPATH\CodeIgniter.php(942): App\Controllers\MainController->register()
 2 SYSTEMPATH\CodeIgniter.php(502): CodeIgniter\CodeIgniter->runController(Object(App\Controllers\MainController))
 3 SYSTEMPATH\CodeIgniter.php(361): CodeIgniter\CodeIgniter->handleRequest(null, Object(Config\Cache), false)
 4 FCPATH\index.php(88): CodeIgniter\CodeIgniter->run()
 5 SYSTEMPATH\Commands\Server\rewrite.php(47): require_once('C:\\laragon\\www\\laminsufinal\\laminsu\\backend\\public\\index.php')
CRITICAL - 2023-11-21 07:15:54 --> Call to a member function where() on null
in APPPATH\Controllers\MainController.php on line 61.
 1 SYSTEMPATH\CodeIgniter.php(942): App\Controllers\MainController->register()
 2 SYSTEMPATH\CodeIgniter.php(502): CodeIgniter\CodeIgniter->runController(Object(App\Controllers\MainController))
 3 SYSTEMPATH\CodeIgniter.php(361): CodeIgniter\CodeIgniter->handleRequest(null, Object(Config\Cache), false)
 4 FCPATH\index.php(88): CodeIgniter\CodeIgniter->run()
 5 SYSTEMPATH\Commands\Server\rewrite.php(47): require_once('C:\\laragon\\www\\laminsufinal\\laminsu\\backend\\public\\index.php')
CRITICAL - 2023-11-21 07:15:55 --> Call to a member function where() on null
in APPPATH\Controllers\MainController.php on line 61.
 1 SYSTEMPATH\CodeIgniter.php(942): App\Controllers\MainController->register()
 2 SYSTEMPATH\CodeIgniter.php(502): CodeIgniter\CodeIgniter->runController(Object(App\Controllers\MainController))
 3 SYSTEMPATH\CodeIgniter.php(361): CodeIgniter\CodeIgniter->handleRequest(null, Object(Config\Cache), false)
 4 FCPATH\index.php(88): CodeIgniter\CodeIgniter->run()
 5 SYSTEMPATH\Commands\Server\rewrite.php(47): require_once('C:\\laragon\\www\\laminsufinal\\laminsu\\backend\\public\\index.php')
CRITICAL - 2023-11-21 07:15:55 --> Call to a member function where() on null
in APPPATH\Controllers\MainController.php on line 61.
 1 SYSTEMPATH\CodeIgniter.php(942): App\Controllers\MainController->register()
 2 SYSTEMPATH\CodeIgniter.php(502): CodeIgniter\CodeIgniter->runController(Object(App\Controllers\MainController))
 3 SYSTEMPATH\CodeIgniter.php(361): CodeIgniter\CodeIgniter->handleRequest(null, Object(Config\Cache), false)
 4 FCPATH\index.php(88): CodeIgniter\CodeIgniter->run()
 5 SYSTEMPATH\Commands\Server\rewrite.php(47): require_once('C:\\laragon\\www\\laminsufinal\\laminsu\\backend\\public\\index.php')
CRITICAL - 2023-11-21 07:15:55 --> Call to a member function where() on null
in APPPATH\Controllers\MainController.php on line 61.
 1 SYSTEMPATH\CodeIgniter.php(942): App\Controllers\MainController->register()
 2 SYSTEMPATH\CodeIgniter.php(502): CodeIgniter\CodeIgniter->runController(Object(App\Controllers\MainController))
 3 SYSTEMPATH\CodeIgniter.php(361): CodeIgniter\CodeIgniter->handleRequest(null, Object(Config\Cache), false)
 4 FCPATH\index.php(88): CodeIgniter\CodeIgniter->run()
 5 SYSTEMPATH\Commands\Server\rewrite.php(47): require_once('C:\\laragon\\www\\laminsufinal\\laminsu\\backend\\public\\index.php')
CRITICAL - 2023-11-21 07:15:55 --> Call to a member function where() on null
in APPPATH\Controllers\MainController.php on line 61.
 1 SYSTEMPATH\CodeIgniter.php(942): App\Controllers\MainController->register()
 2 SYSTEMPATH\CodeIgniter.php(502): CodeIgniter\CodeIgniter->runController(Object(App\Controllers\MainController))
 3 SYSTEMPATH\CodeIgniter.php(361): CodeIgniter\CodeIgniter->handleRequest(null, Object(Config\Cache), false)
 4 FCPATH\index.php(88): CodeIgniter\CodeIgniter->run()
 5 SYSTEMPATH\Commands\Server\rewrite.php(47): require_once('C:\\laragon\\www\\laminsufinal\\laminsu\\backend\\public\\index.php')
CRITICAL - 2023-11-21 07:15:55 --> Call to a member function where() on null
in APPPATH\Controllers\MainController.php on line 61.
 1 SYSTEMPATH\CodeIgniter.php(942): App\Controllers\MainController->register()
 2 SYSTEMPATH\CodeIgniter.php(502): CodeIgniter\CodeIgniter->runController(Object(App\Controllers\MainController))
 3 SYSTEMPATH\CodeIgniter.php(361): CodeIgniter\CodeIgniter->handleRequest(null, Object(Config\Cache), false)
 4 FCPATH\index.php(88): CodeIgniter\CodeIgniter->run()
 5 SYSTEMPATH\Commands\Server\rewrite.php(47): require_once('C:\\laragon\\www\\laminsufinal\\laminsu\\backend\\public\\index.php')
CRITICAL - 2023-11-21 07:15:55 --> Call to a member function where() on null
in APPPATH\Controllers\MainController.php on line 61.
 1 SYSTEMPATH\CodeIgniter.php(942): App\Controllers\MainController->register()
 2 SYSTEMPATH\CodeIgniter.php(502): CodeIgniter\CodeIgniter->runController(Object(App\Controllers\MainController))
 3 SYSTEMPATH\CodeIgniter.php(361): CodeIgniter\CodeIgniter->handleRequest(null, Object(Config\Cache), false)
 4 FCPATH\index.php(88): CodeIgniter\CodeIgniter->run()
 5 SYSTEMPATH\Commands\Server\rewrite.php(47): require_once('C:\\laragon\\www\\laminsufinal\\laminsu\\backend\\public\\index.php')
CRITICAL - 2023-11-21 07:15:56 --> Call to a member function where() on null
in APPPATH\Controllers\MainController.php on line 61.
 1 SYSTEMPATH\CodeIgniter.php(942): App\Controllers\MainController->register()
 2 SYSTEMPATH\CodeIgniter.php(502): CodeIgniter\CodeIgniter->runController(Object(App\Controllers\MainController))
 3 SYSTEMPATH\CodeIgniter.php(361): CodeIgniter\CodeIgniter->handleRequest(null, Object(Config\Cache), false)
 4 FCPATH\index.php(88): CodeIgniter\CodeIgniter->run()
 5 SYSTEMPATH\Commands\Server\rewrite.php(47): require_once('C:\\laragon\\www\\laminsufinal\\laminsu\\backend\\public\\index.php')
CRITICAL - 2023-11-21 07:15:56 --> Call to a member function where() on null
in APPPATH\Controllers\MainController.php on line 61.
 1 SYSTEMPATH\CodeIgniter.php(942): App\Controllers\MainController->register()
 2 SYSTEMPATH\CodeIgniter.php(502): CodeIgniter\CodeIgniter->runController(Object(App\Controllers\MainController))
 3 SYSTEMPATH\CodeIgniter.php(361): CodeIgniter\CodeIgniter->handleRequest(null, Object(Config\Cache), false)
 4 FCPATH\index.php(88): CodeIgniter\CodeIgniter->run()
 5 SYSTEMPATH\Commands\Server\rewrite.php(47): require_once('C:\\laragon\\www\\laminsufinal\\laminsu\\backend\\public\\index.php')
CRITICAL - 2023-11-21 07:15:56 --> Call to a member function where() on null
in APPPATH\Controllers\MainController.php on line 61.
 1 SYSTEMPATH\CodeIgniter.php(942): App\Controllers\MainController->register()
 2 SYSTEMPATH\CodeIgniter.php(502): CodeIgniter\CodeIgniter->runController(Object(App\Controllers\MainController))
 3 SYSTEMPATH\CodeIgniter.php(361): CodeIgniter\CodeIgniter->handleRequest(null, Object(Config\Cache), false)
 4 FCPATH\index.php(88): CodeIgniter\CodeIgniter->run()
 5 SYSTEMPATH\Commands\Server\rewrite.php(47): require_once('C:\\laragon\\www\\laminsufinal\\laminsu\\backend\\public\\index.php')
CRITICAL - 2023-11-21 07:15:56 --> Call to a member function where() on null
in APPPATH\Controllers\MainController.php on line 61.
 1 SYSTEMPATH\CodeIgniter.php(942): App\Controllers\MainController->register()
 2 SYSTEMPATH\CodeIgniter.php(502): CodeIgniter\CodeIgniter->runController(Object(App\Controllers\MainController))
 3 SYSTEMPATH\CodeIgniter.php(361): CodeIgniter\CodeIgniter->handleRequest(null, Object(Config\Cache), false)
 4 FCPATH\index.php(88): CodeIgniter\CodeIgniter->run()
 5 SYSTEMPATH\Commands\Server\rewrite.php(47): require_once('C:\\laragon\\www\\laminsufinal\\laminsu\\backend\\public\\index.php')
CRITICAL - 2023-11-21 07:15:56 --> Call to a member function where() on null
in APPPATH\Controllers\MainController.php on line 61.
 1 SYSTEMPATH\CodeIgniter.php(942): App\Controllers\MainController->register()
 2 SYSTEMPATH\CodeIgniter.php(502): CodeIgniter\CodeIgniter->runController(Object(App\Controllers\MainController))
 3 SYSTEMPATH\CodeIgniter.php(361): CodeIgniter\CodeIgniter->handleRequest(null, Object(Config\Cache), false)
 4 FCPATH\index.php(88): CodeIgniter\CodeIgniter->run()
 5 SYSTEMPATH\Commands\Server\rewrite.php(47): require_once('C:\\laragon\\www\\laminsufinal\\laminsu\\backend\\public\\index.php')
CRITICAL - 2023-11-21 07:15:56 --> Call to a member function where() on null
in APPPATH\Controllers\MainController.php on line 61.
 1 SYSTEMPATH\CodeIgniter.php(942): App\Controllers\MainController->register()
 2 SYSTEMPATH\CodeIgniter.php(502): CodeIgniter\CodeIgniter->runController(Object(App\Controllers\MainController))
 3 SYSTEMPATH\CodeIgniter.php(361): CodeIgniter\CodeIgniter->handleRequest(null, Object(Config\Cache), false)
 4 FCPATH\index.php(88): CodeIgniter\CodeIgniter->run()
 5 SYSTEMPATH\Commands\Server\rewrite.php(47): require_once('C:\\laragon\\www\\laminsufinal\\laminsu\\backend\\public\\index.php')
CRITICAL - 2023-11-21 07:15:56 --> Call to a member function where() on null
in APPPATH\Controllers\MainController.php on line 61.
 1 SYSTEMPATH\CodeIgniter.php(942): App\Controllers\MainController->register()
 2 SYSTEMPATH\CodeIgniter.php(502): CodeIgniter\CodeIgniter->runController(Object(App\Controllers\MainController))
 3 SYSTEMPATH\CodeIgniter.php(361): CodeIgniter\CodeIgniter->handleRequest(null, Object(Config\Cache), false)
 4 FCPATH\index.php(88): CodeIgniter\CodeIgniter->run()
 5 SYSTEMPATH\Commands\Server\rewrite.php(47): require_once('C:\\laragon\\www\\laminsufinal\\laminsu\\backend\\public\\index.php')
CRITICAL - 2023-11-21 07:15:57 --> Call to a member function where() on null
in APPPATH\Controllers\MainController.php on line 61.
 1 SYSTEMPATH\CodeIgniter.php(942): App\Controllers\MainController->register()
 2 SYSTEMPATH\CodeIgniter.php(502): CodeIgniter\CodeIgniter->runController(Object(App\Controllers\MainController))
 3 SYSTEMPATH\CodeIgniter.php(361): CodeIgniter\CodeIgniter->handleRequest(null, Object(Config\Cache), false)
 4 FCPATH\index.php(88): CodeIgniter\CodeIgniter->run()
 5 SYSTEMPATH\Commands\Server\rewrite.php(47): require_once('C:\\laragon\\www\\laminsufinal\\laminsu\\backend\\public\\index.php')
CRITICAL - 2023-11-21 07:15:57 --> Call to a member function where() on null
in APPPATH\Controllers\MainController.php on line 61.
 1 SYSTEMPATH\CodeIgniter.php(942): App\Controllers\MainController->register()
 2 SYSTEMPATH\CodeIgniter.php(502): CodeIgniter\CodeIgniter->runController(Object(App\Controllers\MainController))
 3 SYSTEMPATH\CodeIgniter.php(361): CodeIgniter\CodeIgniter->handleRequest(null, Object(Config\Cache), false)
 4 FCPATH\index.php(88): CodeIgniter\CodeIgniter->run()
 5 SYSTEMPATH\Commands\Server\rewrite.php(47): require_once('C:\\laragon\\www\\laminsufinal\\laminsu\\backend\\public\\index.php')
CRITICAL - 2023-11-21 07:15:57 --> Call to a member function where() on null
in APPPATH\Controllers\MainController.php on line 61.
 1 SYSTEMPATH\CodeIgniter.php(942): App\Controllers\MainController->register()
 2 SYSTEMPATH\CodeIgniter.php(502): CodeIgniter\CodeIgniter->runController(Object(App\Controllers\MainController))
 3 SYSTEMPATH\CodeIgniter.php(361): CodeIgniter\CodeIgniter->handleRequest(null, Object(Config\Cache), false)
 4 FCPATH\index.php(88): CodeIgniter\CodeIgniter->run()
 5 SYSTEMPATH\Commands\Server\rewrite.php(47): require_once('C:\\laragon\\www\\laminsufinal\\laminsu\\backend\\public\\index.php')
CRITICAL - 2023-11-21 07:15:57 --> Call to a member function where() on null
in APPPATH\Controllers\MainController.php on line 61.
 1 SYSTEMPATH\CodeIgniter.php(942): App\Controllers\MainController->register()
 2 SYSTEMPATH\CodeIgniter.php(502): CodeIgniter\CodeIgniter->runController(Object(App\Controllers\MainController))
 3 SYSTEMPATH\CodeIgniter.php(361): CodeIgniter\CodeIgniter->handleRequest(null, Object(Config\Cache), false)
 4 FCPATH\index.php(88): CodeIgniter\CodeIgniter->run()
 5 SYSTEMPATH\Commands\Server\rewrite.php(47): require_once('C:\\laragon\\www\\laminsufinal\\laminsu\\backend\\public\\index.php')
CRITICAL - 2023-11-21 07:15:57 --> Call to a member function where() on null
in APPPATH\Controllers\MainController.php on line 61.
 1 SYSTEMPATH\CodeIgniter.php(942): App\Controllers\MainController->register()
 2 SYSTEMPATH\CodeIgniter.php(502): CodeIgniter\CodeIgniter->runController(Object(App\Controllers\MainController))
 3 SYSTEMPATH\CodeIgniter.php(361): CodeIgniter\CodeIgniter->handleRequest(null, Object(Config\Cache), false)
 4 FCPATH\index.php(88): CodeIgniter\CodeIgniter->run()
 5 SYSTEMPATH\Commands\Server\rewrite.php(47): require_once('C:\\laragon\\www\\laminsufinal\\laminsu\\backend\\public\\index.php')
CRITICAL - 2023-11-21 07:15:57 --> Call to a member function where() on null
in APPPATH\Controllers\MainController.php on line 61.
 1 SYSTEMPATH\CodeIgniter.php(942): App\Controllers\MainController->register()
 2 SYSTEMPATH\CodeIgniter.php(502): CodeIgniter\CodeIgniter->runController(Object(App\Controllers\MainController))
 3 SYSTEMPATH\CodeIgniter.php(361): CodeIgniter\CodeIgniter->handleRequest(null, Object(Config\Cache), false)
 4 FCPATH\index.php(88): CodeIgniter\CodeIgniter->run()
 5 SYSTEMPATH\Commands\Server\rewrite.php(47): require_once('C:\\laragon\\www\\laminsufinal\\laminsu\\backend\\public\\index.php')
CRITICAL - 2023-11-21 07:15:57 --> Call to a member function where() on null
in APPPATH\Controllers\MainController.php on line 61.
 1 SYSTEMPATH\CodeIgniter.php(942): App\Controllers\MainController->register()
 2 SYSTEMPATH\CodeIgniter.php(502): CodeIgniter\CodeIgniter->runController(Object(App\Controllers\MainController))
 3 SYSTEMPATH\CodeIgniter.php(361): CodeIgniter\CodeIgniter->handleRequest(null, Object(Config\Cache), false)
 4 FCPATH\index.php(88): CodeIgniter\CodeIgniter->run()
 5 SYSTEMPATH\Commands\Server\rewrite.php(47): require_once('C:\\laragon\\www\\laminsufinal\\laminsu\\backend\\public\\index.php')
CRITICAL - 2023-11-21 07:15:57 --> Call to a member function where() on null
in APPPATH\Controllers\MainController.php on line 61.
 1 SYSTEMPATH\CodeIgniter.php(942): App\Controllers\MainController->register()
 2 SYSTEMPATH\CodeIgniter.php(502): CodeIgniter\CodeIgniter->runController(Object(App\Controllers\MainController))
 3 SYSTEMPATH\CodeIgniter.php(361): CodeIgniter\CodeIgniter->handleRequest(null, Object(Config\Cache), false)
 4 FCPATH\index.php(88): CodeIgniter\CodeIgniter->run()
 5 SYSTEMPATH\Commands\Server\rewrite.php(47): require_once('C:\\laragon\\www\\laminsufinal\\laminsu\\backend\\public\\index.php')
CRITICAL - 2023-11-21 07:15:57 --> Call to a member function where() on null
in APPPATH\Controllers\MainController.php on line 61.
 1 SYSTEMPATH\CodeIgniter.php(942): App\Controllers\MainController->register()
 2 SYSTEMPATH\CodeIgniter.php(502): CodeIgniter\CodeIgniter->runController(Object(App\Controllers\MainController))
 3 SYSTEMPATH\CodeIgniter.php(361): CodeIgniter\CodeIgniter->handleRequest(null, Object(Config\Cache), false)
 4 FCPATH\index.php(88): CodeIgniter\CodeIgniter->run()
 5 SYSTEMPATH\Commands\Server\rewrite.php(47): require_once('C:\\laragon\\www\\laminsufinal\\laminsu\\backend\\public\\index.php')
CRITICAL - 2023-11-21 07:15:58 --> Call to a member function where() on null
in APPPATH\Controllers\MainController.php on line 61.
 1 SYSTEMPATH\CodeIgniter.php(942): App\Controllers\MainController->register()
 2 SYSTEMPATH\CodeIgniter.php(502): CodeIgniter\CodeIgniter->runController(Object(App\Controllers\MainController))
 3 SYSTEMPATH\CodeIgniter.php(361): CodeIgniter\CodeIgniter->handleRequest(null, Object(Config\Cache), false)
 4 FCPATH\index.php(88): CodeIgniter\CodeIgniter->run()
 5 SYSTEMPATH\Commands\Server\rewrite.php(47): require_once('C:\\laragon\\www\\laminsufinal\\laminsu\\backend\\public\\index.php')
CRITICAL - 2023-11-21 07:15:58 --> Call to a member function where() on null
in APPPATH\Controllers\MainController.php on line 61.
 1 SYSTEMPATH\CodeIgniter.php(942): App\Controllers\MainController->register()
 2 SYSTEMPATH\CodeIgniter.php(502): CodeIgniter\CodeIgniter->runController(Object(App\Controllers\MainController))
 3 SYSTEMPATH\CodeIgniter.php(361): CodeIgniter\CodeIgniter->handleRequest(null, Object(Config\Cache), false)
 4 FCPATH\index.php(88): CodeIgniter\CodeIgniter->run()
 5 SYSTEMPATH\Commands\Server\rewrite.php(47): require_once('C:\\laragon\\www\\laminsufinal\\laminsu\\backend\\public\\index.php')
CRITICAL - 2023-11-21 07:15:58 --> Call to a member function where() on null
in APPPATH\Controllers\MainController.php on line 61.
 1 SYSTEMPATH\CodeIgniter.php(942): App\Controllers\MainController->register()
 2 SYSTEMPATH\CodeIgniter.php(502): CodeIgniter\CodeIgniter->runController(Object(App\Controllers\MainController))
 3 SYSTEMPATH\CodeIgniter.php(361): CodeIgniter\CodeIgniter->handleRequest(null, Object(Config\Cache), false)
 4 FCPATH\index.php(88): CodeIgniter\CodeIgniter->run()
 5 SYSTEMPATH\Commands\Server\rewrite.php(47): require_once('C:\\laragon\\www\\laminsufinal\\laminsu\\backend\\public\\index.php')
CRITICAL - 2023-11-21 07:15:58 --> Call to a member function where() on null
in APPPATH\Controllers\MainController.php on line 61.
 1 SYSTEMPATH\CodeIgniter.php(942): App\Controllers\MainController->register()
 2 SYSTEMPATH\CodeIgniter.php(502): CodeIgniter\CodeIgniter->runController(Object(App\Controllers\MainController))
 3 SYSTEMPATH\CodeIgniter.php(361): CodeIgniter\CodeIgniter->handleRequest(null, Object(Config\Cache), false)
 4 FCPATH\index.php(88): CodeIgniter\CodeIgniter->run()
 5 SYSTEMPATH\Commands\Server\rewrite.php(47): require_once('C:\\laragon\\www\\laminsufinal\\laminsu\\backend\\public\\index.php')
CRITICAL - 2023-11-21 07:15:58 --> Call to a member function where() on null
in APPPATH\Controllers\MainController.php on line 61.
 1 SYSTEMPATH\CodeIgniter.php(942): App\Controllers\MainController->register()
 2 SYSTEMPATH\CodeIgniter.php(502): CodeIgniter\CodeIgniter->runController(Object(App\Controllers\MainController))
 3 SYSTEMPATH\CodeIgniter.php(361): CodeIgniter\CodeIgniter->handleRequest(null, Object(Config\Cache), false)
 4 FCPATH\index.php(88): CodeIgniter\CodeIgniter->run()
 5 SYSTEMPATH\Commands\Server\rewrite.php(47): require_once('C:\\laragon\\www\\laminsufinal\\laminsu\\backend\\public\\index.php')
CRITICAL - 2023-11-21 07:15:58 --> Call to a member function where() on null
in APPPATH\Controllers\MainController.php on line 61.
 1 SYSTEMPATH\CodeIgniter.php(942): App\Controllers\MainController->register()
 2 SYSTEMPATH\CodeIgniter.php(502): CodeIgniter\CodeIgniter->runController(Object(App\Controllers\MainController))
 3 SYSTEMPATH\CodeIgniter.php(361): CodeIgniter\CodeIgniter->handleRequest(null, Object(Config\Cache), false)
 4 FCPATH\index.php(88): CodeIgniter\CodeIgniter->run()
 5 SYSTEMPATH\Commands\Server\rewrite.php(47): require_once('C:\\laragon\\www\\laminsufinal\\laminsu\\backend\\public\\index.php')
CRITICAL - 2023-11-21 07:15:58 --> Call to a member function where() on null
in APPPATH\Controllers\MainController.php on line 61.
 1 SYSTEMPATH\CodeIgniter.php(942): App\Controllers\MainController->register()
 2 SYSTEMPATH\CodeIgniter.php(502): CodeIgniter\CodeIgniter->runController(Object(App\Controllers\MainController))
 3 SYSTEMPATH\CodeIgniter.php(361): CodeIgniter\CodeIgniter->handleRequest(null, Object(Config\Cache), false)
 4 FCPATH\index.php(88): CodeIgniter\CodeIgniter->run()
 5 SYSTEMPATH\Commands\Server\rewrite.php(47): require_once('C:\\laragon\\www\\laminsufinal\\laminsu\\backend\\public\\index.php')
CRITICAL - 2023-11-21 07:15:58 --> Call to a member function where() on null
in APPPATH\Controllers\MainController.php on line 61.
 1 SYSTEMPATH\CodeIgniter.php(942): App\Controllers\MainController->register()
 2 SYSTEMPATH\CodeIgniter.php(502): CodeIgniter\CodeIgniter->runController(Object(App\Controllers\MainController))
 3 SYSTEMPATH\CodeIgniter.php(361): CodeIgniter\CodeIgniter->handleRequest(null, Object(Config\Cache), false)
 4 FCPATH\index.php(88): CodeIgniter\CodeIgniter->run()
 5 SYSTEMPATH\Commands\Server\rewrite.php(47): require_once('C:\\laragon\\www\\laminsufinal\\laminsu\\backend\\public\\index.php')
CRITICAL - 2023-11-21 07:15:58 --> Call to a member function where() on null
in APPPATH\Controllers\MainController.php on line 61.
 1 SYSTEMPATH\CodeIgniter.php(942): App\Controllers\MainController->register()
 2 SYSTEMPATH\CodeIgniter.php(502): CodeIgniter\CodeIgniter->runController(Object(App\Controllers\MainController))
 3 SYSTEMPATH\CodeIgniter.php(361): CodeIgniter\CodeIgniter->handleRequest(null, Object(Config\Cache), false)
 4 FCPATH\index.php(88): CodeIgniter\CodeIgniter->run()
 5 SYSTEMPATH\Commands\Server\rewrite.php(47): require_once('C:\\laragon\\www\\laminsufinal\\laminsu\\backend\\public\\index.php')
CRITICAL - 2023-11-21 07:15:59 --> Call to a member function where() on null
in APPPATH\Controllers\MainController.php on line 61.
 1 SYSTEMPATH\CodeIgniter.php(942): App\Controllers\MainController->register()
 2 SYSTEMPATH\CodeIgniter.php(502): CodeIgniter\CodeIgniter->runController(Object(App\Controllers\MainController))
 3 SYSTEMPATH\CodeIgniter.php(361): CodeIgniter\CodeIgniter->handleRequest(null, Object(Config\Cache), false)
 4 FCPATH\index.php(88): CodeIgniter\CodeIgniter->run()
 5 SYSTEMPATH\Commands\Server\rewrite.php(47): require_once('C:\\laragon\\www\\laminsufinal\\laminsu\\backend\\public\\index.php')
CRITICAL - 2023-11-21 07:15:59 --> Call to a member function where() on null
in APPPATH\Controllers\MainController.php on line 61.
 1 SYSTEMPATH\CodeIgniter.php(942): App\Controllers\MainController->register()
 2 SYSTEMPATH\CodeIgniter.php(502): CodeIgniter\CodeIgniter->runController(Object(App\Controllers\MainController))
 3 SYSTEMPATH\CodeIgniter.php(361): CodeIgniter\CodeIgniter->handleRequest(null, Object(Config\Cache), false)
 4 FCPATH\index.php(88): CodeIgniter\CodeIgniter->run()
 5 SYSTEMPATH\Commands\Server\rewrite.php(47): require_once('C:\\laragon\\www\\laminsufinal\\laminsu\\backend\\public\\index.php')
CRITICAL - 2023-11-21 07:15:59 --> Call to a member function where() on null
in APPPATH\Controllers\MainController.php on line 61.
 1 SYSTEMPATH\CodeIgniter.php(942): App\Controllers\MainController->register()
 2 SYSTEMPATH\CodeIgniter.php(502): CodeIgniter\CodeIgniter->runController(Object(App\Controllers\MainController))
 3 SYSTEMPATH\CodeIgniter.php(361): CodeIgniter\CodeIgniter->handleRequest(null, Object(Config\Cache), false)
 4 FCPATH\index.php(88): CodeIgniter\CodeIgniter->run()
 5 SYSTEMPATH\Commands\Server\rewrite.php(47): require_once('C:\\laragon\\www\\laminsufinal\\laminsu\\backend\\public\\index.php')
CRITICAL - 2023-11-21 07:15:59 --> Call to a member function where() on null
in APPPATH\Controllers\MainController.php on line 61.
 1 SYSTEMPATH\CodeIgniter.php(942): App\Controllers\MainController->register()
 2 SYSTEMPATH\CodeIgniter.php(502): CodeIgniter\CodeIgniter->runController(Object(App\Controllers\MainController))
 3 SYSTEMPATH\CodeIgniter.php(361): CodeIgniter\CodeIgniter->handleRequest(null, Object(Config\Cache), false)
 4 FCPATH\index.php(88): CodeIgniter\CodeIgniter->run()
 5 SYSTEMPATH\Commands\Server\rewrite.php(47): require_once('C:\\laragon\\www\\laminsufinal\\laminsu\\backend\\public\\index.php')
CRITICAL - 2023-11-21 07:15:59 --> Call to a member function where() on null
in APPPATH\Controllers\MainController.php on line 61.
 1 SYSTEMPATH\CodeIgniter.php(942): App\Controllers\MainController->register()
 2 SYSTEMPATH\CodeIgniter.php(502): CodeIgniter\CodeIgniter->runController(Object(App\Controllers\MainController))
 3 SYSTEMPATH\CodeIgniter.php(361): CodeIgniter\CodeIgniter->handleRequest(null, Object(Config\Cache), false)
 4 FCPATH\index.php(88): CodeIgniter\CodeIgniter->run()
 5 SYSTEMPATH\Commands\Server\rewrite.php(47): require_once('C:\\laragon\\www\\laminsufinal\\laminsu\\backend\\public\\index.php')
CRITICAL - 2023-11-21 07:15:59 --> Call to a member function where() on null
in APPPATH\Controllers\MainController.php on line 61.
 1 SYSTEMPATH\CodeIgniter.php(942): App\Controllers\MainController->register()
 2 SYSTEMPATH\CodeIgniter.php(502): CodeIgniter\CodeIgniter->runController(Object(App\Controllers\MainController))
 3 SYSTEMPATH\CodeIgniter.php(361): CodeIgniter\CodeIgniter->handleRequest(null, Object(Config\Cache), false)
 4 FCPATH\index.php(88): CodeIgniter\CodeIgniter->run()
 5 SYSTEMPATH\Commands\Server\rewrite.php(47): require_once('C:\\laragon\\www\\laminsufinal\\laminsu\\backend\\public\\index.php')
CRITICAL - 2023-11-21 07:15:59 --> Call to a member function where() on null
in APPPATH\Controllers\MainController.php on line 61.
 1 SYSTEMPATH\CodeIgniter.php(942): App\Controllers\MainController->register()
 2 SYSTEMPATH\CodeIgniter.php(502): CodeIgniter\CodeIgniter->runController(Object(App\Controllers\MainController))
 3 SYSTEMPATH\CodeIgniter.php(361): CodeIgniter\CodeIgniter->handleRequest(null, Object(Config\Cache), false)
 4 FCPATH\index.php(88): CodeIgniter\CodeIgniter->run()
 5 SYSTEMPATH\Commands\Server\rewrite.php(47): require_once('C:\\laragon\\www\\laminsufinal\\laminsu\\backend\\public\\index.php')
CRITICAL - 2023-11-21 07:16:00 --> Call to a member function where() on null
in APPPATH\Controllers\MainController.php on line 61.
 1 SYSTEMPATH\CodeIgniter.php(942): App\Controllers\MainController->register()
 2 SYSTEMPATH\CodeIgniter.php(502): CodeIgniter\CodeIgniter->runController(Object(App\Controllers\MainController))
 3 SYSTEMPATH\CodeIgniter.php(361): CodeIgniter\CodeIgniter->handleRequest(null, Object(Config\Cache), false)
 4 FCPATH\index.php(88): CodeIgniter\CodeIgniter->run()
 5 SYSTEMPATH\Commands\Server\rewrite.php(47): require_once('C:\\laragon\\www\\laminsufinal\\laminsu\\backend\\public\\index.php')
CRITICAL - 2023-11-21 07:16:27 --> Call to a member function where() on null
in APPPATH\Controllers\MainController.php on line 61.
 1 SYSTEMPATH\CodeIgniter.php(942): App\Controllers\MainController->register()
 2 SYSTEMPATH\CodeIgniter.php(502): CodeIgniter\CodeIgniter->runController(Object(App\Controllers\MainController))
 3 SYSTEMPATH\CodeIgniter.php(361): CodeIgniter\CodeIgniter->handleRequest(null, Object(Config\Cache), false)
 4 FCPATH\index.php(88): CodeIgniter\CodeIgniter->run()
 5 SYSTEMPATH\Commands\Server\rewrite.php(47): require_once('C:\\laragon\\www\\laminsufinal\\laminsu\\backend\\public\\index.php')
CRITICAL - 2023-11-21 07:16:37 --> Call to a member function where() on null
in APPPATH\Controllers\MainController.php on line 61.
 1 SYSTEMPATH\CodeIgniter.php(942): App\Controllers\MainController->register()
 2 SYSTEMPATH\CodeIgniter.php(502): CodeIgniter\CodeIgniter->runController(Object(App\Controllers\MainController))
 3 SYSTEMPATH\CodeIgniter.php(361): CodeIgniter\CodeIgniter->handleRequest(null, Object(Config\Cache), false)
 4 FCPATH\index.php(88): CodeIgniter\CodeIgniter->run()
 5 SYSTEMPATH\Commands\Server\rewrite.php(47): require_once('C:\\laragon\\www\\laminsufinal\\laminsu\\backend\\public\\index.php')
CRITICAL - 2023-11-21 07:16:43 --> Call to a member function where() on null
in APPPATH\Controllers\MainController.php on line 61.
 1 SYSTEMPATH\CodeIgniter.php(942): App\Controllers\MainController->register()
 2 SYSTEMPATH\CodeIgniter.php(502): CodeIgniter\CodeIgniter->runController(Object(App\Controllers\MainController))
 3 SYSTEMPATH\CodeIgniter.php(361): CodeIgniter\CodeIgniter->handleRequest(null, Object(Config\Cache), false)
 4 FCPATH\index.php(88): CodeIgniter\CodeIgniter->run()
 5 SYSTEMPATH\Commands\Server\rewrite.php(47): require_once('C:\\laragon\\www\\laminsufinal\\laminsu\\backend\\public\\index.php')
CRITICAL - 2023-11-21 07:16:44 --> Call to a member function where() on null
in APPPATH\Controllers\MainController.php on line 61.
 1 SYSTEMPATH\CodeIgniter.php(942): App\Controllers\MainController->register()
 2 SYSTEMPATH\CodeIgniter.php(502): CodeIgniter\CodeIgniter->runController(Object(App\Controllers\MainController))
 3 SYSTEMPATH\CodeIgniter.php(361): CodeIgniter\CodeIgniter->handleRequest(null, Object(Config\Cache), false)
 4 FCPATH\index.php(88): CodeIgniter\CodeIgniter->run()
 5 SYSTEMPATH\Commands\Server\rewrite.php(47): require_once('C:\\laragon\\www\\laminsufinal\\laminsu\\backend\\public\\index.php')
CRITICAL - 2023-11-21 07:16:44 --> Call to a member function where() on null
in APPPATH\Controllers\MainController.php on line 61.
 1 SYSTEMPATH\CodeIgniter.php(942): App\Controllers\MainController->register()
 2 SYSTEMPATH\CodeIgniter.php(502): CodeIgniter\CodeIgniter->runController(Object(App\Controllers\MainController))
 3 SYSTEMPATH\CodeIgniter.php(361): CodeIgniter\CodeIgniter->handleRequest(null, Object(Config\Cache), false)
 4 FCPATH\index.php(88): CodeIgniter\CodeIgniter->run()
 5 SYSTEMPATH\Commands\Server\rewrite.php(47): require_once('C:\\laragon\\www\\laminsufinal\\laminsu\\backend\\public\\index.php')
CRITICAL - 2023-11-21 07:16:44 --> Call to a member function where() on null
in APPPATH\Controllers\MainController.php on line 61.
 1 SYSTEMPATH\CodeIgniter.php(942): App\Controllers\MainController->register()
 2 SYSTEMPATH\CodeIgniter.php(502): CodeIgniter\CodeIgniter->runController(Object(App\Controllers\MainController))
 3 SYSTEMPATH\CodeIgniter.php(361): CodeIgniter\CodeIgniter->handleRequest(null, Object(Config\Cache), false)
 4 FCPATH\index.php(88): CodeIgniter\CodeIgniter->run()
 5 SYSTEMPATH\Commands\Server\rewrite.php(47): require_once('C:\\laragon\\www\\laminsufinal\\laminsu\\backend\\public\\index.php')
CRITICAL - 2023-11-21 07:16:44 --> Call to a member function where() on null
in APPPATH\Controllers\MainController.php on line 61.
 1 SYSTEMPATH\CodeIgniter.php(942): App\Controllers\MainController->register()
 2 SYSTEMPATH\CodeIgniter.php(502): CodeIgniter\CodeIgniter->runController(Object(App\Controllers\MainController))
 3 SYSTEMPATH\CodeIgniter.php(361): CodeIgniter\CodeIgniter->handleRequest(null, Object(Config\Cache), false)
 4 FCPATH\index.php(88): CodeIgniter\CodeIgniter->run()
 5 SYSTEMPATH\Commands\Server\rewrite.php(47): require_once('C:\\laragon\\www\\laminsufinal\\laminsu\\backend\\public\\index.php')
CRITICAL - 2023-11-21 07:16:44 --> Call to a member function where() on null
in APPPATH\Controllers\MainController.php on line 61.
 1 SYSTEMPATH\CodeIgniter.php(942): App\Controllers\MainController->register()
 2 SYSTEMPATH\CodeIgniter.php(502): CodeIgniter\CodeIgniter->runController(Object(App\Controllers\MainController))
 3 SYSTEMPATH\CodeIgniter.php(361): CodeIgniter\CodeIgniter->handleRequest(null, Object(Config\Cache), false)
 4 FCPATH\index.php(88): CodeIgniter\CodeIgniter->run()
 5 SYSTEMPATH\Commands\Server\rewrite.php(47): require_once('C:\\laragon\\www\\laminsufinal\\laminsu\\backend\\public\\index.php')
CRITICAL - 2023-11-21 07:16:45 --> Call to a member function where() on null
in APPPATH\Controllers\MainController.php on line 61.
 1 SYSTEMPATH\CodeIgniter.php(942): App\Controllers\MainController->register()
 2 SYSTEMPATH\CodeIgniter.php(502): CodeIgniter\CodeIgniter->runController(Object(App\Controllers\MainController))
 3 SYSTEMPATH\CodeIgniter.php(361): CodeIgniter\CodeIgniter->handleRequest(null, Object(Config\Cache), false)
 4 FCPATH\index.php(88): CodeIgniter\CodeIgniter->run()
 5 SYSTEMPATH\Commands\Server\rewrite.php(47): require_once('C:\\laragon\\www\\laminsufinal\\laminsu\\backend\\public\\index.php')
CRITICAL - 2023-11-21 07:16:45 --> Call to a member function where() on null
in APPPATH\Controllers\MainController.php on line 61.
 1 SYSTEMPATH\CodeIgniter.php(942): App\Controllers\MainController->register()
 2 SYSTEMPATH\CodeIgniter.php(502): CodeIgniter\CodeIgniter->runController(Object(App\Controllers\MainController))
 3 SYSTEMPATH\CodeIgniter.php(361): CodeIgniter\CodeIgniter->handleRequest(null, Object(Config\Cache), false)
 4 FCPATH\index.php(88): CodeIgniter\CodeIgniter->run()
 5 SYSTEMPATH\Commands\Server\rewrite.php(47): require_once('C:\\laragon\\www\\laminsufinal\\laminsu\\backend\\public\\index.php')
CRITICAL - 2023-11-21 07:16:45 --> Call to a member function where() on null
in APPPATH\Controllers\MainController.php on line 61.
 1 SYSTEMPATH\CodeIgniter.php(942): App\Controllers\MainController->register()
 2 SYSTEMPATH\CodeIgniter.php(502): CodeIgniter\CodeIgniter->runController(Object(App\Controllers\MainController))
 3 SYSTEMPATH\CodeIgniter.php(361): CodeIgniter\CodeIgniter->handleRequest(null, Object(Config\Cache), false)
 4 FCPATH\index.php(88): CodeIgniter\CodeIgniter->run()
 5 SYSTEMPATH\Commands\Server\rewrite.php(47): require_once('C:\\laragon\\www\\laminsufinal\\laminsu\\backend\\public\\index.php')
CRITICAL - 2023-11-21 07:28:34 --> ini_set(): A session is active. You cannot change the session module's ini settings at this time
in SYSTEMPATH\Session\Handlers\FileHandler.php on line 72.
 1 [internal function]: CodeIgniter\Debug\Exceptions->errorHandler(2, 'ini_set(): A session is active. You cannot change the session module\'s ini settings at this time', 'C:\\laragon\\www\\laminsufinal\\laminsu\\backend\\system\\Session\\Handlers\\FileHandler.php', 72, [...])
 2 SYSTEMPATH\Session\Handlers\FileHandler.php(72): ini_set('session.save_path', 'C:\\laragon\\www\\laminsufinal\\laminsu\\backend\\writable\\session')
 3 SYSTEMPATH\Config\Services.php(686): CodeIgniter\Session\Handlers\FileHandler->__construct(Object(Config\Session), '::1')
 4 SYSTEMPATH\Config\BaseService.php(258): CodeIgniter\Config\Services::session(Object(Config\Session), false)
 5 SYSTEMPATH\Config\BaseService.php(199): CodeIgniter\Config\BaseService::__callStatic('session', [...])
 6 SYSTEMPATH\Config\Services.php(664): CodeIgniter\Config\BaseService::getSharedInstance('session', null)
 7 SYSTEMPATH\Config\BaseService.php(258): CodeIgniter\Config\Services::session()
 8 SYSTEMPATH\Common.php(996): CodeIgniter\Config\BaseService::__callStatic('session', [])
 9 SYSTEMPATH\CodeIgniter.php(1069): session()
10 SYSTEMPATH\CodeIgniter.php(549): CodeIgniter\CodeIgniter->storePreviousURL(Object(CodeIgniter\HTTP\SiteURI))
11 SYSTEMPATH\CodeIgniter.php(361): CodeIgniter\CodeIgniter->handleRequest(null, Object(Config\Cache), false)
12 FCPATH\index.php(88): CodeIgniter\CodeIgniter->run()
13 SYSTEMPATH\Commands\Server\rewrite.php(47): require_once('C:\\laragon\\www\\laminsufinal\\laminsu\\backend\\public\\index.php')
CRITICAL - 2023-11-21 07:28:43 --> ini_set(): A session is active. You cannot change the session module's ini settings at this time
in SYSTEMPATH\Session\Handlers\FileHandler.php on line 72.
 1 [internal function]: CodeIgniter\Debug\Exceptions->errorHandler(2, 'ini_set(): A session is active. You cannot change the session module\'s ini settings at this time', 'C:\\laragon\\www\\laminsufinal\\laminsu\\backend\\system\\Session\\Handlers\\FileHandler.php', 72, [...])
 2 SYSTEMPATH\Session\Handlers\FileHandler.php(72): ini_set('session.save_path', 'C:\\laragon\\www\\laminsufinal\\laminsu\\backend\\writable\\session')
 3 SYSTEMPATH\Config\Services.php(686): CodeIgniter\Session\Handlers\FileHandler->__construct(Object(Config\Session), '::1')
 4 SYSTEMPATH\Config\BaseService.php(258): CodeIgniter\Config\Services::session(Object(Config\Session), false)
 5 SYSTEMPATH\Config\BaseService.php(199): CodeIgniter\Config\BaseService::__callStatic('session', [...])
 6 SYSTEMPATH\Config\Services.php(664): CodeIgniter\Config\BaseService::getSharedInstance('session', null)
 7 SYSTEMPATH\Config\BaseService.php(258): CodeIgniter\Config\Services::session()
 8 SYSTEMPATH\Common.php(996): CodeIgniter\Config\BaseService::__callStatic('session', [])
 9 SYSTEMPATH\CodeIgniter.php(1069): session()
10 SYSTEMPATH\CodeIgniter.php(549): CodeIgniter\CodeIgniter->storePreviousURL(Object(CodeIgniter\HTTP\SiteURI))
11 SYSTEMPATH\CodeIgniter.php(361): CodeIgniter\CodeIgniter->handleRequest(null, Object(Config\Cache), false)
12 FCPATH\index.php(88): CodeIgniter\CodeIgniter->run()
13 SYSTEMPATH\Commands\Server\rewrite.php(47): require_once('C:\\laragon\\www\\laminsufinal\\laminsu\\backend\\public\\index.php')
CRITICAL - 2023-11-21 07:28:45 --> ini_set(): A session is active. You cannot change the session module's ini settings at this time
in SYSTEMPATH\Session\Handlers\FileHandler.php on line 72.
 1 [internal function]: CodeIgniter\Debug\Exceptions->errorHandler(2, 'ini_set(): A session is active. You cannot change the session module\'s ini settings at this time', 'C:\\laragon\\www\\laminsufinal\\laminsu\\backend\\system\\Session\\Handlers\\FileHandler.php', 72, [...])
 2 SYSTEMPATH\Session\Handlers\FileHandler.php(72): ini_set('session.save_path', 'C:\\laragon\\www\\laminsufinal\\laminsu\\backend\\writable\\session')
 3 SYSTEMPATH\Config\Services.php(686): CodeIgniter\Session\Handlers\FileHandler->__construct(Object(Config\Session), '::1')
 4 SYSTEMPATH\Config\BaseService.php(258): CodeIgniter\Config\Services::session(Object(Config\Session), false)
 5 SYSTEMPATH\Config\BaseService.php(199): CodeIgniter\Config\BaseService::__callStatic('session', [...])
 6 SYSTEMPATH\Config\Services.php(664): CodeIgniter\Config\BaseService::getSharedInstance('session', null)
 7 SYSTEMPATH\Config\BaseService.php(258): CodeIgniter\Config\Services::session()
 8 SYSTEMPATH\Common.php(996): CodeIgniter\Config\BaseService::__callStatic('session', [])
 9 SYSTEMPATH\CodeIgniter.php(1069): session()
10 SYSTEMPATH\CodeIgniter.php(549): CodeIgniter\CodeIgniter->storePreviousURL(Object(CodeIgniter\HTTP\SiteURI))
11 SYSTEMPATH\CodeIgniter.php(361): CodeIgniter\CodeIgniter->handleRequest(null, Object(Config\Cache), false)
12 FCPATH\index.php(88): CodeIgniter\CodeIgniter->run()
13 SYSTEMPATH\Commands\Server\rewrite.php(47): require_once('C:\\laragon\\www\\laminsufinal\\laminsu\\backend\\public\\index.php')
CRITICAL - 2023-11-21 07:28:46 --> ini_set(): A session is active. You cannot change the session module's ini settings at this time
in SYSTEMPATH\Session\Handlers\FileHandler.php on line 72.
 1 [internal function]: CodeIgniter\Debug\Exceptions->errorHandler(2, 'ini_set(): A session is active. You cannot change the session module\'s ini settings at this time', 'C:\\laragon\\www\\laminsufinal\\laminsu\\backend\\system\\Session\\Handlers\\FileHandler.php', 72, [...])
 2 SYSTEMPATH\Session\Handlers\FileHandler.php(72): ini_set('session.save_path', 'C:\\laragon\\www\\laminsufinal\\laminsu\\backend\\writable\\session')
 3 SYSTEMPATH\Config\Services.php(686): CodeIgniter\Session\Handlers\FileHandler->__construct(Object(Config\Session), '::1')
 4 SYSTEMPATH\Config\BaseService.php(258): CodeIgniter\Config\Services::session(Object(Config\Session), false)
 5 SYSTEMPATH\Config\BaseService.php(199): CodeIgniter\Config\BaseService::__callStatic('session', [...])
 6 SYSTEMPATH\Config\Services.php(664): CodeIgniter\Config\BaseService::getSharedInstance('session', null)
 7 SYSTEMPATH\Config\BaseService.php(258): CodeIgniter\Config\Services::session()
 8 SYSTEMPATH\Common.php(996): CodeIgniter\Config\BaseService::__callStatic('session', [])
 9 SYSTEMPATH\CodeIgniter.php(1069): session()
10 SYSTEMPATH\CodeIgniter.php(549): CodeIgniter\CodeIgniter->storePreviousURL(Object(CodeIgniter\HTTP\SiteURI))
11 SYSTEMPATH\CodeIgniter.php(361): CodeIgniter\CodeIgniter->handleRequest(null, Object(Config\Cache), false)
12 FCPATH\index.php(88): CodeIgniter\CodeIgniter->run()
13 SYSTEMPATH\Commands\Server\rewrite.php(47): require_once('C:\\laragon\\www\\laminsufinal\\laminsu\\backend\\public\\index.php')
