ERROR - 2023-11-22 15:22:43 --> Error connecting to the database: mysqli_sql_exception: No connection could be made because the target machine actively refused it.
 in C:\laragon\www\laminsufinal\laminsu\backend\system\Database\MySQLi\Connection.php:185
Stack trace:
#0 C:\laragon\www\laminsufinal\laminsu\backend\system\Database\MySQLi\Connection.php(185): mysqli->real_connect('localhost', 'root', '', 'dblaminsu', 3306, '', 0)
#1 C:\laragon\www\laminsufinal\laminsu\backend\system\Database\BaseConnection.php(392): CodeIgniter\Database\MySQLi\Connection->connect(false)
#2 C:\laragon\www\laminsufinal\laminsu\backend\system\Database\BaseConnection.php(575): CodeIgniter\Database\BaseConnection->initialize()
#3 C:\laragon\www\laminsufinal\laminsu\backend\system\Database\BaseBuilder.php(1615): CodeIgniter\Database\BaseConnection->query('SELECT *\nFROM `...', Array, false)
#4 C:\laragon\www\laminsufinal\laminsu\backend\system\Model.php(264): CodeIgniter\Database\BaseBuilder->get()
#5 C:\laragon\www\laminsufinal\laminsu\backend\system\BaseModel.php(662): CodeIgniter\Model->doFirst()
#6 C:\laragon\www\laminsufinal\laminsu\backend\app\Controllers\MainController.php(63): CodeIgniter\BaseModel->first()
#7 C:\laragon\www\laminsufinal\laminsu\backend\system\CodeIgniter.php(942): App\Controllers\MainController->register()
#8 C:\laragon\www\laminsufinal\laminsu\backend\system\CodeIgniter.php(502): CodeIgniter\CodeIgniter->runController(Object(App\Controllers\MainController))
#9 C:\laragon\www\laminsufinal\laminsu\backend\system\CodeIgniter.php(361): CodeIgniter\CodeIgniter->handleRequest(NULL, Object(Config\Cache), false)
#10 C:\laragon\www\laminsufinal\laminsu\backend\public\index.php(88): CodeIgniter\CodeIgniter->run()
#11 C:\laragon\www\laminsufinal\laminsu\backend\system\Commands\Server\rewrite.php(47): require_once('C:\\laragon\\www\\...')
#12 {main}

Next CodeIgniter\Database\Exceptions\DatabaseException: No connection could be made because the target machine actively refused it.
 in C:\laragon\www\laminsufinal\laminsu\backend\system\Database\MySQLi\Connection.php:229
Stack trace:
#0 C:\laragon\www\laminsufinal\laminsu\backend\system\Database\BaseConnection.php(392): CodeIgniter\Database\MySQLi\Connection->connect(false)
#1 C:\laragon\www\laminsufinal\laminsu\backend\system\Database\BaseConnection.php(575): CodeIgniter\Database\BaseConnection->initialize()
#2 C:\laragon\www\laminsufinal\laminsu\backend\system\Database\BaseBuilder.php(1615): CodeIgniter\Database\BaseConnection->query('SELECT *\nFROM `...', Array, false)
#3 C:\laragon\www\laminsufinal\laminsu\backend\system\Model.php(264): CodeIgniter\Database\BaseBuilder->get()
#4 C:\laragon\www\laminsufinal\laminsu\backend\system\BaseModel.php(662): CodeIgniter\Model->doFirst()
#5 C:\laragon\www\laminsufinal\laminsu\backend\app\Controllers\MainController.php(63): CodeIgniter\BaseModel->first()
#6 C:\laragon\www\laminsufinal\laminsu\backend\system\CodeIgniter.php(942): App\Controllers\MainController->register()
#7 C:\laragon\www\laminsufinal\laminsu\backend\system\CodeIgniter.php(502): CodeIgniter\CodeIgniter->runController(Object(App\Controllers\MainController))
#8 C:\laragon\www\laminsufinal\laminsu\backend\system\CodeIgniter.php(361): CodeIgniter\CodeIgniter->handleRequest(NULL, Object(Config\Cache), false)
#9 C:\laragon\www\laminsufinal\laminsu\backend\public\index.php(88): CodeIgniter\CodeIgniter->run()
#10 C:\laragon\www\laminsufinal\laminsu\backend\system\Commands\Server\rewrite.php(47): require_once('C:\\laragon\\www\\...')
#11 {main}
CRITICAL - 2023-11-22 15:22:43 --> Unable to connect to the database.
Main connection [MySQLi]: No connection could be made because the target machine actively refused it.

in SYSTEMPATH\Database\BaseConnection.php on line 428.
 1 SYSTEMPATH\Database\BaseConnection.php(575): CodeIgniter\Database\BaseConnection->initialize()
 2 SYSTEMPATH\Database\BaseBuilder.php(1615): CodeIgniter\Database\BaseConnection->query('SELECT *
FROM `users`
WHERE `email` = :email:
 LIMIT 1', [...], false)
 3 SYSTEMPATH\Model.php(264): CodeIgniter\Database\BaseBuilder->get()
 4 SYSTEMPATH\BaseModel.php(662): CodeIgniter\Model->doFirst()
 5 APPPATH\Controllers\MainController.php(63): CodeIgniter\BaseModel->first()
 6 SYSTEMPATH\CodeIgniter.php(942): App\Controllers\MainController->register()
 7 SYSTEMPATH\CodeIgniter.php(502): CodeIgniter\CodeIgniter->runController(Object(App\Controllers\MainController))
 8 SYSTEMPATH\CodeIgniter.php(361): CodeIgniter\CodeIgniter->handleRequest(null, Object(Config\Cache), false)
 9 FCPATH\index.php(88): CodeIgniter\CodeIgniter->run()
10 SYSTEMPATH\Commands\Server\rewrite.php(47): require_once('C:\\laragon\\www\\laminsufinal\\laminsu\\backend\\public\\index.php')
ERROR - 2023-11-22 15:22:47 --> Error connecting to the database: mysqli_sql_exception: No connection could be made because the target machine actively refused it.
 in C:\laragon\www\laminsufinal\laminsu\backend\system\Database\MySQLi\Connection.php:185
Stack trace:
#0 C:\laragon\www\laminsufinal\laminsu\backend\system\Database\MySQLi\Connection.php(185): mysqli->real_connect('localhost', 'root', '', 'dblaminsu', 3306, '', 0)
#1 C:\laragon\www\laminsufinal\laminsu\backend\system\Database\BaseConnection.php(392): CodeIgniter\Database\MySQLi\Connection->connect(false)
#2 C:\laragon\www\laminsufinal\laminsu\backend\system\Database\BaseConnection.php(575): CodeIgniter\Database\BaseConnection->initialize()
#3 C:\laragon\www\laminsufinal\laminsu\backend\system\Database\BaseBuilder.php(1615): CodeIgniter\Database\BaseConnection->query('SELECT *\nFROM `...', Array, false)
#4 C:\laragon\www\laminsufinal\laminsu\backend\system\Model.php(264): CodeIgniter\Database\BaseBuilder->get()
#5 C:\laragon\www\laminsufinal\laminsu\backend\system\BaseModel.php(662): CodeIgniter\Model->doFirst()
#6 C:\laragon\www\laminsufinal\laminsu\backend\app\Controllers\MainController.php(63): CodeIgniter\BaseModel->first()
#7 C:\laragon\www\laminsufinal\laminsu\backend\system\CodeIgniter.php(942): App\Controllers\MainController->register()
#8 C:\laragon\www\laminsufinal\laminsu\backend\system\CodeIgniter.php(502): CodeIgniter\CodeIgniter->runController(Object(App\Controllers\MainController))
#9 C:\laragon\www\laminsufinal\laminsu\backend\system\CodeIgniter.php(361): CodeIgniter\CodeIgniter->handleRequest(NULL, Object(Config\Cache), false)
#10 C:\laragon\www\laminsufinal\laminsu\backend\public\index.php(88): CodeIgniter\CodeIgniter->run()
#11 C:\laragon\www\laminsufinal\laminsu\backend\system\Commands\Server\rewrite.php(47): require_once('C:\\laragon\\www\\...')
#12 {main}

Next CodeIgniter\Database\Exceptions\DatabaseException: No connection could be made because the target machine actively refused it.
 in C:\laragon\www\laminsufinal\laminsu\backend\system\Database\MySQLi\Connection.php:229
Stack trace:
#0 C:\laragon\www\laminsufinal\laminsu\backend\system\Database\BaseConnection.php(392): CodeIgniter\Database\MySQLi\Connection->connect(false)
#1 C:\laragon\www\laminsufinal\laminsu\backend\system\Database\BaseConnection.php(575): CodeIgniter\Database\BaseConnection->initialize()
#2 C:\laragon\www\laminsufinal\laminsu\backend\system\Database\BaseBuilder.php(1615): CodeIgniter\Database\BaseConnection->query('SELECT *\nFROM `...', Array, false)
#3 C:\laragon\www\laminsufinal\laminsu\backend\system\Model.php(264): CodeIgniter\Database\BaseBuilder->get()
#4 C:\laragon\www\laminsufinal\laminsu\backend\system\BaseModel.php(662): CodeIgniter\Model->doFirst()
#5 C:\laragon\www\laminsufinal\laminsu\backend\app\Controllers\MainController.php(63): CodeIgniter\BaseModel->first()
#6 C:\laragon\www\laminsufinal\laminsu\backend\system\CodeIgniter.php(942): App\Controllers\MainController->register()
#7 C:\laragon\www\laminsufinal\laminsu\backend\system\CodeIgniter.php(502): CodeIgniter\CodeIgniter->runController(Object(App\Controllers\MainController))
#8 C:\laragon\www\laminsufinal\laminsu\backend\system\CodeIgniter.php(361): CodeIgniter\CodeIgniter->handleRequest(NULL, Object(Config\Cache), false)
#9 C:\laragon\www\laminsufinal\laminsu\backend\public\index.php(88): CodeIgniter\CodeIgniter->run()
#10 C:\laragon\www\laminsufinal\laminsu\backend\system\Commands\Server\rewrite.php(47): require_once('C:\\laragon\\www\\...')
#11 {main}
CRITICAL - 2023-11-22 15:22:47 --> Unable to connect to the database.
Main connection [MySQLi]: No connection could be made because the target machine actively refused it.

in SYSTEMPATH\Database\BaseConnection.php on line 428.
 1 SYSTEMPATH\Database\BaseConnection.php(575): CodeIgniter\Database\BaseConnection->initialize()
 2 SYSTEMPATH\Database\BaseBuilder.php(1615): CodeIgniter\Database\BaseConnection->query('SELECT *
FROM `users`
WHERE `email` = :email:
 LIMIT 1', [...], false)
 3 SYSTEMPATH\Model.php(264): CodeIgniter\Database\BaseBuilder->get()
 4 SYSTEMPATH\BaseModel.php(662): CodeIgniter\Model->doFirst()
 5 APPPATH\Controllers\MainController.php(63): CodeIgniter\BaseModel->first()
 6 SYSTEMPATH\CodeIgniter.php(942): App\Controllers\MainController->register()
 7 SYSTEMPATH\CodeIgniter.php(502): CodeIgniter\CodeIgniter->runController(Object(App\Controllers\MainController))
 8 SYSTEMPATH\CodeIgniter.php(361): CodeIgniter\CodeIgniter->handleRequest(null, Object(Config\Cache), false)
 9 FCPATH\index.php(88): CodeIgniter\CodeIgniter->run()
10 SYSTEMPATH\Commands\Server\rewrite.php(47): require_once('C:\\laragon\\www\\laminsufinal\\laminsu\\backend\\public\\index.php')
ERROR - 2023-11-22 15:22:51 --> Error connecting to the database: mysqli_sql_exception: No connection could be made because the target machine actively refused it.
 in C:\laragon\www\laminsufinal\laminsu\backend\system\Database\MySQLi\Connection.php:185
Stack trace:
#0 C:\laragon\www\laminsufinal\laminsu\backend\system\Database\MySQLi\Connection.php(185): mysqli->real_connect('localhost', 'root', '', 'dblaminsu', 3306, '', 0)
#1 C:\laragon\www\laminsufinal\laminsu\backend\system\Database\BaseConnection.php(392): CodeIgniter\Database\MySQLi\Connection->connect(false)
#2 C:\laragon\www\laminsufinal\laminsu\backend\system\Database\BaseConnection.php(575): CodeIgniter\Database\BaseConnection->initialize()
#3 C:\laragon\www\laminsufinal\laminsu\backend\system\Database\BaseBuilder.php(1615): CodeIgniter\Database\BaseConnection->query('SELECT *\nFROM `...', Array, false)
#4 C:\laragon\www\laminsufinal\laminsu\backend\system\Model.php(264): CodeIgniter\Database\BaseBuilder->get()
#5 C:\laragon\www\laminsufinal\laminsu\backend\system\BaseModel.php(662): CodeIgniter\Model->doFirst()
#6 C:\laragon\www\laminsufinal\laminsu\backend\app\Controllers\MainController.php(63): CodeIgniter\BaseModel->first()
#7 C:\laragon\www\laminsufinal\laminsu\backend\system\CodeIgniter.php(942): App\Controllers\MainController->register()
#8 C:\laragon\www\laminsufinal\laminsu\backend\system\CodeIgniter.php(502): CodeIgniter\CodeIgniter->runController(Object(App\Controllers\MainController))
#9 C:\laragon\www\laminsufinal\laminsu\backend\system\CodeIgniter.php(361): CodeIgniter\CodeIgniter->handleRequest(NULL, Object(Config\Cache), false)
#10 C:\laragon\www\laminsufinal\laminsu\backend\public\index.php(88): CodeIgniter\CodeIgniter->run()
#11 C:\laragon\www\laminsufinal\laminsu\backend\system\Commands\Server\rewrite.php(47): require_once('C:\\laragon\\www\\...')
#12 {main}

Next CodeIgniter\Database\Exceptions\DatabaseException: No connection could be made because the target machine actively refused it.
 in C:\laragon\www\laminsufinal\laminsu\backend\system\Database\MySQLi\Connection.php:229
Stack trace:
#0 C:\laragon\www\laminsufinal\laminsu\backend\system\Database\BaseConnection.php(392): CodeIgniter\Database\MySQLi\Connection->connect(false)
#1 C:\laragon\www\laminsufinal\laminsu\backend\system\Database\BaseConnection.php(575): CodeIgniter\Database\BaseConnection->initialize()
#2 C:\laragon\www\laminsufinal\laminsu\backend\system\Database\BaseBuilder.php(1615): CodeIgniter\Database\BaseConnection->query('SELECT *\nFROM `...', Array, false)
#3 C:\laragon\www\laminsufinal\laminsu\backend\system\Model.php(264): CodeIgniter\Database\BaseBuilder->get()
#4 C:\laragon\www\laminsufinal\laminsu\backend\system\BaseModel.php(662): CodeIgniter\Model->doFirst()
#5 C:\laragon\www\laminsufinal\laminsu\backend\app\Controllers\MainController.php(63): CodeIgniter\BaseModel->first()
#6 C:\laragon\www\laminsufinal\laminsu\backend\system\CodeIgniter.php(942): App\Controllers\MainController->register()
#7 C:\laragon\www\laminsufinal\laminsu\backend\system\CodeIgniter.php(502): CodeIgniter\CodeIgniter->runController(Object(App\Controllers\MainController))
#8 C:\laragon\www\laminsufinal\laminsu\backend\system\CodeIgniter.php(361): CodeIgniter\CodeIgniter->handleRequest(NULL, Object(Config\Cache), false)
#9 C:\laragon\www\laminsufinal\laminsu\backend\public\index.php(88): CodeIgniter\CodeIgniter->run()
#10 C:\laragon\www\laminsufinal\laminsu\backend\system\Commands\Server\rewrite.php(47): require_once('C:\\laragon\\www\\...')
#11 {main}
CRITICAL - 2023-11-22 15:22:51 --> Unable to connect to the database.
Main connection [MySQLi]: No connection could be made because the target machine actively refused it.

in SYSTEMPATH\Database\BaseConnection.php on line 428.
 1 SYSTEMPATH\Database\BaseConnection.php(575): CodeIgniter\Database\BaseConnection->initialize()
 2 SYSTEMPATH\Database\BaseBuilder.php(1615): CodeIgniter\Database\BaseConnection->query('SELECT *
FROM `users`
WHERE `email` = :email:
 LIMIT 1', [...], false)
 3 SYSTEMPATH\Model.php(264): CodeIgniter\Database\BaseBuilder->get()
 4 SYSTEMPATH\BaseModel.php(662): CodeIgniter\Model->doFirst()
 5 APPPATH\Controllers\MainController.php(63): CodeIgniter\BaseModel->first()
 6 SYSTEMPATH\CodeIgniter.php(942): App\Controllers\MainController->register()
 7 SYSTEMPATH\CodeIgniter.php(502): CodeIgniter\CodeIgniter->runController(Object(App\Controllers\MainController))
 8 SYSTEMPATH\CodeIgniter.php(361): CodeIgniter\CodeIgniter->handleRequest(null, Object(Config\Cache), false)
 9 FCPATH\index.php(88): CodeIgniter\CodeIgniter->run()
10 SYSTEMPATH\Commands\Server\rewrite.php(47): require_once('C:\\laragon\\www\\laminsufinal\\laminsu\\backend\\public\\index.php')
ERROR - 2023-11-22 15:22:55 --> Error connecting to the database: mysqli_sql_exception: No connection could be made because the target machine actively refused it.
 in C:\laragon\www\laminsufinal\laminsu\backend\system\Database\MySQLi\Connection.php:185
Stack trace:
#0 C:\laragon\www\laminsufinal\laminsu\backend\system\Database\MySQLi\Connection.php(185): mysqli->real_connect('localhost', 'root', '', 'dblaminsu', 3306, '', 0)
#1 C:\laragon\www\laminsufinal\laminsu\backend\system\Database\BaseConnection.php(392): CodeIgniter\Database\MySQLi\Connection->connect(false)
#2 C:\laragon\www\laminsufinal\laminsu\backend\system\Database\BaseConnection.php(575): CodeIgniter\Database\BaseConnection->initialize()
#3 C:\laragon\www\laminsufinal\laminsu\backend\system\Database\BaseBuilder.php(1615): CodeIgniter\Database\BaseConnection->query('SELECT *\nFROM `...', Array, false)
#4 C:\laragon\www\laminsufinal\laminsu\backend\system\Model.php(264): CodeIgniter\Database\BaseBuilder->get()
#5 C:\laragon\www\laminsufinal\laminsu\backend\system\BaseModel.php(662): CodeIgniter\Model->doFirst()
#6 C:\laragon\www\laminsufinal\laminsu\backend\app\Controllers\MainController.php(63): CodeIgniter\BaseModel->first()
#7 C:\laragon\www\laminsufinal\laminsu\backend\system\CodeIgniter.php(942): App\Controllers\MainController->register()
#8 C:\laragon\www\laminsufinal\laminsu\backend\system\CodeIgniter.php(502): CodeIgniter\CodeIgniter->runController(Object(App\Controllers\MainController))
#9 C:\laragon\www\laminsufinal\laminsu\backend\system\CodeIgniter.php(361): CodeIgniter\CodeIgniter->handleRequest(NULL, Object(Config\Cache), false)
#10 C:\laragon\www\laminsufinal\laminsu\backend\public\index.php(88): CodeIgniter\CodeIgniter->run()
#11 C:\laragon\www\laminsufinal\laminsu\backend\system\Commands\Server\rewrite.php(47): require_once('C:\\laragon\\www\\...')
#12 {main}

Next CodeIgniter\Database\Exceptions\DatabaseException: No connection could be made because the target machine actively refused it.
 in C:\laragon\www\laminsufinal\laminsu\backend\system\Database\MySQLi\Connection.php:229
Stack trace:
#0 C:\laragon\www\laminsufinal\laminsu\backend\system\Database\BaseConnection.php(392): CodeIgniter\Database\MySQLi\Connection->connect(false)
#1 C:\laragon\www\laminsufinal\laminsu\backend\system\Database\BaseConnection.php(575): CodeIgniter\Database\BaseConnection->initialize()
#2 C:\laragon\www\laminsufinal\laminsu\backend\system\Database\BaseBuilder.php(1615): CodeIgniter\Database\BaseConnection->query('SELECT *\nFROM `...', Array, false)
#3 C:\laragon\www\laminsufinal\laminsu\backend\system\Model.php(264): CodeIgniter\Database\BaseBuilder->get()
#4 C:\laragon\www\laminsufinal\laminsu\backend\system\BaseModel.php(662): CodeIgniter\Model->doFirst()
#5 C:\laragon\www\laminsufinal\laminsu\backend\app\Controllers\MainController.php(63): CodeIgniter\BaseModel->first()
#6 C:\laragon\www\laminsufinal\laminsu\backend\system\CodeIgniter.php(942): App\Controllers\MainController->register()
#7 C:\laragon\www\laminsufinal\laminsu\backend\system\CodeIgniter.php(502): CodeIgniter\CodeIgniter->runController(Object(App\Controllers\MainController))
#8 C:\laragon\www\laminsufinal\laminsu\backend\system\CodeIgniter.php(361): CodeIgniter\CodeIgniter->handleRequest(NULL, Object(Config\Cache), false)
#9 C:\laragon\www\laminsufinal\laminsu\backend\public\index.php(88): CodeIgniter\CodeIgniter->run()
#10 C:\laragon\www\laminsufinal\laminsu\backend\system\Commands\Server\rewrite.php(47): require_once('C:\\laragon\\www\\...')
#11 {main}
CRITICAL - 2023-11-22 15:22:55 --> Unable to connect to the database.
Main connection [MySQLi]: No connection could be made because the target machine actively refused it.

in SYSTEMPATH\Database\BaseConnection.php on line 428.
 1 SYSTEMPATH\Database\BaseConnection.php(575): CodeIgniter\Database\BaseConnection->initialize()
 2 SYSTEMPATH\Database\BaseBuilder.php(1615): CodeIgniter\Database\BaseConnection->query('SELECT *
FROM `users`
WHERE `email` = :email:
 LIMIT 1', [...], false)
 3 SYSTEMPATH\Model.php(264): CodeIgniter\Database\BaseBuilder->get()
 4 SYSTEMPATH\BaseModel.php(662): CodeIgniter\Model->doFirst()
 5 APPPATH\Controllers\MainController.php(63): CodeIgniter\BaseModel->first()
 6 SYSTEMPATH\CodeIgniter.php(942): App\Controllers\MainController->register()
 7 SYSTEMPATH\CodeIgniter.php(502): CodeIgniter\CodeIgniter->runController(Object(App\Controllers\MainController))
 8 SYSTEMPATH\CodeIgniter.php(361): CodeIgniter\CodeIgniter->handleRequest(null, Object(Config\Cache), false)
 9 FCPATH\index.php(88): CodeIgniter\CodeIgniter->run()
10 SYSTEMPATH\Commands\Server\rewrite.php(47): require_once('C:\\laragon\\www\\laminsufinal\\laminsu\\backend\\public\\index.php')
ERROR - 2023-11-22 15:22:59 --> Error connecting to the database: mysqli_sql_exception: No connection could be made because the target machine actively refused it.
 in C:\laragon\www\laminsufinal\laminsu\backend\system\Database\MySQLi\Connection.php:185
Stack trace:
#0 C:\laragon\www\laminsufinal\laminsu\backend\system\Database\MySQLi\Connection.php(185): mysqli->real_connect('localhost', 'root', '', 'dblaminsu', 3306, '', 0)
#1 C:\laragon\www\laminsufinal\laminsu\backend\system\Database\BaseConnection.php(392): CodeIgniter\Database\MySQLi\Connection->connect(false)
#2 C:\laragon\www\laminsufinal\laminsu\backend\system\Database\BaseConnection.php(575): CodeIgniter\Database\BaseConnection->initialize()
#3 C:\laragon\www\laminsufinal\laminsu\backend\system\Database\BaseBuilder.php(1615): CodeIgniter\Database\BaseConnection->query('SELECT *\nFROM `...', Array, false)
#4 C:\laragon\www\laminsufinal\laminsu\backend\system\Model.php(264): CodeIgniter\Database\BaseBuilder->get()
#5 C:\laragon\www\laminsufinal\laminsu\backend\system\BaseModel.php(662): CodeIgniter\Model->doFirst()
#6 C:\laragon\www\laminsufinal\laminsu\backend\app\Controllers\MainController.php(63): CodeIgniter\BaseModel->first()
#7 C:\laragon\www\laminsufinal\laminsu\backend\system\CodeIgniter.php(942): App\Controllers\MainController->register()
#8 C:\laragon\www\laminsufinal\laminsu\backend\system\CodeIgniter.php(502): CodeIgniter\CodeIgniter->runController(Object(App\Controllers\MainController))
#9 C:\laragon\www\laminsufinal\laminsu\backend\system\CodeIgniter.php(361): CodeIgniter\CodeIgniter->handleRequest(NULL, Object(Config\Cache), false)
#10 C:\laragon\www\laminsufinal\laminsu\backend\public\index.php(88): CodeIgniter\CodeIgniter->run()
#11 C:\laragon\www\laminsufinal\laminsu\backend\system\Commands\Server\rewrite.php(47): require_once('C:\\laragon\\www\\...')
#12 {main}

Next CodeIgniter\Database\Exceptions\DatabaseException: No connection could be made because the target machine actively refused it.
 in C:\laragon\www\laminsufinal\laminsu\backend\system\Database\MySQLi\Connection.php:229
Stack trace:
#0 C:\laragon\www\laminsufinal\laminsu\backend\system\Database\BaseConnection.php(392): CodeIgniter\Database\MySQLi\Connection->connect(false)
#1 C:\laragon\www\laminsufinal\laminsu\backend\system\Database\BaseConnection.php(575): CodeIgniter\Database\BaseConnection->initialize()
#2 C:\laragon\www\laminsufinal\laminsu\backend\system\Database\BaseBuilder.php(1615): CodeIgniter\Database\BaseConnection->query('SELECT *\nFROM `...', Array, false)
#3 C:\laragon\www\laminsufinal\laminsu\backend\system\Model.php(264): CodeIgniter\Database\BaseBuilder->get()
#4 C:\laragon\www\laminsufinal\laminsu\backend\system\BaseModel.php(662): CodeIgniter\Model->doFirst()
#5 C:\laragon\www\laminsufinal\laminsu\backend\app\Controllers\MainController.php(63): CodeIgniter\BaseModel->first()
#6 C:\laragon\www\laminsufinal\laminsu\backend\system\CodeIgniter.php(942): App\Controllers\MainController->register()
#7 C:\laragon\www\laminsufinal\laminsu\backend\system\CodeIgniter.php(502): CodeIgniter\CodeIgniter->runController(Object(App\Controllers\MainController))
#8 C:\laragon\www\laminsufinal\laminsu\backend\system\CodeIgniter.php(361): CodeIgniter\CodeIgniter->handleRequest(NULL, Object(Config\Cache), false)
#9 C:\laragon\www\laminsufinal\laminsu\backend\public\index.php(88): CodeIgniter\CodeIgniter->run()
#10 C:\laragon\www\laminsufinal\laminsu\backend\system\Commands\Server\rewrite.php(47): require_once('C:\\laragon\\www\\...')
#11 {main}
CRITICAL - 2023-11-22 15:22:59 --> Unable to connect to the database.
Main connection [MySQLi]: No connection could be made because the target machine actively refused it.

in SYSTEMPATH\Database\BaseConnection.php on line 428.
 1 SYSTEMPATH\Database\BaseConnection.php(575): CodeIgniter\Database\BaseConnection->initialize()
 2 SYSTEMPATH\Database\BaseBuilder.php(1615): CodeIgniter\Database\BaseConnection->query('SELECT *
FROM `users`
WHERE `email` = :email:
 LIMIT 1', [...], false)
 3 SYSTEMPATH\Model.php(264): CodeIgniter\Database\BaseBuilder->get()
 4 SYSTEMPATH\BaseModel.php(662): CodeIgniter\Model->doFirst()
 5 APPPATH\Controllers\MainController.php(63): CodeIgniter\BaseModel->first()
 6 SYSTEMPATH\CodeIgniter.php(942): App\Controllers\MainController->register()
 7 SYSTEMPATH\CodeIgniter.php(502): CodeIgniter\CodeIgniter->runController(Object(App\Controllers\MainController))
 8 SYSTEMPATH\CodeIgniter.php(361): CodeIgniter\CodeIgniter->handleRequest(null, Object(Config\Cache), false)
 9 FCPATH\index.php(88): CodeIgniter\CodeIgniter->run()
10 SYSTEMPATH\Commands\Server\rewrite.php(47): require_once('C:\\laragon\\www\\laminsufinal\\laminsu\\backend\\public\\index.php')
ERROR - 2023-11-22 15:23:04 --> Error connecting to the database: mysqli_sql_exception: No connection could be made because the target machine actively refused it.
 in C:\laragon\www\laminsufinal\laminsu\backend\system\Database\MySQLi\Connection.php:185
Stack trace:
#0 C:\laragon\www\laminsufinal\laminsu\backend\system\Database\MySQLi\Connection.php(185): mysqli->real_connect('localhost', 'root', '', 'dblaminsu', 3306, '', 0)
#1 C:\laragon\www\laminsufinal\laminsu\backend\system\Database\BaseConnection.php(392): CodeIgniter\Database\MySQLi\Connection->connect(false)
#2 C:\laragon\www\laminsufinal\laminsu\backend\system\Database\BaseConnection.php(575): CodeIgniter\Database\BaseConnection->initialize()
#3 C:\laragon\www\laminsufinal\laminsu\backend\system\Database\BaseBuilder.php(1615): CodeIgniter\Database\BaseConnection->query('SELECT *\nFROM `...', Array, false)
#4 C:\laragon\www\laminsufinal\laminsu\backend\system\Model.php(264): CodeIgniter\Database\BaseBuilder->get()
#5 C:\laragon\www\laminsufinal\laminsu\backend\system\BaseModel.php(662): CodeIgniter\Model->doFirst()
#6 C:\laragon\www\laminsufinal\laminsu\backend\app\Controllers\MainController.php(63): CodeIgniter\BaseModel->first()
#7 C:\laragon\www\laminsufinal\laminsu\backend\system\CodeIgniter.php(942): App\Controllers\MainController->register()
#8 C:\laragon\www\laminsufinal\laminsu\backend\system\CodeIgniter.php(502): CodeIgniter\CodeIgniter->runController(Object(App\Controllers\MainController))
#9 C:\laragon\www\laminsufinal\laminsu\backend\system\CodeIgniter.php(361): CodeIgniter\CodeIgniter->handleRequest(NULL, Object(Config\Cache), false)
#10 C:\laragon\www\laminsufinal\laminsu\backend\public\index.php(88): CodeIgniter\CodeIgniter->run()
#11 C:\laragon\www\laminsufinal\laminsu\backend\system\Commands\Server\rewrite.php(47): require_once('C:\\laragon\\www\\...')
#12 {main}

Next CodeIgniter\Database\Exceptions\DatabaseException: No connection could be made because the target machine actively refused it.
 in C:\laragon\www\laminsufinal\laminsu\backend\system\Database\MySQLi\Connection.php:229
Stack trace:
#0 C:\laragon\www\laminsufinal\laminsu\backend\system\Database\BaseConnection.php(392): CodeIgniter\Database\MySQLi\Connection->connect(false)
#1 C:\laragon\www\laminsufinal\laminsu\backend\system\Database\BaseConnection.php(575): CodeIgniter\Database\BaseConnection->initialize()
#2 C:\laragon\www\laminsufinal\laminsu\backend\system\Database\BaseBuilder.php(1615): CodeIgniter\Database\BaseConnection->query('SELECT *\nFROM `...', Array, false)
#3 C:\laragon\www\laminsufinal\laminsu\backend\system\Model.php(264): CodeIgniter\Database\BaseBuilder->get()
#4 C:\laragon\www\laminsufinal\laminsu\backend\system\BaseModel.php(662): CodeIgniter\Model->doFirst()
#5 C:\laragon\www\laminsufinal\laminsu\backend\app\Controllers\MainController.php(63): CodeIgniter\BaseModel->first()
#6 C:\laragon\www\laminsufinal\laminsu\backend\system\CodeIgniter.php(942): App\Controllers\MainController->register()
#7 C:\laragon\www\laminsufinal\laminsu\backend\system\CodeIgniter.php(502): CodeIgniter\CodeIgniter->runController(Object(App\Controllers\MainController))
#8 C:\laragon\www\laminsufinal\laminsu\backend\system\CodeIgniter.php(361): CodeIgniter\CodeIgniter->handleRequest(NULL, Object(Config\Cache), false)
#9 C:\laragon\www\laminsufinal\laminsu\backend\public\index.php(88): CodeIgniter\CodeIgniter->run()
#10 C:\laragon\www\laminsufinal\laminsu\backend\system\Commands\Server\rewrite.php(47): require_once('C:\\laragon\\www\\...')
#11 {main}
CRITICAL - 2023-11-22 15:23:04 --> Unable to connect to the database.
Main connection [MySQLi]: No connection could be made because the target machine actively refused it.

in SYSTEMPATH\Database\BaseConnection.php on line 428.
 1 SYSTEMPATH\Database\BaseConnection.php(575): CodeIgniter\Database\BaseConnection->initialize()
 2 SYSTEMPATH\Database\BaseBuilder.php(1615): CodeIgniter\Database\BaseConnection->query('SELECT *
FROM `users`
WHERE `email` = :email:
 LIMIT 1', [...], false)
 3 SYSTEMPATH\Model.php(264): CodeIgniter\Database\BaseBuilder->get()
 4 SYSTEMPATH\BaseModel.php(662): CodeIgniter\Model->doFirst()
 5 APPPATH\Controllers\MainController.php(63): CodeIgniter\BaseModel->first()
 6 SYSTEMPATH\CodeIgniter.php(942): App\Controllers\MainController->register()
 7 SYSTEMPATH\CodeIgniter.php(502): CodeIgniter\CodeIgniter->runController(Object(App\Controllers\MainController))
 8 SYSTEMPATH\CodeIgniter.php(361): CodeIgniter\CodeIgniter->handleRequest(null, Object(Config\Cache), false)
 9 FCPATH\index.php(88): CodeIgniter\CodeIgniter->run()
10 SYSTEMPATH\Commands\Server\rewrite.php(47): require_once('C:\\laragon\\www\\laminsufinal\\laminsu\\backend\\public\\index.php')
ERROR - 2023-11-22 15:23:08 --> Error connecting to the database: mysqli_sql_exception: No connection could be made because the target machine actively refused it.
 in C:\laragon\www\laminsufinal\laminsu\backend\system\Database\MySQLi\Connection.php:185
Stack trace:
#0 C:\laragon\www\laminsufinal\laminsu\backend\system\Database\MySQLi\Connection.php(185): mysqli->real_connect('localhost', 'root', '', 'dblaminsu', 3306, '', 0)
#1 C:\laragon\www\laminsufinal\laminsu\backend\system\Database\BaseConnection.php(392): CodeIgniter\Database\MySQLi\Connection->connect(false)
#2 C:\laragon\www\laminsufinal\laminsu\backend\system\Database\BaseConnection.php(575): CodeIgniter\Database\BaseConnection->initialize()
#3 C:\laragon\www\laminsufinal\laminsu\backend\system\Database\BaseBuilder.php(1615): CodeIgniter\Database\BaseConnection->query('SELECT *\nFROM `...', Array, false)
#4 C:\laragon\www\laminsufinal\laminsu\backend\system\Model.php(264): CodeIgniter\Database\BaseBuilder->get()
#5 C:\laragon\www\laminsufinal\laminsu\backend\system\BaseModel.php(662): CodeIgniter\Model->doFirst()
#6 C:\laragon\www\laminsufinal\laminsu\backend\app\Controllers\MainController.php(63): CodeIgniter\BaseModel->first()
#7 C:\laragon\www\laminsufinal\laminsu\backend\system\CodeIgniter.php(942): App\Controllers\MainController->register()
#8 C:\laragon\www\laminsufinal\laminsu\backend\system\CodeIgniter.php(502): CodeIgniter\CodeIgniter->runController(Object(App\Controllers\MainController))
#9 C:\laragon\www\laminsufinal\laminsu\backend\system\CodeIgniter.php(361): CodeIgniter\CodeIgniter->handleRequest(NULL, Object(Config\Cache), false)
#10 C:\laragon\www\laminsufinal\laminsu\backend\public\index.php(88): CodeIgniter\CodeIgniter->run()
#11 C:\laragon\www\laminsufinal\laminsu\backend\system\Commands\Server\rewrite.php(47): require_once('C:\\laragon\\www\\...')
#12 {main}

Next CodeIgniter\Database\Exceptions\DatabaseException: No connection could be made because the target machine actively refused it.
 in C:\laragon\www\laminsufinal\laminsu\backend\system\Database\MySQLi\Connection.php:229
Stack trace:
#0 C:\laragon\www\laminsufinal\laminsu\backend\system\Database\BaseConnection.php(392): CodeIgniter\Database\MySQLi\Connection->connect(false)
#1 C:\laragon\www\laminsufinal\laminsu\backend\system\Database\BaseConnection.php(575): CodeIgniter\Database\BaseConnection->initialize()
#2 C:\laragon\www\laminsufinal\laminsu\backend\system\Database\BaseBuilder.php(1615): CodeIgniter\Database\BaseConnection->query('SELECT *\nFROM `...', Array, false)
#3 C:\laragon\www\laminsufinal\laminsu\backend\system\Model.php(264): CodeIgniter\Database\BaseBuilder->get()
#4 C:\laragon\www\laminsufinal\laminsu\backend\system\BaseModel.php(662): CodeIgniter\Model->doFirst()
#5 C:\laragon\www\laminsufinal\laminsu\backend\app\Controllers\MainController.php(63): CodeIgniter\BaseModel->first()
#6 C:\laragon\www\laminsufinal\laminsu\backend\system\CodeIgniter.php(942): App\Controllers\MainController->register()
#7 C:\laragon\www\laminsufinal\laminsu\backend\system\CodeIgniter.php(502): CodeIgniter\CodeIgniter->runController(Object(App\Controllers\MainController))
#8 C:\laragon\www\laminsufinal\laminsu\backend\system\CodeIgniter.php(361): CodeIgniter\CodeIgniter->handleRequest(NULL, Object(Config\Cache), false)
#9 C:\laragon\www\laminsufinal\laminsu\backend\public\index.php(88): CodeIgniter\CodeIgniter->run()
#10 C:\laragon\www\laminsufinal\laminsu\backend\system\Commands\Server\rewrite.php(47): require_once('C:\\laragon\\www\\...')
#11 {main}
CRITICAL - 2023-11-22 15:23:08 --> Unable to connect to the database.
Main connection [MySQLi]: No connection could be made because the target machine actively refused it.

in SYSTEMPATH\Database\BaseConnection.php on line 428.
 1 SYSTEMPATH\Database\BaseConnection.php(575): CodeIgniter\Database\BaseConnection->initialize()
 2 SYSTEMPATH\Database\BaseBuilder.php(1615): CodeIgniter\Database\BaseConnection->query('SELECT *
FROM `users`
WHERE `email` = :email:
 LIMIT 1', [...], false)
 3 SYSTEMPATH\Model.php(264): CodeIgniter\Database\BaseBuilder->get()
 4 SYSTEMPATH\BaseModel.php(662): CodeIgniter\Model->doFirst()
 5 APPPATH\Controllers\MainController.php(63): CodeIgniter\BaseModel->first()
 6 SYSTEMPATH\CodeIgniter.php(942): App\Controllers\MainController->register()
 7 SYSTEMPATH\CodeIgniter.php(502): CodeIgniter\CodeIgniter->runController(Object(App\Controllers\MainController))
 8 SYSTEMPATH\CodeIgniter.php(361): CodeIgniter\CodeIgniter->handleRequest(null, Object(Config\Cache), false)
 9 FCPATH\index.php(88): CodeIgniter\CodeIgniter->run()
10 SYSTEMPATH\Commands\Server\rewrite.php(47): require_once('C:\\laragon\\www\\laminsufinal\\laminsu\\backend\\public\\index.php')
ERROR - 2023-11-22 15:23:12 --> Error connecting to the database: mysqli_sql_exception: No connection could be made because the target machine actively refused it.
 in C:\laragon\www\laminsufinal\laminsu\backend\system\Database\MySQLi\Connection.php:185
Stack trace:
#0 C:\laragon\www\laminsufinal\laminsu\backend\system\Database\MySQLi\Connection.php(185): mysqli->real_connect('localhost', 'root', '', 'dblaminsu', 3306, '', 0)
#1 C:\laragon\www\laminsufinal\laminsu\backend\system\Database\BaseConnection.php(392): CodeIgniter\Database\MySQLi\Connection->connect(false)
#2 C:\laragon\www\laminsufinal\laminsu\backend\system\Database\BaseConnection.php(575): CodeIgniter\Database\BaseConnection->initialize()
#3 C:\laragon\www\laminsufinal\laminsu\backend\system\Database\BaseBuilder.php(1615): CodeIgniter\Database\BaseConnection->query('SELECT *\nFROM `...', Array, false)
#4 C:\laragon\www\laminsufinal\laminsu\backend\system\Model.php(264): CodeIgniter\Database\BaseBuilder->get()
#5 C:\laragon\www\laminsufinal\laminsu\backend\system\BaseModel.php(662): CodeIgniter\Model->doFirst()
#6 C:\laragon\www\laminsufinal\laminsu\backend\app\Controllers\MainController.php(63): CodeIgniter\BaseModel->first()
#7 C:\laragon\www\laminsufinal\laminsu\backend\system\CodeIgniter.php(942): App\Controllers\MainController->register()
#8 C:\laragon\www\laminsufinal\laminsu\backend\system\CodeIgniter.php(502): CodeIgniter\CodeIgniter->runController(Object(App\Controllers\MainController))
#9 C:\laragon\www\laminsufinal\laminsu\backend\system\CodeIgniter.php(361): CodeIgniter\CodeIgniter->handleRequest(NULL, Object(Config\Cache), false)
#10 C:\laragon\www\laminsufinal\laminsu\backend\public\index.php(88): CodeIgniter\CodeIgniter->run()
#11 C:\laragon\www\laminsufinal\laminsu\backend\system\Commands\Server\rewrite.php(47): require_once('C:\\laragon\\www\\...')
#12 {main}

Next CodeIgniter\Database\Exceptions\DatabaseException: No connection could be made because the target machine actively refused it.
 in C:\laragon\www\laminsufinal\laminsu\backend\system\Database\MySQLi\Connection.php:229
Stack trace:
#0 C:\laragon\www\laminsufinal\laminsu\backend\system\Database\BaseConnection.php(392): CodeIgniter\Database\MySQLi\Connection->connect(false)
#1 C:\laragon\www\laminsufinal\laminsu\backend\system\Database\BaseConnection.php(575): CodeIgniter\Database\BaseConnection->initialize()
#2 C:\laragon\www\laminsufinal\laminsu\backend\system\Database\BaseBuilder.php(1615): CodeIgniter\Database\BaseConnection->query('SELECT *\nFROM `...', Array, false)
#3 C:\laragon\www\laminsufinal\laminsu\backend\system\Model.php(264): CodeIgniter\Database\BaseBuilder->get()
#4 C:\laragon\www\laminsufinal\laminsu\backend\system\BaseModel.php(662): CodeIgniter\Model->doFirst()
#5 C:\laragon\www\laminsufinal\laminsu\backend\app\Controllers\MainController.php(63): CodeIgniter\BaseModel->first()
#6 C:\laragon\www\laminsufinal\laminsu\backend\system\CodeIgniter.php(942): App\Controllers\MainController->register()
#7 C:\laragon\www\laminsufinal\laminsu\backend\system\CodeIgniter.php(502): CodeIgniter\CodeIgniter->runController(Object(App\Controllers\MainController))
#8 C:\laragon\www\laminsufinal\laminsu\backend\system\CodeIgniter.php(361): CodeIgniter\CodeIgniter->handleRequest(NULL, Object(Config\Cache), false)
#9 C:\laragon\www\laminsufinal\laminsu\backend\public\index.php(88): CodeIgniter\CodeIgniter->run()
#10 C:\laragon\www\laminsufinal\laminsu\backend\system\Commands\Server\rewrite.php(47): require_once('C:\\laragon\\www\\...')
#11 {main}
CRITICAL - 2023-11-22 15:23:12 --> Unable to connect to the database.
Main connection [MySQLi]: No connection could be made because the target machine actively refused it.

in SYSTEMPATH\Database\BaseConnection.php on line 428.
 1 SYSTEMPATH\Database\BaseConnection.php(575): CodeIgniter\Database\BaseConnection->initialize()
 2 SYSTEMPATH\Database\BaseBuilder.php(1615): CodeIgniter\Database\BaseConnection->query('SELECT *
FROM `users`
WHERE `email` = :email:
 LIMIT 1', [...], false)
 3 SYSTEMPATH\Model.php(264): CodeIgniter\Database\BaseBuilder->get()
 4 SYSTEMPATH\BaseModel.php(662): CodeIgniter\Model->doFirst()
 5 APPPATH\Controllers\MainController.php(63): CodeIgniter\BaseModel->first()
 6 SYSTEMPATH\CodeIgniter.php(942): App\Controllers\MainController->register()
 7 SYSTEMPATH\CodeIgniter.php(502): CodeIgniter\CodeIgniter->runController(Object(App\Controllers\MainController))
 8 SYSTEMPATH\CodeIgniter.php(361): CodeIgniter\CodeIgniter->handleRequest(null, Object(Config\Cache), false)
 9 FCPATH\index.php(88): CodeIgniter\CodeIgniter->run()
10 SYSTEMPATH\Commands\Server\rewrite.php(47): require_once('C:\\laragon\\www\\laminsufinal\\laminsu\\backend\\public\\index.php')
ERROR - 2023-11-22 15:23:16 --> Error connecting to the database: mysqli_sql_exception: No connection could be made because the target machine actively refused it.
 in C:\laragon\www\laminsufinal\laminsu\backend\system\Database\MySQLi\Connection.php:185
Stack trace:
#0 C:\laragon\www\laminsufinal\laminsu\backend\system\Database\MySQLi\Connection.php(185): mysqli->real_connect('localhost', 'root', '', 'dblaminsu', 3306, '', 0)
#1 C:\laragon\www\laminsufinal\laminsu\backend\system\Database\BaseConnection.php(392): CodeIgniter\Database\MySQLi\Connection->connect(false)
#2 C:\laragon\www\laminsufinal\laminsu\backend\system\Database\BaseConnection.php(575): CodeIgniter\Database\BaseConnection->initialize()
#3 C:\laragon\www\laminsufinal\laminsu\backend\system\Database\BaseBuilder.php(1615): CodeIgniter\Database\BaseConnection->query('SELECT *\nFROM `...', Array, false)
#4 C:\laragon\www\laminsufinal\laminsu\backend\system\Model.php(264): CodeIgniter\Database\BaseBuilder->get()
#5 C:\laragon\www\laminsufinal\laminsu\backend\system\BaseModel.php(662): CodeIgniter\Model->doFirst()
#6 C:\laragon\www\laminsufinal\laminsu\backend\app\Controllers\MainController.php(63): CodeIgniter\BaseModel->first()
#7 C:\laragon\www\laminsufinal\laminsu\backend\system\CodeIgniter.php(942): App\Controllers\MainController->register()
#8 C:\laragon\www\laminsufinal\laminsu\backend\system\CodeIgniter.php(502): CodeIgniter\CodeIgniter->runController(Object(App\Controllers\MainController))
#9 C:\laragon\www\laminsufinal\laminsu\backend\system\CodeIgniter.php(361): CodeIgniter\CodeIgniter->handleRequest(NULL, Object(Config\Cache), false)
#10 C:\laragon\www\laminsufinal\laminsu\backend\public\index.php(88): CodeIgniter\CodeIgniter->run()
#11 C:\laragon\www\laminsufinal\laminsu\backend\system\Commands\Server\rewrite.php(47): require_once('C:\\laragon\\www\\...')
#12 {main}

Next CodeIgniter\Database\Exceptions\DatabaseException: No connection could be made because the target machine actively refused it.
 in C:\laragon\www\laminsufinal\laminsu\backend\system\Database\MySQLi\Connection.php:229
Stack trace:
#0 C:\laragon\www\laminsufinal\laminsu\backend\system\Database\BaseConnection.php(392): CodeIgniter\Database\MySQLi\Connection->connect(false)
#1 C:\laragon\www\laminsufinal\laminsu\backend\system\Database\BaseConnection.php(575): CodeIgniter\Database\BaseConnection->initialize()
#2 C:\laragon\www\laminsufinal\laminsu\backend\system\Database\BaseBuilder.php(1615): CodeIgniter\Database\BaseConnection->query('SELECT *\nFROM `...', Array, false)
#3 C:\laragon\www\laminsufinal\laminsu\backend\system\Model.php(264): CodeIgniter\Database\BaseBuilder->get()
#4 C:\laragon\www\laminsufinal\laminsu\backend\system\BaseModel.php(662): CodeIgniter\Model->doFirst()
#5 C:\laragon\www\laminsufinal\laminsu\backend\app\Controllers\MainController.php(63): CodeIgniter\BaseModel->first()
#6 C:\laragon\www\laminsufinal\laminsu\backend\system\CodeIgniter.php(942): App\Controllers\MainController->register()
#7 C:\laragon\www\laminsufinal\laminsu\backend\system\CodeIgniter.php(502): CodeIgniter\CodeIgniter->runController(Object(App\Controllers\MainController))
#8 C:\laragon\www\laminsufinal\laminsu\backend\system\CodeIgniter.php(361): CodeIgniter\CodeIgniter->handleRequest(NULL, Object(Config\Cache), false)
#9 C:\laragon\www\laminsufinal\laminsu\backend\public\index.php(88): CodeIgniter\CodeIgniter->run()
#10 C:\laragon\www\laminsufinal\laminsu\backend\system\Commands\Server\rewrite.php(47): require_once('C:\\laragon\\www\\...')
#11 {main}
CRITICAL - 2023-11-22 15:23:16 --> Unable to connect to the database.
Main connection [MySQLi]: No connection could be made because the target machine actively refused it.

in SYSTEMPATH\Database\BaseConnection.php on line 428.
 1 SYSTEMPATH\Database\BaseConnection.php(575): CodeIgniter\Database\BaseConnection->initialize()
 2 SYSTEMPATH\Database\BaseBuilder.php(1615): CodeIgniter\Database\BaseConnection->query('SELECT *
FROM `users`
WHERE `email` = :email:
 LIMIT 1', [...], false)
 3 SYSTEMPATH\Model.php(264): CodeIgniter\Database\BaseBuilder->get()
 4 SYSTEMPATH\BaseModel.php(662): CodeIgniter\Model->doFirst()
 5 APPPATH\Controllers\MainController.php(63): CodeIgniter\BaseModel->first()
 6 SYSTEMPATH\CodeIgniter.php(942): App\Controllers\MainController->register()
 7 SYSTEMPATH\CodeIgniter.php(502): CodeIgniter\CodeIgniter->runController(Object(App\Controllers\MainController))
 8 SYSTEMPATH\CodeIgniter.php(361): CodeIgniter\CodeIgniter->handleRequest(null, Object(Config\Cache), false)
 9 FCPATH\index.php(88): CodeIgniter\CodeIgniter->run()
10 SYSTEMPATH\Commands\Server\rewrite.php(47): require_once('C:\\laragon\\www\\laminsufinal\\laminsu\\backend\\public\\index.php')
ERROR - 2023-11-22 15:23:20 --> Error connecting to the database: mysqli_sql_exception: No connection could be made because the target machine actively refused it.
 in C:\laragon\www\laminsufinal\laminsu\backend\system\Database\MySQLi\Connection.php:185
Stack trace:
#0 C:\laragon\www\laminsufinal\laminsu\backend\system\Database\MySQLi\Connection.php(185): mysqli->real_connect('localhost', 'root', '', 'dblaminsu', 3306, '', 0)
#1 C:\laragon\www\laminsufinal\laminsu\backend\system\Database\BaseConnection.php(392): CodeIgniter\Database\MySQLi\Connection->connect(false)
#2 C:\laragon\www\laminsufinal\laminsu\backend\system\Database\BaseConnection.php(575): CodeIgniter\Database\BaseConnection->initialize()
#3 C:\laragon\www\laminsufinal\laminsu\backend\system\Database\BaseBuilder.php(1615): CodeIgniter\Database\BaseConnection->query('SELECT *\nFROM `...', Array, false)
#4 C:\laragon\www\laminsufinal\laminsu\backend\system\Model.php(264): CodeIgniter\Database\BaseBuilder->get()
#5 C:\laragon\www\laminsufinal\laminsu\backend\system\BaseModel.php(662): CodeIgniter\Model->doFirst()
#6 C:\laragon\www\laminsufinal\laminsu\backend\app\Controllers\MainController.php(63): CodeIgniter\BaseModel->first()
#7 C:\laragon\www\laminsufinal\laminsu\backend\system\CodeIgniter.php(942): App\Controllers\MainController->register()
#8 C:\laragon\www\laminsufinal\laminsu\backend\system\CodeIgniter.php(502): CodeIgniter\CodeIgniter->runController(Object(App\Controllers\MainController))
#9 C:\laragon\www\laminsufinal\laminsu\backend\system\CodeIgniter.php(361): CodeIgniter\CodeIgniter->handleRequest(NULL, Object(Config\Cache), false)
#10 C:\laragon\www\laminsufinal\laminsu\backend\public\index.php(88): CodeIgniter\CodeIgniter->run()
#11 C:\laragon\www\laminsufinal\laminsu\backend\system\Commands\Server\rewrite.php(47): require_once('C:\\laragon\\www\\...')
#12 {main}

Next CodeIgniter\Database\Exceptions\DatabaseException: No connection could be made because the target machine actively refused it.
 in C:\laragon\www\laminsufinal\laminsu\backend\system\Database\MySQLi\Connection.php:229
Stack trace:
#0 C:\laragon\www\laminsufinal\laminsu\backend\system\Database\BaseConnection.php(392): CodeIgniter\Database\MySQLi\Connection->connect(false)
#1 C:\laragon\www\laminsufinal\laminsu\backend\system\Database\BaseConnection.php(575): CodeIgniter\Database\BaseConnection->initialize()
#2 C:\laragon\www\laminsufinal\laminsu\backend\system\Database\BaseBuilder.php(1615): CodeIgniter\Database\BaseConnection->query('SELECT *\nFROM `...', Array, false)
#3 C:\laragon\www\laminsufinal\laminsu\backend\system\Model.php(264): CodeIgniter\Database\BaseBuilder->get()
#4 C:\laragon\www\laminsufinal\laminsu\backend\system\BaseModel.php(662): CodeIgniter\Model->doFirst()
#5 C:\laragon\www\laminsufinal\laminsu\backend\app\Controllers\MainController.php(63): CodeIgniter\BaseModel->first()
#6 C:\laragon\www\laminsufinal\laminsu\backend\system\CodeIgniter.php(942): App\Controllers\MainController->register()
#7 C:\laragon\www\laminsufinal\laminsu\backend\system\CodeIgniter.php(502): CodeIgniter\CodeIgniter->runController(Object(App\Controllers\MainController))
#8 C:\laragon\www\laminsufinal\laminsu\backend\system\CodeIgniter.php(361): CodeIgniter\CodeIgniter->handleRequest(NULL, Object(Config\Cache), false)
#9 C:\laragon\www\laminsufinal\laminsu\backend\public\index.php(88): CodeIgniter\CodeIgniter->run()
#10 C:\laragon\www\laminsufinal\laminsu\backend\system\Commands\Server\rewrite.php(47): require_once('C:\\laragon\\www\\...')
#11 {main}
CRITICAL - 2023-11-22 15:23:20 --> Unable to connect to the database.
Main connection [MySQLi]: No connection could be made because the target machine actively refused it.

in SYSTEMPATH\Database\BaseConnection.php on line 428.
 1 SYSTEMPATH\Database\BaseConnection.php(575): CodeIgniter\Database\BaseConnection->initialize()
 2 SYSTEMPATH\Database\BaseBuilder.php(1615): CodeIgniter\Database\BaseConnection->query('SELECT *
FROM `users`
WHERE `email` = :email:
 LIMIT 1', [...], false)
 3 SYSTEMPATH\Model.php(264): CodeIgniter\Database\BaseBuilder->get()
 4 SYSTEMPATH\BaseModel.php(662): CodeIgniter\Model->doFirst()
 5 APPPATH\Controllers\MainController.php(63): CodeIgniter\BaseModel->first()
 6 SYSTEMPATH\CodeIgniter.php(942): App\Controllers\MainController->register()
 7 SYSTEMPATH\CodeIgniter.php(502): CodeIgniter\CodeIgniter->runController(Object(App\Controllers\MainController))
 8 SYSTEMPATH\CodeIgniter.php(361): CodeIgniter\CodeIgniter->handleRequest(null, Object(Config\Cache), false)
 9 FCPATH\index.php(88): CodeIgniter\CodeIgniter->run()
10 SYSTEMPATH\Commands\Server\rewrite.php(47): require_once('C:\\laragon\\www\\laminsufinal\\laminsu\\backend\\public\\index.php')
ERROR - 2023-11-22 15:23:24 --> Error connecting to the database: mysqli_sql_exception: No connection could be made because the target machine actively refused it.
 in C:\laragon\www\laminsufinal\laminsu\backend\system\Database\MySQLi\Connection.php:185
Stack trace:
#0 C:\laragon\www\laminsufinal\laminsu\backend\system\Database\MySQLi\Connection.php(185): mysqli->real_connect('localhost', 'root', '', 'dblaminsu', 3306, '', 0)
#1 C:\laragon\www\laminsufinal\laminsu\backend\system\Database\BaseConnection.php(392): CodeIgniter\Database\MySQLi\Connection->connect(false)
#2 C:\laragon\www\laminsufinal\laminsu\backend\system\Database\BaseConnection.php(575): CodeIgniter\Database\BaseConnection->initialize()
#3 C:\laragon\www\laminsufinal\laminsu\backend\system\Database\BaseBuilder.php(1615): CodeIgniter\Database\BaseConnection->query('SELECT *\nFROM `...', Array, false)
#4 C:\laragon\www\laminsufinal\laminsu\backend\system\Model.php(264): CodeIgniter\Database\BaseBuilder->get()
#5 C:\laragon\www\laminsufinal\laminsu\backend\system\BaseModel.php(662): CodeIgniter\Model->doFirst()
#6 C:\laragon\www\laminsufinal\laminsu\backend\app\Controllers\MainController.php(63): CodeIgniter\BaseModel->first()
#7 C:\laragon\www\laminsufinal\laminsu\backend\system\CodeIgniter.php(942): App\Controllers\MainController->register()
#8 C:\laragon\www\laminsufinal\laminsu\backend\system\CodeIgniter.php(502): CodeIgniter\CodeIgniter->runController(Object(App\Controllers\MainController))
#9 C:\laragon\www\laminsufinal\laminsu\backend\system\CodeIgniter.php(361): CodeIgniter\CodeIgniter->handleRequest(NULL, Object(Config\Cache), false)
#10 C:\laragon\www\laminsufinal\laminsu\backend\public\index.php(88): CodeIgniter\CodeIgniter->run()
#11 C:\laragon\www\laminsufinal\laminsu\backend\system\Commands\Server\rewrite.php(47): require_once('C:\\laragon\\www\\...')
#12 {main}

Next CodeIgniter\Database\Exceptions\DatabaseException: No connection could be made because the target machine actively refused it.
 in C:\laragon\www\laminsufinal\laminsu\backend\system\Database\MySQLi\Connection.php:229
Stack trace:
#0 C:\laragon\www\laminsufinal\laminsu\backend\system\Database\BaseConnection.php(392): CodeIgniter\Database\MySQLi\Connection->connect(false)
#1 C:\laragon\www\laminsufinal\laminsu\backend\system\Database\BaseConnection.php(575): CodeIgniter\Database\BaseConnection->initialize()
#2 C:\laragon\www\laminsufinal\laminsu\backend\system\Database\BaseBuilder.php(1615): CodeIgniter\Database\BaseConnection->query('SELECT *\nFROM `...', Array, false)
#3 C:\laragon\www\laminsufinal\laminsu\backend\system\Model.php(264): CodeIgniter\Database\BaseBuilder->get()
#4 C:\laragon\www\laminsufinal\laminsu\backend\system\BaseModel.php(662): CodeIgniter\Model->doFirst()
#5 C:\laragon\www\laminsufinal\laminsu\backend\app\Controllers\MainController.php(63): CodeIgniter\BaseModel->first()
#6 C:\laragon\www\laminsufinal\laminsu\backend\system\CodeIgniter.php(942): App\Controllers\MainController->register()
#7 C:\laragon\www\laminsufinal\laminsu\backend\system\CodeIgniter.php(502): CodeIgniter\CodeIgniter->runController(Object(App\Controllers\MainController))
#8 C:\laragon\www\laminsufinal\laminsu\backend\system\CodeIgniter.php(361): CodeIgniter\CodeIgniter->handleRequest(NULL, Object(Config\Cache), false)
#9 C:\laragon\www\laminsufinal\laminsu\backend\public\index.php(88): CodeIgniter\CodeIgniter->run()
#10 C:\laragon\www\laminsufinal\laminsu\backend\system\Commands\Server\rewrite.php(47): require_once('C:\\laragon\\www\\...')
#11 {main}
CRITICAL - 2023-11-22 15:23:24 --> Unable to connect to the database.
Main connection [MySQLi]: No connection could be made because the target machine actively refused it.

in SYSTEMPATH\Database\BaseConnection.php on line 428.
 1 SYSTEMPATH\Database\BaseConnection.php(575): CodeIgniter\Database\BaseConnection->initialize()
 2 SYSTEMPATH\Database\BaseBuilder.php(1615): CodeIgniter\Database\BaseConnection->query('SELECT *
FROM `users`
WHERE `email` = :email:
 LIMIT 1', [...], false)
 3 SYSTEMPATH\Model.php(264): CodeIgniter\Database\BaseBuilder->get()
 4 SYSTEMPATH\BaseModel.php(662): CodeIgniter\Model->doFirst()
 5 APPPATH\Controllers\MainController.php(63): CodeIgniter\BaseModel->first()
 6 SYSTEMPATH\CodeIgniter.php(942): App\Controllers\MainController->register()
 7 SYSTEMPATH\CodeIgniter.php(502): CodeIgniter\CodeIgniter->runController(Object(App\Controllers\MainController))
 8 SYSTEMPATH\CodeIgniter.php(361): CodeIgniter\CodeIgniter->handleRequest(null, Object(Config\Cache), false)
 9 FCPATH\index.php(88): CodeIgniter\CodeIgniter->run()
10 SYSTEMPATH\Commands\Server\rewrite.php(47): require_once('C:\\laragon\\www\\laminsufinal\\laminsu\\backend\\public\\index.php')
ERROR - 2023-11-22 15:23:28 --> Error connecting to the database: mysqli_sql_exception: No connection could be made because the target machine actively refused it.
 in C:\laragon\www\laminsufinal\laminsu\backend\system\Database\MySQLi\Connection.php:185
Stack trace:
#0 C:\laragon\www\laminsufinal\laminsu\backend\system\Database\MySQLi\Connection.php(185): mysqli->real_connect('localhost', 'root', '', 'dblaminsu', 3306, '', 0)
#1 C:\laragon\www\laminsufinal\laminsu\backend\system\Database\BaseConnection.php(392): CodeIgniter\Database\MySQLi\Connection->connect(false)
#2 C:\laragon\www\laminsufinal\laminsu\backend\system\Database\BaseConnection.php(575): CodeIgniter\Database\BaseConnection->initialize()
#3 C:\laragon\www\laminsufinal\laminsu\backend\system\Database\BaseBuilder.php(1615): CodeIgniter\Database\BaseConnection->query('SELECT *\nFROM `...', Array, false)
#4 C:\laragon\www\laminsufinal\laminsu\backend\system\Model.php(264): CodeIgniter\Database\BaseBuilder->get()
#5 C:\laragon\www\laminsufinal\laminsu\backend\system\BaseModel.php(662): CodeIgniter\Model->doFirst()
#6 C:\laragon\www\laminsufinal\laminsu\backend\app\Controllers\MainController.php(63): CodeIgniter\BaseModel->first()
#7 C:\laragon\www\laminsufinal\laminsu\backend\system\CodeIgniter.php(942): App\Controllers\MainController->register()
#8 C:\laragon\www\laminsufinal\laminsu\backend\system\CodeIgniter.php(502): CodeIgniter\CodeIgniter->runController(Object(App\Controllers\MainController))
#9 C:\laragon\www\laminsufinal\laminsu\backend\system\CodeIgniter.php(361): CodeIgniter\CodeIgniter->handleRequest(NULL, Object(Config\Cache), false)
#10 C:\laragon\www\laminsufinal\laminsu\backend\public\index.php(88): CodeIgniter\CodeIgniter->run()
#11 C:\laragon\www\laminsufinal\laminsu\backend\system\Commands\Server\rewrite.php(47): require_once('C:\\laragon\\www\\...')
#12 {main}

Next CodeIgniter\Database\Exceptions\DatabaseException: No connection could be made because the target machine actively refused it.
 in C:\laragon\www\laminsufinal\laminsu\backend\system\Database\MySQLi\Connection.php:229
Stack trace:
#0 C:\laragon\www\laminsufinal\laminsu\backend\system\Database\BaseConnection.php(392): CodeIgniter\Database\MySQLi\Connection->connect(false)
#1 C:\laragon\www\laminsufinal\laminsu\backend\system\Database\BaseConnection.php(575): CodeIgniter\Database\BaseConnection->initialize()
#2 C:\laragon\www\laminsufinal\laminsu\backend\system\Database\BaseBuilder.php(1615): CodeIgniter\Database\BaseConnection->query('SELECT *\nFROM `...', Array, false)
#3 C:\laragon\www\laminsufinal\laminsu\backend\system\Model.php(264): CodeIgniter\Database\BaseBuilder->get()
#4 C:\laragon\www\laminsufinal\laminsu\backend\system\BaseModel.php(662): CodeIgniter\Model->doFirst()
#5 C:\laragon\www\laminsufinal\laminsu\backend\app\Controllers\MainController.php(63): CodeIgniter\BaseModel->first()
#6 C:\laragon\www\laminsufinal\laminsu\backend\system\CodeIgniter.php(942): App\Controllers\MainController->register()
#7 C:\laragon\www\laminsufinal\laminsu\backend\system\CodeIgniter.php(502): CodeIgniter\CodeIgniter->runController(Object(App\Controllers\MainController))
#8 C:\laragon\www\laminsufinal\laminsu\backend\system\CodeIgniter.php(361): CodeIgniter\CodeIgniter->handleRequest(NULL, Object(Config\Cache), false)
#9 C:\laragon\www\laminsufinal\laminsu\backend\public\index.php(88): CodeIgniter\CodeIgniter->run()
#10 C:\laragon\www\laminsufinal\laminsu\backend\system\Commands\Server\rewrite.php(47): require_once('C:\\laragon\\www\\...')
#11 {main}
CRITICAL - 2023-11-22 15:23:28 --> Unable to connect to the database.
Main connection [MySQLi]: No connection could be made because the target machine actively refused it.

in SYSTEMPATH\Database\BaseConnection.php on line 428.
 1 SYSTEMPATH\Database\BaseConnection.php(575): CodeIgniter\Database\BaseConnection->initialize()
 2 SYSTEMPATH\Database\BaseBuilder.php(1615): CodeIgniter\Database\BaseConnection->query('SELECT *
FROM `users`
WHERE `email` = :email:
 LIMIT 1', [...], false)
 3 SYSTEMPATH\Model.php(264): CodeIgniter\Database\BaseBuilder->get()
 4 SYSTEMPATH\BaseModel.php(662): CodeIgniter\Model->doFirst()
 5 APPPATH\Controllers\MainController.php(63): CodeIgniter\BaseModel->first()
 6 SYSTEMPATH\CodeIgniter.php(942): App\Controllers\MainController->register()
 7 SYSTEMPATH\CodeIgniter.php(502): CodeIgniter\CodeIgniter->runController(Object(App\Controllers\MainController))
 8 SYSTEMPATH\CodeIgniter.php(361): CodeIgniter\CodeIgniter->handleRequest(null, Object(Config\Cache), false)
 9 FCPATH\index.php(88): CodeIgniter\CodeIgniter->run()
10 SYSTEMPATH\Commands\Server\rewrite.php(47): require_once('C:\\laragon\\www\\laminsufinal\\laminsu\\backend\\public\\index.php')
ERROR - 2023-11-22 15:23:32 --> Error connecting to the database: mysqli_sql_exception: No connection could be made because the target machine actively refused it.
 in C:\laragon\www\laminsufinal\laminsu\backend\system\Database\MySQLi\Connection.php:185
Stack trace:
#0 C:\laragon\www\laminsufinal\laminsu\backend\system\Database\MySQLi\Connection.php(185): mysqli->real_connect('localhost', 'root', '', 'dblaminsu', 3306, '', 0)
#1 C:\laragon\www\laminsufinal\laminsu\backend\system\Database\BaseConnection.php(392): CodeIgniter\Database\MySQLi\Connection->connect(false)
#2 C:\laragon\www\laminsufinal\laminsu\backend\system\Database\BaseConnection.php(575): CodeIgniter\Database\BaseConnection->initialize()
#3 C:\laragon\www\laminsufinal\laminsu\backend\system\Database\BaseBuilder.php(1615): CodeIgniter\Database\BaseConnection->query('SELECT *\nFROM `...', Array, false)
#4 C:\laragon\www\laminsufinal\laminsu\backend\system\Model.php(264): CodeIgniter\Database\BaseBuilder->get()
#5 C:\laragon\www\laminsufinal\laminsu\backend\system\BaseModel.php(662): CodeIgniter\Model->doFirst()
#6 C:\laragon\www\laminsufinal\laminsu\backend\app\Controllers\MainController.php(63): CodeIgniter\BaseModel->first()
#7 C:\laragon\www\laminsufinal\laminsu\backend\system\CodeIgniter.php(942): App\Controllers\MainController->register()
#8 C:\laragon\www\laminsufinal\laminsu\backend\system\CodeIgniter.php(502): CodeIgniter\CodeIgniter->runController(Object(App\Controllers\MainController))
#9 C:\laragon\www\laminsufinal\laminsu\backend\system\CodeIgniter.php(361): CodeIgniter\CodeIgniter->handleRequest(NULL, Object(Config\Cache), false)
#10 C:\laragon\www\laminsufinal\laminsu\backend\public\index.php(88): CodeIgniter\CodeIgniter->run()
#11 C:\laragon\www\laminsufinal\laminsu\backend\system\Commands\Server\rewrite.php(47): require_once('C:\\laragon\\www\\...')
#12 {main}

Next CodeIgniter\Database\Exceptions\DatabaseException: No connection could be made because the target machine actively refused it.
 in C:\laragon\www\laminsufinal\laminsu\backend\system\Database\MySQLi\Connection.php:229
Stack trace:
#0 C:\laragon\www\laminsufinal\laminsu\backend\system\Database\BaseConnection.php(392): CodeIgniter\Database\MySQLi\Connection->connect(false)
#1 C:\laragon\www\laminsufinal\laminsu\backend\system\Database\BaseConnection.php(575): CodeIgniter\Database\BaseConnection->initialize()
#2 C:\laragon\www\laminsufinal\laminsu\backend\system\Database\BaseBuilder.php(1615): CodeIgniter\Database\BaseConnection->query('SELECT *\nFROM `...', Array, false)
#3 C:\laragon\www\laminsufinal\laminsu\backend\system\Model.php(264): CodeIgniter\Database\BaseBuilder->get()
#4 C:\laragon\www\laminsufinal\laminsu\backend\system\BaseModel.php(662): CodeIgniter\Model->doFirst()
#5 C:\laragon\www\laminsufinal\laminsu\backend\app\Controllers\MainController.php(63): CodeIgniter\BaseModel->first()
#6 C:\laragon\www\laminsufinal\laminsu\backend\system\CodeIgniter.php(942): App\Controllers\MainController->register()
#7 C:\laragon\www\laminsufinal\laminsu\backend\system\CodeIgniter.php(502): CodeIgniter\CodeIgniter->runController(Object(App\Controllers\MainController))
#8 C:\laragon\www\laminsufinal\laminsu\backend\system\CodeIgniter.php(361): CodeIgniter\CodeIgniter->handleRequest(NULL, Object(Config\Cache), false)
#9 C:\laragon\www\laminsufinal\laminsu\backend\public\index.php(88): CodeIgniter\CodeIgniter->run()
#10 C:\laragon\www\laminsufinal\laminsu\backend\system\Commands\Server\rewrite.php(47): require_once('C:\\laragon\\www\\...')
#11 {main}
CRITICAL - 2023-11-22 15:23:32 --> Unable to connect to the database.
Main connection [MySQLi]: No connection could be made because the target machine actively refused it.

in SYSTEMPATH\Database\BaseConnection.php on line 428.
 1 SYSTEMPATH\Database\BaseConnection.php(575): CodeIgniter\Database\BaseConnection->initialize()
 2 SYSTEMPATH\Database\BaseBuilder.php(1615): CodeIgniter\Database\BaseConnection->query('SELECT *
FROM `users`
WHERE `email` = :email:
 LIMIT 1', [...], false)
 3 SYSTEMPATH\Model.php(264): CodeIgniter\Database\BaseBuilder->get()
 4 SYSTEMPATH\BaseModel.php(662): CodeIgniter\Model->doFirst()
 5 APPPATH\Controllers\MainController.php(63): CodeIgniter\BaseModel->first()
 6 SYSTEMPATH\CodeIgniter.php(942): App\Controllers\MainController->register()
 7 SYSTEMPATH\CodeIgniter.php(502): CodeIgniter\CodeIgniter->runController(Object(App\Controllers\MainController))
 8 SYSTEMPATH\CodeIgniter.php(361): CodeIgniter\CodeIgniter->handleRequest(null, Object(Config\Cache), false)
 9 FCPATH\index.php(88): CodeIgniter\CodeIgniter->run()
10 SYSTEMPATH\Commands\Server\rewrite.php(47): require_once('C:\\laragon\\www\\laminsufinal\\laminsu\\backend\\public\\index.php')
